<?xml version="1.0" encoding="UTF-8"?>
<coverage generated="1505727866330" clover="3.2.0">
  <project timestamp="1505727866330" name="All files">
    <metrics statements="10182" coveredstatements="12" conditionals="10814" coveredconditionals="0" methods="3428" coveredmethods="3" elements="24424" coveredelements="15" complexity="0" loc="10182" ncloc="10182" packages="35" files="149" classes="149">
      <package name="app">
        <metrics statements="60" coveredstatements="0" conditionals="30" coveredconditionals="0" methods="38" coveredmethods="0"/>
        <file name="Router.jsx" path="/Users/yhtml5/projects/gits/YHTML5-Seed/apps/react-dashboard/app/Router.jsx">
          <metrics statements="25" coveredstatements="0" conditionals="4" coveredconditionals="0" methods="27" coveredmethods="0"/>
          <line num="1" count="0" type="stmt"/>
          <line num="2" count="0" type="stmt"/>
          <line num="3" count="0" type="stmt"/>
          <line num="4" count="0" type="stmt"/>
          <line num="5" count="0" type="stmt"/>
          <line num="6" count="0" type="stmt"/>
          <line num="7" count="0" type="stmt"/>
          <line num="8" count="0" type="cond" truecount="0" falsecount="4"/>
          <line num="20" count="0" type="stmt"/>
          <line num="21" count="0" type="stmt"/>
          <line num="22" count="0" type="stmt"/>
          <line num="23" count="0" type="stmt"/>
          <line num="24" count="0" type="stmt"/>
          <line num="25" count="0" type="stmt"/>
          <line num="26" count="0" type="stmt"/>
          <line num="27" count="0" type="stmt"/>
          <line num="28" count="0" type="stmt"/>
          <line num="29" count="0" type="stmt"/>
          <line num="30" count="0" type="stmt"/>
          <line num="31" count="0" type="stmt"/>
          <line num="33" count="0" type="stmt"/>
          <line num="34" count="0" type="stmt"/>
          <line num="40" count="0" type="stmt"/>
          <line num="42" count="0" type="stmt"/>
          <line num="68" count="0" type="stmt"/>
        </file>
        <file name="config.js" path="/Users/yhtml5/projects/gits/YHTML5-Seed/apps/react-dashboard/app/config.js">
          <metrics statements="21" coveredstatements="0" conditionals="18" coveredconditionals="0" methods="7" coveredmethods="0"/>
          <line num="1" count="0" type="stmt"/>
          <line num="2" count="0" type="stmt"/>
          <line num="3" count="0" type="stmt"/>
          <line num="125" count="0" type="stmt"/>
          <line num="127" count="0" type="stmt"/>
          <line num="128" count="0" type="cond" truecount="0" falsecount="2"/>
          <line num="129" count="0" type="stmt"/>
          <line num="132" count="0" type="stmt"/>
          <line num="137" count="0" type="stmt"/>
          <line num="138" count="0" type="stmt"/>
          <line num="139" count="0" type="stmt"/>
          <line num="140" count="0" type="cond" truecount="0" falsecount="4"/>
          <line num="143" count="0" type="cond" truecount="0" falsecount="2"/>
          <line num="144" count="0" type="stmt"/>
          <line num="145" count="0" type="cond" truecount="0" falsecount="2"/>
          <line num="146" count="0" type="stmt"/>
          <line num="148" count="0" type="stmt"/>
          <line num="153" count="0" type="stmt"/>
          <line num="154" count="0" type="cond" truecount="0" falsecount="2"/>
          <line num="157" count="0" type="stmt"/>
          <line num="159" count="0" type="stmt"/>
        </file>
        <file name="index.jsx" path="/Users/yhtml5/projects/gits/YHTML5-Seed/apps/react-dashboard/app/index.jsx">
          <metrics statements="14" coveredstatements="0" conditionals="8" coveredconditionals="0" methods="4" coveredmethods="0"/>
          <line num="1" count="0" type="stmt"/>
          <line num="2" count="0" type="stmt"/>
          <line num="3" count="0" type="stmt"/>
          <line num="4" count="0" type="stmt"/>
          <line num="5" count="0" type="cond" truecount="0" falsecount="4"/>
          <line num="7" count="0" type="stmt"/>
          <line num="8" count="0" type="stmt"/>
          <line num="11" count="0" type="stmt"/>
          <line num="12" count="0" type="stmt"/>
          <line num="21" count="0" type="stmt"/>
          <line num="24" count="0" type="cond" truecount="0" falsecount="2"/>
          <line num="25" count="0" type="stmt"/>
          <line num="26" count="0" type="stmt"/>
          <line num="27" count="0" type="stmt"/>
        </file>
      </package>
      <package name="app.Components">
        <metrics statements="1" coveredstatements="1" conditionals="0" coveredconditionals="0" methods="1" coveredmethods="1"/>
        <file name="HelloWorld.jsx" path="/Users/yhtml5/projects/gits/YHTML5-Seed/apps/react-dashboard/app/Components/HelloWorld.jsx">
          <metrics statements="1" coveredstatements="1" conditionals="0" coveredconditionals="0" methods="1" coveredmethods="1"/>
          <line num="5" count="1" type="stmt"/>
        </file>
      </package>
      <package name="app.Components.Breadcrumb">
        <metrics statements="7" coveredstatements="0" conditionals="6" coveredconditionals="0" methods="3" coveredmethods="0"/>
        <file name="index.jsx" path="/Users/yhtml5/projects/gits/YHTML5-Seed/apps/react-dashboard/app/Components/Breadcrumb/index.jsx">
          <metrics statements="7" coveredstatements="0" conditionals="6" coveredconditionals="0" methods="3" coveredmethods="0"/>
          <line num="1" count="0" type="stmt"/>
          <line num="2" count="0" type="stmt"/>
          <line num="3" count="0" type="stmt"/>
          <line num="4" count="0" type="cond" truecount="0" falsecount="4"/>
          <line num="8" count="0" type="stmt"/>
          <line num="14" count="0" type="stmt"/>
          <line num="22" count="0" type="stmt"/>
        </file>
      </package>
      <package name="app.Components.Form">
        <metrics statements="23" coveredstatements="0" conditionals="4" coveredconditionals="0" methods="13" coveredmethods="0"/>
        <file name="Select.jsx" path="/Users/yhtml5/projects/gits/YHTML5-Seed/apps/react-dashboard/app/Components/Form/Select.jsx">
          <metrics statements="12" coveredstatements="0" conditionals="4" coveredconditionals="0" methods="7" coveredmethods="0"/>
          <line num="1" count="0" type="stmt"/>
          <line num="2" count="0" type="cond" truecount="0" falsecount="4"/>
          <line num="3" count="0" type="stmt"/>
          <line num="5" count="0" type="stmt"/>
          <line num="6" count="0" type="stmt"/>
          <line num="11" count="0" type="stmt"/>
          <line num="17" count="0" type="stmt"/>
          <line num="23" count="0" type="stmt"/>
          <line num="29" count="0" type="stmt"/>
          <line num="30" count="0" type="stmt"/>
          <line num="31" count="0" type="stmt"/>
          <line num="44" count="0" type="stmt"/>
        </file>
        <file name="Time.jsx" path="/Users/yhtml5/projects/gits/YHTML5-Seed/apps/react-dashboard/app/Components/Form/Time.jsx">
          <metrics statements="11" coveredstatements="0" conditionals="0" coveredconditionals="0" methods="6" coveredmethods="0"/>
          <line num="1" count="0" type="stmt"/>
          <line num="2" count="0" type="stmt"/>
          <line num="4" count="0" type="stmt"/>
          <line num="5" count="0" type="stmt"/>
          <line num="10" count="0" type="stmt"/>
          <line num="16" count="0" type="stmt"/>
          <line num="22" count="0" type="stmt"/>
          <line num="28" count="0" type="stmt"/>
          <line num="29" count="0" type="stmt"/>
          <line num="30" count="0" type="stmt"/>
          <line num="43" count="0" type="stmt"/>
        </file>
      </package>
      <package name="app.Components.LazilyLoad">
        <metrics statements="42" coveredstatements="0" conditionals="20" coveredconditionals="0" methods="27" coveredmethods="0"/>
        <file name="Bundle.jsx" path="/Users/yhtml5/projects/gits/YHTML5-Seed/apps/react-dashboard/app/Components/LazilyLoad/Bundle.jsx">
          <metrics statements="10" coveredstatements="0" conditionals="8" coveredconditionals="0" methods="7" coveredmethods="0"/>
          <line num="1" count="0" type="cond" truecount="0" falsecount="4"/>
          <line num="3" count="0" type="stmt"/>
          <line num="10" count="0" type="stmt"/>
          <line num="14" count="0" type="cond" truecount="0" falsecount="2"/>
          <line num="15" count="0" type="stmt"/>
          <line num="20" count="0" type="stmt"/>
          <line num="23" count="0" type="stmt"/>
          <line num="24" count="0" type="stmt"/>
          <line num="32" count="0" type="stmt"/>
          <line num="33" count="0" type="stmt"/>
        </file>
        <file name="index.jsx" path="/Users/yhtml5/projects/gits/YHTML5-Seed/apps/react-dashboard/app/Components/LazilyLoad/index.jsx">
          <metrics statements="32" coveredstatements="0" conditionals="12" coveredconditionals="0" methods="20" coveredmethods="0"/>
          <line num="1" count="0" type="cond" truecount="0" falsecount="4"/>
          <line num="5" count="0" type="stmt"/>
          <line num="6" count="0" type="stmt"/>
          <line num="12" count="0" type="stmt"/>
          <line num="13" count="0" type="stmt"/>
          <line num="17" count="0" type="stmt"/>
          <line num="18" count="0" type="stmt"/>
          <line num="20" count="0" type="cond" truecount="0" falsecount="2"/>
          <line num="21" count="0" type="stmt"/>
          <line num="26" count="0" type="stmt"/>
          <line num="30" count="0" type="stmt"/>
          <line num="33" count="0" type="stmt"/>
          <line num="34" count="0" type="stmt"/>
          <line num="36" count="0" type="stmt"/>
          <line num="37" count="0" type="stmt"/>
          <line num="38" count="0" type="stmt"/>
          <line num="39" count="0" type="stmt"/>
          <line num="42" count="0" type="cond" truecount="0" falsecount="2"/>
          <line num="43" count="0" type="stmt"/>
          <line num="48" count="0" type="cond" truecount="0" falsecount="2"/>
          <line num="49" count="0" type="stmt"/>
          <line num="53" count="0" type="stmt"/>
          <line num="57" count="0" type="stmt"/>
          <line num="58" count="0" type="stmt"/>
          <line num="59" count="0" type="stmt"/>
          <line num="60" count="0" type="stmt"/>
          <line num="65" count="0" type="stmt"/>
          <line num="66" count="0" type="stmt"/>
          <line num="67" count="0" type="cond" truecount="0" falsecount="2"/>
          <line num="74" count="0" type="stmt"/>
          <line num="75" count="0" type="stmt"/>
          <line num="78" count="0" type="stmt"/>
        </file>
      </package>
      <package name="app.Components.Table">
        <metrics statements="7" coveredstatements="0" conditionals="18" coveredconditionals="0" methods="5" coveredmethods="0"/>
        <file name="index.jsx" path="/Users/yhtml5/projects/gits/YHTML5-Seed/apps/react-dashboard/app/Components/Table/index.jsx">
          <metrics statements="7" coveredstatements="0" conditionals="18" coveredconditionals="0" methods="5" coveredmethods="0"/>
          <line num="1" count="0" type="stmt"/>
          <line num="3" count="0" type="cond" truecount="0" falsecount="2"/>
          <line num="4" count="0" type="cond" truecount="0" falsecount="4"/>
          <line num="5" count="0" type="cond" truecount="0" falsecount="4"/>
          <line num="6" count="0" type="cond" truecount="0" falsecount="4"/>
          <line num="7" count="0" type="cond" truecount="0" falsecount="4"/>
          <line num="9" count="0" type="stmt"/>
        </file>
      </package>
      <package name="app.Components.Test">
        <metrics statements="18" coveredstatements="0" conditionals="2" coveredconditionals="0" methods="7" coveredmethods="0"/>
        <file name="a.js" path="/Users/yhtml5/projects/gits/YHTML5-Seed/apps/react-dashboard/app/Components/Test/a.js">
          <metrics statements="1" coveredstatements="0" conditionals="0" coveredconditionals="0" methods="0" coveredmethods="0"/>
          <line num="1" count="0" type="stmt"/>
        </file>
        <file name="b.js" path="/Users/yhtml5/projects/gits/YHTML5-Seed/apps/react-dashboard/app/Components/Test/b.js">
          <metrics statements="1" coveredstatements="0" conditionals="0" coveredconditionals="0" methods="0" coveredmethods="0"/>
          <line num="1" count="0" type="stmt"/>
        </file>
        <file name="c.js" path="/Users/yhtml5/projects/gits/YHTML5-Seed/apps/react-dashboard/app/Components/Test/c.js">
          <metrics statements="1" coveredstatements="0" conditionals="0" coveredconditionals="0" methods="0" coveredmethods="0"/>
          <line num="1" count="0" type="stmt"/>
        </file>
        <file name="codeSplitting.js" path="/Users/yhtml5/projects/gits/YHTML5-Seed/apps/react-dashboard/app/Components/Test/codeSplitting.js">
          <metrics statements="5" coveredstatements="0" conditionals="0" coveredconditionals="0" methods="4" coveredmethods="0"/>
          <line num="1" count="0" type="stmt"/>
          <line num="2" count="0" type="stmt"/>
          <line num="3" count="0" type="stmt"/>
          <line num="5" count="0" type="stmt"/>
          <line num="7" count="0" type="stmt"/>
        </file>
        <file name="environment.js" path="/Users/yhtml5/projects/gits/YHTML5-Seed/apps/react-dashboard/app/Components/Test/environment.js">
          <metrics statements="4" coveredstatements="0" conditionals="2" coveredconditionals="0" methods="1" coveredmethods="0"/>
          <line num="1" count="0" type="stmt"/>
          <line num="2" count="0" type="cond" truecount="0" falsecount="2"/>
          <line num="3" count="0" type="stmt"/>
          <line num="6" count="0" type="stmt"/>
        </file>
        <file name="index.js" path="/Users/yhtml5/projects/gits/YHTML5-Seed/apps/react-dashboard/app/Components/Test/index.js">
          <metrics statements="1" coveredstatements="0" conditionals="0" coveredconditionals="0" methods="0" coveredmethods="0"/>
          <line num="1" count="0" type="stmt"/>
        </file>
        <file name="treeShaking.js" path="/Users/yhtml5/projects/gits/YHTML5-Seed/apps/react-dashboard/app/Components/Test/treeShaking.js">
          <metrics statements="5" coveredstatements="0" conditionals="0" coveredconditionals="0" methods="2" coveredmethods="0"/>
          <line num="1" count="0" type="stmt"/>
          <line num="2" count="0" type="stmt"/>
          <line num="5" count="0" type="stmt"/>
          <line num="6" count="0" type="stmt"/>
          <line num="8" count="0" type="stmt"/>
        </file>
      </package>
      <package name="app.Components.Upload">
        <metrics statements="45" coveredstatements="0" conditionals="40" coveredconditionals="0" methods="14" coveredmethods="0"/>
        <file name="PicturesWall.jsx" path="/Users/yhtml5/projects/gits/YHTML5-Seed/apps/react-dashboard/app/Components/Upload/PicturesWall.jsx">
          <metrics statements="45" coveredstatements="0" conditionals="40" coveredconditionals="0" methods="14" coveredmethods="0"/>
          <line num="1" count="0" type="stmt"/>
          <line num="2" count="0" type="stmt"/>
          <line num="3" count="0" type="stmt"/>
          <line num="4" count="0" type="stmt"/>
          <line num="5" count="0" type="cond" truecount="0" falsecount="4"/>
          <line num="19" count="0" type="stmt"/>
          <line num="77" count="0" type="stmt"/>
          <line num="80" count="0" type="stmt"/>
          <line num="84" count="0" type="stmt"/>
          <line num="87" count="0" type="stmt"/>
          <line num="88" count="0" type="stmt"/>
          <line num="89" count="0" type="stmt"/>
          <line num="90" count="0" type="stmt"/>
          <line num="91" count="0" type="cond" truecount="0" falsecount="4"/>
          <line num="92" count="0" type="stmt"/>
          <line num="93" count="0" type="cond" truecount="0" falsecount="4"/>
          <line num="94" count="0" type="stmt"/>
          <line num="95" count="0" type="stmt"/>
          <line num="98" count="0" type="stmt"/>
          <line num="100" count="0" type="stmt"/>
          <line num="101" count="0" type="stmt"/>
          <line num="102" count="0" type="stmt"/>
          <line num="103" count="0" type="cond" truecount="0" falsecount="2"/>
          <line num="105" count="0" type="stmt"/>
          <line num="106" count="0" type="cond" truecount="0" falsecount="2"/>
          <line num="107" count="0" type="cond" truecount="0" falsecount="2"/>
          <line num="110" count="0" type="cond" truecount="0" falsecount="5"/>
          <line num="140" count="0" type="stmt"/>
          <line num="141" count="0" type="stmt"/>
          <line num="142" count="0" type="stmt"/>
          <line num="143" count="0" type="stmt"/>
          <line num="145" count="0" type="cond" truecount="0" falsecount="5"/>
          <line num="146" count="0" type="stmt"/>
          <line num="147" count="0" type="stmt"/>
          <line num="149" count="0" type="stmt"/>
          <line num="150" count="0" type="cond" truecount="0" falsecount="2"/>
          <line num="151" count="0" type="stmt"/>
          <line num="152" count="0" type="stmt"/>
          <line num="155" count="0" type="stmt"/>
          <line num="162" count="0" type="stmt"/>
          <line num="163" count="0" type="cond" truecount="0" falsecount="2"/>
          <line num="164" count="0" type="cond" truecount="0" falsecount="2"/>
          <line num="167" count="0" type="stmt"/>
          <line num="172" count="0" type="stmt"/>
          <line num="193" count="0" type="stmt"/>
        </file>
      </package>
      <package name="app.Components.editor">
        <metrics statements="38" coveredstatements="0" conditionals="10" coveredconditionals="0" methods="9" coveredmethods="0"/>
        <file name="index.js" path="/Users/yhtml5/projects/gits/YHTML5-Seed/apps/react-dashboard/app/Components/editor/index.js">
          <metrics statements="38" coveredstatements="0" conditionals="10" coveredconditionals="0" methods="9" coveredmethods="0"/>
          <line num="1" count="0" type="stmt"/>
          <line num="2" count="0" type="stmt"/>
          <line num="3" count="0" type="stmt"/>
          <line num="4" count="0" type="stmt"/>
          <line num="5" count="0" type="stmt"/>
          <line num="6" count="0" type="cond" truecount="0" falsecount="4"/>
          <line num="12" count="0" type="stmt"/>
          <line num="13" count="0" type="stmt"/>
          <line num="17" count="0" type="stmt"/>
          <line num="18" count="0" type="stmt"/>
          <line num="19" count="0" type="stmt"/>
          <line num="20" count="0" type="stmt"/>
          <line num="21" count="0" type="cond" truecount="0" falsecount="2"/>
          <line num="22" count="0" type="stmt"/>
          <line num="24" count="0" type="cond" truecount="0" falsecount="2"/>
          <line num="25" count="0" type="stmt"/>
          <line num="27" count="0" type="cond" truecount="0" falsecount="2"/>
          <line num="28" count="0" type="stmt"/>
          <line num="30" count="0" type="stmt"/>
          <line num="32" count="0" type="stmt"/>
          <line num="33" count="0" type="stmt"/>
          <line num="34" count="0" type="stmt"/>
          <line num="35" count="0" type="stmt"/>
          <line num="36" count="0" type="stmt"/>
          <line num="37" count="0" type="stmt"/>
          <line num="38" count="0" type="stmt"/>
          <line num="39" count="0" type="stmt"/>
          <line num="45" count="0" type="stmt"/>
          <line num="46" count="0" type="stmt"/>
          <line num="47" count="0" type="stmt"/>
          <line num="48" count="0" type="stmt"/>
          <line num="49" count="0" type="stmt"/>
          <line num="50" count="0" type="stmt"/>
          <line num="51" count="0" type="stmt"/>
          <line num="56" count="0" type="stmt"/>
          <line num="60" count="0" type="stmt"/>
          <line num="65" count="0" type="stmt"/>
          <line num="68" count="0" type="stmt"/>
        </file>
      </package>
      <package name="app.Components.editor.wangeditor">
        <metrics statements="10" coveredstatements="0" conditionals="0" coveredconditionals="0" methods="1" coveredmethods="0"/>
        <file name="Gruntfile.js" path="/Users/yhtml5/projects/gits/YHTML5-Seed/apps/react-dashboard/app/Components/editor/wangeditor/Gruntfile.js">
          <metrics statements="10" coveredstatements="0" conditionals="0" coveredconditionals="0" methods="1" coveredmethods="0"/>
          <line num="2" count="0" type="stmt"/>
          <line num="5" count="0" type="stmt"/>
          <line num="125" count="0" type="stmt"/>
          <line num="126" count="0" type="stmt"/>
          <line num="127" count="0" type="stmt"/>
          <line num="128" count="0" type="stmt"/>
          <line num="129" count="0" type="stmt"/>
          <line num="130" count="0" type="stmt"/>
          <line num="131" count="0" type="stmt"/>
          <line num="134" count="0" type="stmt"/>
        </file>
      </package>
      <package name="app.Components.editor.wangeditor.dist.js">
        <metrics statements="3721" coveredstatements="0" conditionals="2675" coveredconditionals="0" methods="1208" coveredmethods="0"/>
        <file name="wangEditor.js" path="/Users/yhtml5/projects/gits/YHTML5-Seed/apps/react-dashboard/app/Components/editor/wangeditor/dist/js/wangEditor.js">
          <metrics statements="3718" coveredstatements="0" conditionals="1382" coveredconditionals="0" methods="604" coveredmethods="0"/>
          <line num="1" count="0" type="stmt"/>
          <line num="2" count="0" type="cond" truecount="0" falsecount="2"/>
          <line num="3" count="0" type="cond" truecount="0" falsecount="2"/>
          <line num="5" count="0" type="stmt"/>
          <line num="6" count="0" type="cond" truecount="0" falsecount="2"/>
          <line num="8" count="0" type="stmt"/>
          <line num="9" count="0" type="stmt"/>
          <line num="13" count="0" type="stmt"/>
          <line num="15" count="0" type="cond" truecount="0" falsecount="4"/>
          <line num="19" count="0" type="stmt"/>
          <line num="20" count="0" type="stmt"/>
          <line num="26" count="0" type="stmt"/>
          <line num="31" count="0" type="cond" truecount="0" falsecount="5"/>
          <line num="32" count="0" type="stmt"/>
          <line num="33" count="0" type="stmt"/>
          <line num="37" count="0" type="stmt"/>
          <line num="38" count="0" type="stmt"/>
          <line num="39" count="0" type="cond" truecount="0" falsecount="2"/>
          <line num="41" count="0" type="stmt"/>
          <line num="45" count="0" type="stmt"/>
          <line num="46" count="0" type="cond" truecount="0" falsecount="2"/>
          <line num="48" count="0" type="stmt"/>
          <line num="49" count="0" type="stmt"/>
          <line num="53" count="0" type="stmt"/>
          <line num="55" count="0" type="cond" truecount="0" falsecount="2"/>
          <line num="56" count="0" type="stmt"/>
          <line num="60" count="0" type="stmt"/>
          <line num="61" count="0" type="cond" truecount="0" falsecount="2"/>
          <line num="62" count="0" type="stmt"/>
          <line num="64" count="0" type="stmt"/>
          <line num="65" count="0" type="cond" truecount="0" falsecount="4"/>
          <line num="67" count="0" type="stmt"/>
          <line num="69" count="0" type="stmt"/>
          <line num="70" count="0" type="stmt"/>
          <line num="73" count="0" type="stmt"/>
          <line num="74" count="0" type="stmt"/>
          <line num="77" count="0" type="stmt"/>
          <line num="80" count="0" type="stmt"/>
          <line num="82" count="0" type="stmt"/>
          <line num="83" count="0" type="stmt"/>
          <line num="84" count="0" type="stmt"/>
          <line num="85" count="0" type="stmt"/>
          <line num="86" count="0" type="stmt"/>
          <line num="87" count="0" type="stmt"/>
          <line num="88" count="0" type="stmt"/>
          <line num="89" count="0" type="stmt"/>
          <line num="90" count="0" type="stmt"/>
          <line num="91" count="0" type="stmt"/>
          <line num="94" count="0" type="stmt"/>
          <line num="99" count="0" type="stmt"/>
          <line num="100" count="0" type="cond" truecount="0" falsecount="2"/>
          <line num="101" count="0" type="stmt"/>
          <line num="104" count="0" type="cond" truecount="0" falsecount="2"/>
          <line num="105" count="0" type="stmt"/>
          <line num="111" count="0" type="stmt"/>
          <line num="113" count="0" type="stmt"/>
          <line num="116" count="0" type="stmt"/>
          <line num="119" count="0" type="stmt"/>
          <line num="122" count="0" type="stmt"/>
          <line num="125" count="0" type="stmt"/>
          <line num="128" count="0" type="stmt"/>
          <line num="131" count="0" type="stmt"/>
          <line num="137" count="0" type="stmt"/>
          <line num="140" count="0" type="stmt"/>
          <line num="142" count="0" type="cond" truecount="0" falsecount="2"/>
          <line num="143" count="0" type="stmt"/>
          <line num="146" count="0" type="stmt"/>
          <line num="150" count="0" type="stmt"/>
          <line num="151" count="0" type="stmt"/>
          <line num="153" count="0" type="stmt"/>
          <line num="154" count="0" type="stmt"/>
          <line num="159" count="0" type="stmt"/>
          <line num="160" count="0" type="stmt"/>
          <line num="161" count="0" type="stmt"/>
          <line num="162" count="0" type="stmt"/>
          <line num="164" count="0" type="cond" truecount="0" falsecount="2"/>
          <line num="166" count="0" type="stmt"/>
          <line num="169" count="0" type="stmt"/>
          <line num="170" count="0" type="stmt"/>
          <line num="174" count="0" type="stmt"/>
          <line num="175" count="0" type="stmt"/>
          <line num="176" count="0" type="stmt"/>
          <line num="177" count="0" type="stmt"/>
          <line num="178" count="0" type="stmt"/>
          <line num="179" count="0" type="cond" truecount="0" falsecount="2"/>
          <line num="180" count="0" type="stmt"/>
          <line num="181" count="0" type="cond" truecount="0" falsecount="2"/>
          <line num="182" count="0" type="stmt"/>
          <line num="185" count="0" type="stmt"/>
          <line num="189" count="0" type="stmt"/>
          <line num="190" count="0" type="stmt"/>
          <line num="192" count="0" type="stmt"/>
          <line num="193" count="0" type="stmt"/>
          <line num="198" count="0" type="stmt"/>
          <line num="199" count="0" type="cond" truecount="0" falsecount="2"/>
          <line num="201" count="0" type="stmt"/>
          <line num="204" count="0" type="cond" truecount="0" falsecount="2"/>
          <line num="205" count="0" type="cond" truecount="0" falsecount="2"/>
          <line num="206" count="0" type="stmt"/>
          <line num="209" count="0" type="stmt"/>
          <line num="210" count="0" type="cond" truecount="0" falsecount="2"/>
          <line num="211" count="0" type="stmt"/>
          <line num="213" count="0" type="stmt"/>
          <line num="218" count="0" type="stmt"/>
          <line num="219" count="0" type="cond" truecount="0" falsecount="2"/>
          <line num="221" count="0" type="stmt"/>
          <line num="224" count="0" type="cond" truecount="0" falsecount="2"/>
          <line num="225" count="0" type="cond" truecount="0" falsecount="2"/>
          <line num="226" count="0" type="stmt"/>
          <line num="229" count="0" type="stmt"/>
          <line num="230" count="0" type="cond" truecount="0" falsecount="2"/>
          <line num="231" count="0" type="stmt"/>
          <line num="233" count="0" type="stmt"/>
          <line num="238" count="0" type="stmt"/>
          <line num="239" count="0" type="stmt"/>
          <line num="241" count="0" type="stmt"/>
          <line num="242" count="0" type="cond" truecount="0" falsecount="3"/>
          <line num="243" count="0" type="cond" truecount="0" falsecount="4"/>
          <line num="244" count="0" type="stmt"/>
          <line num="251" count="0" type="stmt"/>
          <line num="254" count="0" type="stmt"/>
          <line num="258" count="0" type="stmt"/>
          <line num="259" count="0" type="cond" truecount="0" falsecount="2"/>
          <line num="260" count="0" type="stmt"/>
          <line num="262" count="0" type="stmt"/>
          <line num="267" count="0" type="stmt"/>
          <line num="269" count="0" type="cond" truecount="0" falsecount="2"/>
          <line num="270" count="0" type="cond" truecount="0" falsecount="2"/>
          <line num="272" count="0" type="cond" truecount="0" falsecount="2"/>
          <line num="274" count="0" type="cond" truecount="0" falsecount="2"/>
          <line num="276" count="0" type="stmt"/>
          <line num="277" count="0" type="stmt"/>
          <line num="282" count="0" type="cond" truecount="0" falsecount="2"/>
          <line num="283" count="0" type="cond" truecount="0" falsecount="2"/>
          <line num="284" count="0" type="cond" truecount="0" falsecount="2"/>
          <line num="285" count="0" type="stmt"/>
          <line num="287" count="0" type="stmt"/>
          <line num="291" count="0" type="cond" truecount="0" falsecount="2"/>
          <line num="292" count="0" type="cond" truecount="0" falsecount="2"/>
          <line num="293" count="0" type="stmt"/>
          <line num="295" count="0" type="cond" truecount="0" falsecount="2"/>
          <line num="296" count="0" type="stmt"/>
          <line num="298" count="0" type="stmt"/>
          <line num="303" count="0" type="cond" truecount="0" falsecount="2"/>
          <line num="304" count="0" type="cond" truecount="0" falsecount="2"/>
          <line num="306" count="0" type="cond" truecount="0" falsecount="4"/>
          <line num="307" count="0" type="cond" truecount="0" falsecount="2"/>
          <line num="308" count="0" type="cond" truecount="0" falsecount="2"/>
          <line num="309" count="0" type="stmt"/>
          <line num="314" count="0" type="stmt"/>
          <line num="318" count="0" type="cond" truecount="0" falsecount="2"/>
          <line num="319" count="0" type="stmt"/>
          <line num="322" count="0" type="stmt"/>
          <line num="324" count="0" type="cond" truecount="0" falsecount="2"/>
          <line num="325" count="0" type="stmt"/>
          <line num="327" count="0" type="stmt"/>
          <line num="328" count="0" type="cond" truecount="0" falsecount="4"/>
          <line num="329" count="0" type="stmt"/>
          <line num="330" count="0" type="stmt"/>
          <line num="334" count="0" type="cond" truecount="0" falsecount="5"/>
          <line num="336" count="0" type="stmt"/>
          <line num="341" count="0" type="cond" truecount="0" falsecount="2"/>
          <line num="344" count="0" type="cond" truecount="0" falsecount="2"/>
          <line num="346" count="0" type="cond" truecount="0" falsecount="2"/>
          <line num="347" count="0" type="stmt"/>
          <line num="351" count="0" type="stmt"/>
          <line num="352" count="0" type="stmt"/>
          <line num="353" count="0" type="stmt"/>
          <line num="354" count="0" type="stmt"/>
          <line num="356" count="0" type="stmt"/>
          <line num="361" count="0" type="cond" truecount="0" falsecount="2"/>
          <line num="363" count="0" type="cond" truecount="0" falsecount="2"/>
          <line num="364" count="0" type="stmt"/>
          <line num="366" count="0" type="cond" truecount="0" falsecount="2"/>
          <line num="369" count="0" type="stmt"/>
          <line num="372" count="0" type="cond" truecount="0" falsecount="2"/>
          <line num="373" count="0" type="stmt"/>
          <line num="375" count="0" type="cond" truecount="0" falsecount="2"/>
          <line num="376" count="0" type="stmt"/>
          <line num="380" count="0" type="stmt"/>
          <line num="384" count="0" type="cond" truecount="0" falsecount="2"/>
          <line num="385" count="0" type="stmt"/>
          <line num="386" count="0" type="cond" truecount="0" falsecount="2"/>
          <line num="388" count="0" type="stmt"/>
          <line num="392" count="0" type="stmt"/>
          <line num="393" count="0" type="stmt"/>
          <line num="395" count="0" type="cond" truecount="0" falsecount="2"/>
          <line num="396" count="0" type="stmt"/>
          <line num="401" count="0" type="cond" truecount="0" falsecount="2"/>
          <line num="402" count="0" type="stmt"/>
          <line num="403" count="0" type="stmt"/>
          <line num="404" count="0" type="cond" truecount="0" falsecount="4"/>
          <line num="405" count="0" type="stmt"/>
          <line num="409" count="0" type="stmt"/>
          <line num="410" count="0" type="stmt"/>
          <line num="411" count="0" type="cond" truecount="0" falsecount="2"/>
          <line num="412" count="0" type="stmt"/>
          <line num="415" count="0" type="stmt"/>
          <line num="417" count="0" type="stmt"/>
          <line num="418" count="0" type="stmt"/>
          <line num="419" count="0" type="cond" truecount="0" falsecount="2"/>
          <line num="420" count="0" type="stmt"/>
          <line num="423" count="0" type="stmt"/>
          <line num="426" count="0" type="stmt"/>
          <line num="427" count="0" type="cond" truecount="0" falsecount="4"/>
          <line num="429" count="0" type="stmt"/>
          <line num="430" count="0" type="stmt"/>
          <line num="433" count="0" type="stmt"/>
          <line num="434" count="0" type="stmt"/>
          <line num="438" count="0" type="stmt"/>
          <line num="443" count="0" type="stmt"/>
          <line num="445" count="0" type="cond" truecount="0" falsecount="2"/>
          <line num="447" count="0" type="stmt"/>
          <line num="453" count="0" type="stmt"/>
          <line num="454" count="0" type="cond" truecount="0" falsecount="2"/>
          <line num="455" count="0" type="cond" truecount="0" falsecount="2"/>
          <line num="456" count="0" type="stmt"/>
          <line num="458" count="0" type="stmt"/>
          <line num="462" count="0" type="stmt"/>
          <line num="463" count="0" type="cond" truecount="0" falsecount="2"/>
          <line num="464" count="0" type="cond" truecount="0" falsecount="2"/>
          <line num="465" count="0" type="stmt"/>
          <line num="467" count="0" type="stmt"/>
          <line num="469" count="0" type="cond" truecount="0" falsecount="2"/>
          <line num="470" count="0" type="stmt"/>
          <line num="472" count="0" type="stmt"/>
          <line num="477" count="0" type="stmt"/>
          <line num="478" count="0" type="cond" truecount="0" falsecount="2"/>
          <line num="480" count="0" type="cond" truecount="0" falsecount="4"/>
          <line num="481" count="0" type="stmt"/>
          <line num="484" count="0" type="stmt"/>
          <line num="488" count="0" type="stmt"/>
          <line num="489" count="0" type="stmt"/>
          <line num="492" count="0" type="stmt"/>
          <line num="494" count="0" type="cond" truecount="0" falsecount="2"/>
          <line num="495" count="0" type="stmt"/>
          <line num="497" count="0" type="stmt"/>
          <line num="498" count="0" type="cond" truecount="0" falsecount="2"/>
          <line num="501" count="0" type="stmt"/>
          <line num="503" count="0" type="stmt"/>
          <line num="508" count="0" type="cond" truecount="0" falsecount="5"/>
          <line num="510" count="0" type="stmt"/>
          <line num="515" count="0" type="stmt"/>
          <line num="516" count="0" type="stmt"/>
          <line num="520" count="0" type="cond" truecount="0" falsecount="2"/>
          <line num="521" count="0" type="cond" truecount="0" falsecount="2"/>
          <line num="522" count="0" type="stmt"/>
          <line num="525" count="0" type="stmt"/>
          <line num="526" count="0" type="stmt"/>
          <line num="528" count="0" type="stmt"/>
          <line num="533" count="0" type="cond" truecount="0" falsecount="2"/>
          <line num="534" count="0" type="stmt"/>
          <line num="536" count="0" type="stmt"/>
          <line num="542" count="0" type="stmt"/>
          <line num="544" count="0" type="stmt"/>
          <line num="549" count="0" type="stmt"/>
          <line num="551" count="0" type="stmt"/>
          <line num="552" count="0" type="stmt"/>
          <line num="553" count="0" type="stmt"/>
          <line num="556" count="0" type="stmt"/>
          <line num="557" count="0" type="stmt"/>
          <line num="558" count="0" type="stmt"/>
          <line num="561" count="0" type="stmt"/>
          <line num="562" count="0" type="cond" truecount="0" falsecount="2"/>
          <line num="563" count="0" type="stmt"/>
          <line num="566" count="0" type="stmt"/>
          <line num="570" count="0" type="stmt"/>
          <line num="575" count="0" type="stmt"/>
          <line num="578" count="0" type="stmt"/>
          <line num="579" count="0" type="stmt"/>
          <line num="583" count="0" type="cond" truecount="0" falsecount="2"/>
          <line num="584" count="0" type="stmt"/>
          <line num="586" count="0" type="cond" truecount="0" falsecount="2"/>
          <line num="588" count="0" type="stmt"/>
          <line num="591" count="0" type="stmt"/>
          <line num="592" count="0" type="cond" truecount="0" falsecount="2"/>
          <line num="593" count="0" type="stmt"/>
          <line num="598" count="0" type="stmt"/>
          <line num="602" count="0" type="stmt"/>
          <line num="606" count="0" type="cond" truecount="0" falsecount="2"/>
          <line num="607" count="0" type="stmt"/>
          <line num="609" count="0" type="stmt"/>
          <line num="610" count="0" type="stmt"/>
          <line num="614" count="0" type="stmt"/>
          <line num="615" count="0" type="stmt"/>
          <line num="618" count="0" type="cond" truecount="0" falsecount="2"/>
          <line num="619" count="0" type="stmt"/>
          <line num="623" count="0" type="stmt"/>
          <line num="627" count="0" type="stmt"/>
          <line num="628" count="0" type="stmt"/>
          <line num="629" count="0" type="stmt"/>
          <line num="631" count="0" type="cond" truecount="0" falsecount="2"/>
          <line num="633" count="0" type="cond" truecount="0" falsecount="2"/>
          <line num="634" count="0" type="stmt"/>
          <line num="637" count="0" type="stmt"/>
          <line num="640" count="0" type="stmt"/>
          <line num="643" count="0" type="stmt"/>
          <line num="646" count="0" type="stmt"/>
          <line num="648" count="0" type="stmt"/>
          <line num="651" count="0" type="cond" truecount="0" falsecount="4"/>
          <line num="652" count="0" type="stmt"/>
          <line num="656" count="0" type="stmt"/>
          <line num="659" count="0" type="stmt"/>
          <line num="662" count="0" type="stmt"/>
          <line num="665" count="0" type="stmt"/>
          <line num="669" count="0" type="stmt"/>
          <line num="671" count="0" type="stmt"/>
          <line num="673" count="0" type="cond" truecount="0" falsecount="2"/>
          <line num="674" count="0" type="stmt"/>
          <line num="680" count="0" type="stmt"/>
          <line num="681" count="0" type="stmt"/>
          <line num="682" count="0" type="stmt"/>
          <line num="683" count="0" type="stmt"/>
          <line num="687" count="0" type="stmt"/>
          <line num="692" count="0" type="stmt"/>
          <line num="693" count="0" type="stmt"/>
          <line num="694" count="0" type="stmt"/>
          <line num="695" count="0" type="stmt"/>
          <line num="699" count="0" type="stmt"/>
          <line num="703" count="0" type="stmt"/>
          <line num="704" count="0" type="stmt"/>
          <line num="705" count="0" type="stmt"/>
          <line num="706" count="0" type="stmt"/>
          <line num="710" count="0" type="stmt"/>
          <line num="715" count="0" type="stmt"/>
          <line num="721" count="0" type="stmt"/>
          <line num="722" count="0" type="stmt"/>
          <line num="723" count="0" type="stmt"/>
          <line num="726" count="0" type="stmt"/>
          <line num="727" count="0" type="cond" truecount="0" falsecount="2"/>
          <line num="728" count="0" type="stmt"/>
          <line num="729" count="0" type="stmt"/>
          <line num="733" count="0" type="stmt"/>
          <line num="737" count="0" type="stmt"/>
          <line num="738" count="0" type="stmt"/>
          <line num="739" count="0" type="cond" truecount="0" falsecount="2"/>
          <line num="740" count="0" type="stmt"/>
          <line num="741" count="0" type="stmt"/>
          <line num="743" count="0" type="stmt"/>
          <line num="747" count="0" type="stmt"/>
          <line num="749" count="0" type="cond" truecount="0" falsecount="4"/>
          <line num="750" count="0" type="stmt"/>
          <line num="753" count="0" type="cond" truecount="0" falsecount="2"/>
          <line num="755" count="0" type="cond" truecount="0" falsecount="4"/>
          <line num="760" count="0" type="cond" truecount="0" falsecount="2"/>
          <line num="762" count="0" type="stmt"/>
          <line num="765" count="0" type="stmt"/>
          <line num="767" count="0" type="cond" truecount="0" falsecount="3"/>
          <line num="768" count="0" type="cond" truecount="0" falsecount="2"/>
          <line num="771" count="0" type="cond" truecount="0" falsecount="2"/>
          <line num="773" count="0" type="stmt"/>
          <line num="776" count="0" type="cond" truecount="0" falsecount="2"/>
          <line num="778" count="0" type="stmt"/>
          <line num="783" count="0" type="stmt"/>
          <line num="786" count="0" type="stmt"/>
          <line num="791" count="0" type="stmt"/>
          <line num="793" count="0" type="stmt"/>
          <line num="795" count="0" type="cond" truecount="0" falsecount="2"/>
          <line num="796" count="0" type="stmt"/>
          <line num="798" count="0" type="stmt"/>
          <line num="801" count="0" type="cond" truecount="0" falsecount="2"/>
          <line num="802" count="0" type="stmt"/>
          <line num="804" count="0" type="stmt"/>
          <line num="811" count="0" type="stmt"/>
          <line num="812" count="0" type="stmt"/>
          <line num="814" count="0" type="cond" truecount="0" falsecount="2"/>
          <line num="815" count="0" type="stmt"/>
          <line num="818" count="0" type="cond" truecount="0" falsecount="2"/>
          <line num="819" count="0" type="cond" truecount="0" falsecount="2"/>
          <line num="820" count="0" type="stmt"/>
          <line num="821" count="0" type="stmt"/>
          <line num="822" count="0" type="cond" truecount="0" falsecount="2"/>
          <line num="823" count="0" type="stmt"/>
          <line num="824" count="0" type="stmt"/>
          <line num="826" count="0" type="stmt"/>
          <line num="831" count="0" type="stmt"/>
          <line num="833" count="0" type="stmt"/>
          <line num="836" count="0" type="cond" truecount="0" falsecount="4"/>
          <line num="837" count="0" type="stmt"/>
          <line num="849" count="0" type="stmt"/>
          <line num="850" count="0" type="stmt"/>
          <line num="851" count="0" type="stmt"/>
          <line num="852" count="0" type="stmt"/>
          <line num="853" count="0" type="stmt"/>
          <line num="854" count="0" type="stmt"/>
          <line num="855" count="0" type="cond" truecount="0" falsecount="2"/>
          <line num="857" count="0" type="cond" truecount="0" falsecount="2"/>
          <line num="858" count="0" type="stmt"/>
          <line num="862" count="0" type="cond" truecount="0" falsecount="2"/>
          <line num="863" count="0" type="stmt"/>
          <line num="867" count="0" type="stmt"/>
          <line num="873" count="0" type="cond" truecount="0" falsecount="2"/>
          <line num="874" count="0" type="stmt"/>
          <line num="879" count="0" type="stmt"/>
          <line num="880" count="0" type="stmt"/>
          <line num="881" count="0" type="stmt"/>
          <line num="882" count="0" type="stmt"/>
          <line num="884" count="0" type="cond" truecount="0" falsecount="2"/>
          <line num="885" count="0" type="stmt"/>
          <line num="889" count="0" type="stmt"/>
          <line num="890" count="0" type="stmt"/>
          <line num="893" count="0" type="stmt"/>
          <line num="897" count="0" type="stmt"/>
          <line num="898" count="0" type="stmt"/>
          <line num="899" count="0" type="stmt"/>
          <line num="900" count="0" type="stmt"/>
          <line num="901" count="0" type="cond" truecount="0" falsecount="2"/>
          <line num="902" count="0" type="stmt"/>
          <line num="906" count="0" type="stmt"/>
          <line num="907" count="0" type="stmt"/>
          <line num="910" count="0" type="stmt"/>
          <line num="914" count="0" type="stmt"/>
          <line num="917" count="0" type="stmt"/>
          <line num="918" count="0" type="stmt"/>
          <line num="922" count="0" type="cond" truecount="0" falsecount="4"/>
          <line num="923" count="0" type="stmt"/>
          <line num="924" count="0" type="stmt"/>
          <line num="925" count="0" type="stmt"/>
          <line num="932" count="0" type="stmt"/>
          <line num="935" count="0" type="stmt"/>
          <line num="936" count="0" type="stmt"/>
          <line num="937" count="0" type="stmt"/>
          <line num="938" count="0" type="stmt"/>
          <line num="941" count="0" type="stmt"/>
          <line num="942" count="0" type="stmt"/>
          <line num="943" count="0" type="stmt"/>
          <line num="946" count="0" type="stmt"/>
          <line num="949" count="0" type="stmt"/>
          <line num="952" count="0" type="stmt"/>
          <line num="955" count="0" type="stmt"/>
          <line num="956" count="0" type="cond" truecount="0" falsecount="4"/>
          <line num="957" count="0" type="stmt"/>
          <line num="958" count="0" type="stmt"/>
          <line num="964" count="0" type="stmt"/>
          <line num="965" count="0" type="stmt"/>
          <line num="966" count="0" type="stmt"/>
          <line num="969" count="0" type="stmt"/>
          <line num="972" count="0" type="stmt"/>
          <line num="974" count="0" type="stmt"/>
          <line num="975" count="0" type="stmt"/>
          <line num="976" count="0" type="stmt"/>
          <line num="980" count="0" type="stmt"/>
          <line num="981" count="0" type="stmt"/>
          <line num="982" count="0" type="stmt"/>
          <line num="983" count="0" type="stmt"/>
          <line num="984" count="0" type="stmt"/>
          <line num="986" count="0" type="cond" truecount="0" falsecount="2"/>
          <line num="988" count="0" type="stmt"/>
          <line num="989" count="0" type="stmt"/>
          <line num="990" count="0" type="stmt"/>
          <line num="993" count="0" type="stmt"/>
          <line num="994" count="0" type="stmt"/>
          <line num="999" count="0" type="stmt"/>
          <line num="1000" count="0" type="stmt"/>
          <line num="1001" count="0" type="stmt"/>
          <line num="1002" count="0" type="stmt"/>
          <line num="1003" count="0" type="stmt"/>
          <line num="1004" count="0" type="stmt"/>
          <line num="1006" count="0" type="cond" truecount="0" falsecount="2"/>
          <line num="1008" count="0" type="stmt"/>
          <line num="1009" count="0" type="stmt"/>
          <line num="1010" count="0" type="stmt"/>
          <line num="1013" count="0" type="stmt"/>
          <line num="1014" count="0" type="stmt"/>
          <line num="1019" count="0" type="stmt"/>
          <line num="1020" count="0" type="stmt"/>
          <line num="1021" count="0" type="stmt"/>
          <line num="1022" count="0" type="stmt"/>
          <line num="1023" count="0" type="stmt"/>
          <line num="1028" count="0" type="stmt"/>
          <line num="1031" count="0" type="stmt"/>
          <line num="1032" count="0" type="stmt"/>
          <line num="1033" count="0" type="stmt"/>
          <line num="1036" count="0" type="stmt"/>
          <line num="1039" count="0" type="stmt"/>
          <line num="1043" count="0" type="stmt"/>
          <line num="1045" count="0" type="stmt"/>
          <line num="1048" count="0" type="stmt"/>
          <line num="1049" count="0" type="stmt"/>
          <line num="1050" count="0" type="stmt"/>
          <line num="1052" count="0" type="stmt"/>
          <line num="1055" count="0" type="stmt"/>
          <line num="1059" count="0" type="stmt"/>
          <line num="1060" count="0" type="stmt"/>
          <line num="1061" count="0" type="stmt"/>
          <line num="1062" count="0" type="stmt"/>
          <line num="1064" count="0" type="stmt"/>
          <line num="1065" count="0" type="cond" truecount="0" falsecount="2"/>
          <line num="1066" count="0" type="stmt"/>
          <line num="1068" count="0" type="stmt"/>
          <line num="1075" count="0" type="stmt"/>
          <line num="1077" count="0" type="stmt"/>
          <line num="1079" count="0" type="stmt"/>
          <line num="1080" count="0" type="stmt"/>
          <line num="1081" count="0" type="stmt"/>
          <line num="1083" count="0" type="stmt"/>
          <line num="1087" count="0" type="stmt"/>
          <line num="1088" count="0" type="stmt"/>
          <line num="1089" count="0" type="stmt"/>
          <line num="1093" count="0" type="stmt"/>
          <line num="1095" count="0" type="stmt"/>
          <line num="1097" count="0" type="stmt"/>
          <line num="1099" count="0" type="stmt"/>
          <line num="1100" count="0" type="stmt"/>
          <line num="1102" count="0" type="cond" truecount="0" falsecount="4"/>
          <line num="1103" count="0" type="stmt"/>
          <line num="1104" count="0" type="stmt"/>
          <line num="1106" count="0" type="stmt"/>
          <line num="1107" count="0" type="stmt"/>
          <line num="1110" count="0" type="stmt"/>
          <line num="1111" count="0" type="stmt"/>
          <line num="1112" count="0" type="stmt"/>
          <line num="1114" count="0" type="stmt"/>
          <line num="1115" count="0" type="stmt"/>
          <line num="1116" count="0" type="stmt"/>
          <line num="1117" count="0" type="stmt"/>
          <line num="1118" count="0" type="stmt"/>
          <line num="1120" count="0" type="stmt"/>
          <line num="1125" count="0" type="stmt"/>
          <line num="1128" count="0" type="stmt"/>
          <line num="1129" count="0" type="stmt"/>
          <line num="1130" count="0" type="stmt"/>
          <line num="1131" count="0" type="stmt"/>
          <line num="1132" count="0" type="stmt"/>
          <line num="1133" count="0" type="cond" truecount="0" falsecount="2"/>
          <line num="1136" count="0" type="stmt"/>
          <line num="1137" count="0" type="stmt"/>
          <line num="1138" count="0" type="cond" truecount="0" falsecount="2"/>
          <line num="1139" count="0" type="cond" truecount="0" falsecount="2"/>
          <line num="1142" count="0" type="stmt"/>
          <line num="1145" count="0" type="stmt"/>
          <line num="1148" count="0" type="stmt"/>
          <line num="1150" count="0" type="stmt"/>
          <line num="1153" count="0" type="stmt"/>
          <line num="1154" count="0" type="stmt"/>
          <line num="1155" count="0" type="stmt"/>
          <line num="1156" count="0" type="stmt"/>
          <line num="1157" count="0" type="stmt"/>
          <line num="1159" count="0" type="cond" truecount="0" falsecount="4"/>
          <line num="1161" count="0" type="stmt"/>
          <line num="1164" count="0" type="cond" truecount="0" falsecount="2"/>
          <line num="1165" count="0" type="stmt"/>
          <line num="1169" count="0" type="stmt"/>
          <line num="1173" count="0" type="stmt"/>
          <line num="1176" count="0" type="cond" truecount="0" falsecount="2"/>
          <line num="1178" count="0" type="stmt"/>
          <line num="1181" count="0" type="stmt"/>
          <line num="1187" count="0" type="stmt"/>
          <line num="1189" count="0" type="stmt"/>
          <line num="1192" count="0" type="stmt"/>
          <line num="1194" count="0" type="stmt"/>
          <line num="1196" count="0" type="stmt"/>
          <line num="1197" count="0" type="stmt"/>
          <line num="1198" count="0" type="stmt"/>
          <line num="1199" count="0" type="stmt"/>
          <line num="1202" count="0" type="stmt"/>
          <line num="1205" count="0" type="cond" truecount="0" falsecount="4"/>
          <line num="1206" count="0" type="stmt"/>
          <line num="1209" count="0" type="stmt"/>
          <line num="1210" count="0" type="stmt"/>
          <line num="1211" count="0" type="stmt"/>
          <line num="1212" count="0" type="stmt"/>
          <line num="1213" count="0" type="stmt"/>
          <line num="1218" count="0" type="cond" truecount="0" falsecount="2"/>
          <line num="1221" count="0" type="stmt"/>
          <line num="1223" count="0" type="stmt"/>
          <line num="1224" count="0" type="stmt"/>
          <line num="1225" count="0" type="stmt"/>
          <line num="1226" count="0" type="stmt"/>
          <line num="1227" count="0" type="stmt"/>
          <line num="1228" count="0" type="stmt"/>
          <line num="1230" count="0" type="stmt"/>
          <line num="1231" count="0" type="stmt"/>
          <line num="1234" count="0" type="stmt"/>
          <line num="1240" count="0" type="stmt"/>
          <line num="1245" count="0" type="stmt"/>
          <line num="1246" count="0" type="stmt"/>
          <line num="1249" count="0" type="stmt"/>
          <line num="1252" count="0" type="stmt"/>
          <line num="1256" count="0" type="stmt"/>
          <line num="1257" count="0" type="cond" truecount="0" falsecount="4"/>
          <line num="1258" count="0" type="stmt"/>
          <line num="1261" count="0" type="cond" truecount="0" falsecount="2"/>
          <line num="1262" count="0" type="stmt"/>
          <line num="1267" count="0" type="stmt"/>
          <line num="1268" count="0" type="stmt"/>
          <line num="1270" count="0" type="stmt"/>
          <line num="1271" count="0" type="stmt"/>
          <line num="1274" count="0" type="stmt"/>
          <line num="1275" count="0" type="cond" truecount="0" falsecount="2"/>
          <line num="1276" count="0" type="stmt"/>
          <line num="1278" count="0" type="cond" truecount="0" falsecount="3"/>
          <line num="1279" count="0" type="cond" truecount="0" falsecount="4"/>
          <line num="1280" count="0" type="cond" truecount="0" falsecount="2"/>
          <line num="1281" count="0" type="stmt"/>
          <line num="1283" count="0" type="stmt"/>
          <line num="1285" count="0" type="stmt"/>
          <line num="1289" count="0" type="stmt"/>
          <line num="1293" count="0" type="stmt"/>
          <line num="1294" count="0" type="cond" truecount="0" falsecount="2"/>
          <line num="1295" count="0" type="stmt"/>
          <line num="1296" count="0" type="stmt"/>
          <line num="1298" count="0" type="stmt"/>
          <line num="1299" count="0" type="stmt"/>
          <line num="1302" count="0" type="cond" truecount="0" falsecount="2"/>
          <line num="1304" count="0" type="stmt"/>
          <line num="1307" count="0" type="stmt"/>
          <line num="1308" count="0" type="stmt"/>
          <line num="1313" count="0" type="cond" truecount="0" falsecount="2"/>
          <line num="1316" count="0" type="stmt"/>
          <line num="1317" count="0" type="cond" truecount="0" falsecount="2"/>
          <line num="1318" count="0" type="stmt"/>
          <line num="1319" count="0" type="stmt"/>
          <line num="1321" count="0" type="stmt"/>
          <line num="1323" count="0" type="stmt"/>
          <line num="1324" count="0" type="cond" truecount="0" falsecount="2"/>
          <line num="1325" count="0" type="stmt"/>
          <line num="1326" count="0" type="stmt"/>
          <line num="1328" count="0" type="stmt"/>
          <line num="1333" count="0" type="stmt"/>
          <line num="1334" count="0" type="stmt"/>
          <line num="1335" count="0" type="stmt"/>
          <line num="1338" count="0" type="stmt"/>
          <line num="1339" count="0" type="cond" truecount="0" falsecount="2"/>
          <line num="1341" count="0" type="stmt"/>
          <line num="1342" count="0" type="stmt"/>
          <line num="1343" count="0" type="stmt"/>
          <line num="1344" count="0" type="stmt"/>
          <line num="1345" count="0" type="stmt"/>
          <line num="1347" count="0" type="cond" truecount="0" falsecount="2"/>
          <line num="1348" count="0" type="cond" truecount="0" falsecount="2"/>
          <line num="1349" count="0" type="stmt"/>
          <line num="1351" count="0" type="cond" truecount="0" falsecount="2"/>
          <line num="1352" count="0" type="stmt"/>
          <line num="1355" count="0" type="stmt"/>
          <line num="1360" count="0" type="stmt"/>
          <line num="1361" count="0" type="stmt"/>
          <line num="1364" count="0" type="stmt"/>
          <line num="1368" count="0" type="stmt"/>
          <line num="1369" count="0" type="stmt"/>
          <line num="1370" count="0" type="stmt"/>
          <line num="1372" count="0" type="cond" truecount="0" falsecount="4"/>
          <line num="1373" count="0" type="cond" truecount="0" falsecount="2"/>
          <line num="1375" count="0" type="stmt"/>
          <line num="1378" count="0" type="stmt"/>
          <line num="1381" count="0" type="cond" truecount="0" falsecount="2"/>
          <line num="1383" count="0" type="stmt"/>
          <line num="1384" count="0" type="stmt"/>
          <line num="1387" count="0" type="stmt"/>
          <line num="1388" count="0" type="stmt"/>
          <line num="1394" count="0" type="stmt"/>
          <line num="1395" count="0" type="cond" truecount="0" falsecount="2"/>
          <line num="1396" count="0" type="stmt"/>
          <line num="1398" count="0" type="stmt"/>
          <line num="1400" count="0" type="stmt"/>
          <line num="1401" count="0" type="stmt"/>
          <line num="1402" count="0" type="stmt"/>
          <line num="1403" count="0" type="stmt"/>
          <line num="1405" count="0" type="cond" truecount="0" falsecount="2"/>
          <line num="1406" count="0" type="stmt"/>
          <line num="1407" count="0" type="stmt"/>
          <line num="1409" count="0" type="stmt"/>
          <line num="1410" count="0" type="stmt"/>
          <line num="1414" count="0" type="stmt"/>
          <line num="1418" count="0" type="stmt"/>
          <line num="1420" count="0" type="cond" truecount="0" falsecount="2"/>
          <line num="1421" count="0" type="stmt"/>
          <line num="1424" count="0" type="cond" truecount="0" falsecount="2"/>
          <line num="1426" count="0" type="stmt"/>
          <line num="1429" count="0" type="stmt"/>
          <line num="1430" count="0" type="stmt"/>
          <line num="1433" count="0" type="cond" truecount="0" falsecount="2"/>
          <line num="1434" count="0" type="stmt"/>
          <line num="1435" count="0" type="stmt"/>
          <line num="1437" count="0" type="stmt"/>
          <line num="1438" count="0" type="stmt"/>
          <line num="1442" count="0" type="stmt"/>
          <line num="1447" count="0" type="stmt"/>
          <line num="1450" count="0" type="stmt"/>
          <line num="1451" count="0" type="stmt"/>
          <line num="1452" count="0" type="stmt"/>
          <line num="1455" count="0" type="stmt"/>
          <line num="1457" count="0" type="stmt"/>
          <line num="1459" count="0" type="stmt"/>
          <line num="1462" count="0" type="stmt"/>
          <line num="1463" count="0" type="stmt"/>
          <line num="1466" count="0" type="stmt"/>
          <line num="1469" count="0" type="stmt"/>
          <line num="1472" count="0" type="stmt"/>
          <line num="1475" count="0" type="stmt"/>
          <line num="1477" count="0" type="stmt"/>
          <line num="1480" count="0" type="stmt"/>
          <line num="1481" count="0" type="stmt"/>
          <line num="1484" count="0" type="stmt"/>
          <line num="1487" count="0" type="stmt"/>
          <line num="1490" count="0" type="stmt"/>
          <line num="1494" count="0" type="stmt"/>
          <line num="1495" count="0" type="stmt"/>
          <line num="1496" count="0" type="stmt"/>
          <line num="1497" count="0" type="cond" truecount="0" falsecount="2"/>
          <line num="1498" count="0" type="stmt"/>
          <line num="1502" count="0" type="stmt"/>
          <line num="1503" count="0" type="stmt"/>
          <line num="1504" count="0" type="stmt"/>
          <line num="1505" count="0" type="stmt"/>
          <line num="1506" count="0" type="stmt"/>
          <line num="1509" count="0" type="stmt"/>
          <line num="1513" count="0" type="stmt"/>
          <line num="1514" count="0" type="stmt"/>
          <line num="1515" count="0" type="stmt"/>
          <line num="1516" count="0" type="stmt"/>
          <line num="1517" count="0" type="stmt"/>
          <line num="1518" count="0" type="stmt"/>
          <line num="1519" count="0" type="stmt"/>
          <line num="1522" count="0" type="stmt"/>
          <line num="1523" count="0" type="stmt"/>
          <line num="1525" count="0" type="stmt"/>
          <line num="1527" count="0" type="cond" truecount="0" falsecount="4"/>
          <line num="1528" count="0" type="stmt"/>
          <line num="1532" count="0" type="stmt"/>
          <line num="1533" count="0" type="cond" truecount="0" falsecount="5"/>
          <line num="1535" count="0" type="stmt"/>
          <line num="1538" count="0" type="stmt"/>
          <line num="1542" count="0" type="cond" truecount="0" falsecount="4"/>
          <line num="1543" count="0" type="stmt"/>
          <line num="1549" count="0" type="stmt"/>
          <line num="1550" count="0" type="stmt"/>
          <line num="1553" count="0" type="stmt"/>
          <line num="1555" count="0" type="stmt"/>
          <line num="1556" count="0" type="cond" truecount="0" falsecount="2"/>
          <line num="1557" count="0" type="stmt"/>
          <line num="1559" count="0" type="stmt"/>
          <line num="1562" count="0" type="stmt"/>
          <line num="1564" count="0" type="cond" truecount="0" falsecount="2"/>
          <line num="1565" count="0" type="stmt"/>
          <line num="1567" count="0" type="stmt"/>
          <line num="1570" count="0" type="cond" truecount="0" falsecount="4"/>
          <line num="1572" count="0" type="stmt"/>
          <line num="1575" count="0" type="cond" truecount="0" falsecount="4"/>
          <line num="1577" count="0" type="stmt"/>
          <line num="1581" count="0" type="stmt"/>
          <line num="1584" count="0" type="stmt"/>
          <line num="1585" count="0" type="stmt"/>
          <line num="1588" count="0" type="stmt"/>
          <line num="1589" count="0" type="stmt"/>
          <line num="1595" count="0" type="stmt"/>
          <line num="1597" count="0" type="stmt"/>
          <line num="1600" count="0" type="stmt"/>
          <line num="1601" count="0" type="stmt"/>
          <line num="1602" count="0" type="stmt"/>
          <line num="1603" count="0" type="stmt"/>
          <line num="1606" count="0" type="stmt"/>
          <line num="1609" count="0" type="stmt"/>
          <line num="1613" count="0" type="stmt"/>
          <line num="1614" count="0" type="stmt"/>
          <line num="1615" count="0" type="stmt"/>
          <line num="1616" count="0" type="stmt"/>
          <line num="1617" count="0" type="stmt"/>
          <line num="1618" count="0" type="stmt"/>
          <line num="1619" count="0" type="cond" truecount="0" falsecount="2"/>
          <line num="1622" count="0" type="stmt"/>
          <line num="1625" count="0" type="stmt"/>
          <line num="1626" count="0" type="stmt"/>
          <line num="1627" count="0" type="stmt"/>
          <line num="1628" count="0" type="stmt"/>
          <line num="1631" count="0" type="stmt"/>
          <line num="1635" count="0" type="stmt"/>
          <line num="1640" count="0" type="stmt"/>
          <line num="1641" count="0" type="stmt"/>
          <line num="1642" count="0" type="stmt"/>
          <line num="1645" count="0" type="stmt"/>
          <line num="1646" count="0" type="cond" truecount="0" falsecount="2"/>
          <line num="1647" count="0" type="stmt"/>
          <line num="1650" count="0" type="stmt"/>
          <line num="1657" count="0" type="cond" truecount="0" falsecount="2"/>
          <line num="1658" count="0" type="stmt"/>
          <line num="1661" count="0" type="stmt"/>
          <line num="1668" count="0" type="stmt"/>
          <line num="1669" count="0" type="stmt"/>
          <line num="1670" count="0" type="stmt"/>
          <line num="1671" count="0" type="cond" truecount="0" falsecount="2"/>
          <line num="1673" count="0" type="stmt"/>
          <line num="1676" count="0" type="cond" truecount="0" falsecount="2"/>
          <line num="1677" count="0" type="stmt"/>
          <line num="1680" count="0" type="stmt"/>
          <line num="1681" count="0" type="stmt"/>
          <line num="1684" count="0" type="stmt"/>
          <line num="1687" count="0" type="stmt"/>
          <line num="1690" count="0" type="stmt"/>
          <line num="1694" count="0" type="stmt"/>
          <line num="1695" count="0" type="stmt"/>
          <line num="1696" count="0" type="stmt"/>
          <line num="1697" count="0" type="cond" truecount="0" falsecount="2"/>
          <line num="1698" count="0" type="stmt"/>
          <line num="1701" count="0" type="stmt"/>
          <line num="1702" count="0" type="stmt"/>
          <line num="1705" count="0" type="stmt"/>
          <line num="1708" count="0" type="stmt"/>
          <line num="1712" count="0" type="stmt"/>
          <line num="1715" count="0" type="stmt"/>
          <line num="1716" count="0" type="stmt"/>
          <line num="1717" count="0" type="stmt"/>
          <line num="1718" count="0" type="stmt"/>
          <line num="1719" count="0" type="cond" truecount="0" falsecount="2"/>
          <line num="1720" count="0" type="stmt"/>
          <line num="1721" count="0" type="stmt"/>
          <line num="1724" count="0" type="stmt"/>
          <line num="1727" count="0" type="stmt"/>
          <line num="1730" count="0" type="stmt"/>
          <line num="1733" count="0" type="stmt"/>
          <line num="1735" count="0" type="stmt"/>
          <line num="1738" count="0" type="stmt"/>
          <line num="1739" count="0" type="stmt"/>
          <line num="1742" count="0" type="stmt"/>
          <line num="1745" count="0" type="stmt"/>
          <line num="1749" count="0" type="stmt"/>
          <line num="1750" count="0" type="stmt"/>
          <line num="1751" count="0" type="stmt"/>
          <line num="1752" count="0" type="stmt"/>
          <line num="1753" count="0" type="stmt"/>
          <line num="1754" count="0" type="stmt"/>
          <line num="1755" count="0" type="stmt"/>
          <line num="1757" count="0" type="stmt"/>
          <line num="1761" count="0" type="stmt"/>
          <line num="1762" count="0" type="stmt"/>
          <line num="1765" count="0" type="stmt"/>
          <line num="1766" count="0" type="stmt"/>
          <line num="1770" count="0" type="stmt"/>
          <line num="1771" count="0" type="stmt"/>
          <line num="1774" count="0" type="stmt"/>
          <line num="1776" count="0" type="stmt"/>
          <line num="1777" count="0" type="cond" truecount="0" falsecount="2"/>
          <line num="1778" count="0" type="stmt"/>
          <line num="1780" count="0" type="stmt"/>
          <line num="1783" count="0" type="stmt"/>
          <line num="1785" count="0" type="cond" truecount="0" falsecount="2"/>
          <line num="1786" count="0" type="stmt"/>
          <line num="1788" count="0" type="stmt"/>
          <line num="1791" count="0" type="cond" truecount="0" falsecount="4"/>
          <line num="1793" count="0" type="stmt"/>
          <line num="1796" count="0" type="cond" truecount="0" falsecount="4"/>
          <line num="1798" count="0" type="stmt"/>
          <line num="1802" count="0" type="stmt"/>
          <line num="1805" count="0" type="stmt"/>
          <line num="1806" count="0" type="stmt"/>
          <line num="1809" count="0" type="stmt"/>
          <line num="1810" count="0" type="stmt"/>
          <line num="1816" count="0" type="stmt"/>
          <line num="1818" count="0" type="stmt"/>
          <line num="1821" count="0" type="stmt"/>
          <line num="1822" count="0" type="stmt"/>
          <line num="1823" count="0" type="stmt"/>
          <line num="1824" count="0" type="stmt"/>
          <line num="1825" count="0" type="stmt"/>
          <line num="1828" count="0" type="stmt"/>
          <line num="1831" count="0" type="cond" truecount="0" falsecount="2"/>
          <line num="1834" count="0" type="stmt"/>
          <line num="1838" count="0" type="stmt"/>
          <line num="1839" count="0" type="stmt"/>
          <line num="1840" count="0" type="stmt"/>
          <line num="1841" count="0" type="stmt"/>
          <line num="1842" count="0" type="stmt"/>
          <line num="1843" count="0" type="stmt"/>
          <line num="1844" count="0" type="stmt"/>
          <line num="1845" count="0" type="cond" truecount="0" falsecount="2"/>
          <line num="1848" count="0" type="stmt"/>
          <line num="1851" count="0" type="stmt"/>
          <line num="1852" count="0" type="stmt"/>
          <line num="1853" count="0" type="stmt"/>
          <line num="1854" count="0" type="stmt"/>
          <line num="1857" count="0" type="stmt"/>
          <line num="1861" count="0" type="stmt"/>
          <line num="1866" count="0" type="stmt"/>
          <line num="1867" count="0" type="stmt"/>
          <line num="1868" count="0" type="stmt"/>
          <line num="1869" count="0" type="stmt"/>
          <line num="1872" count="0" type="cond" truecount="0" falsecount="2"/>
          <line num="1873" count="0" type="stmt"/>
          <line num="1877" count="0" type="stmt"/>
          <line num="1878" count="0" type="cond" truecount="0" falsecount="2"/>
          <line num="1879" count="0" type="stmt"/>
          <line num="1883" count="0" type="stmt"/>
          <line num="1890" count="0" type="cond" truecount="0" falsecount="2"/>
          <line num="1891" count="0" type="stmt"/>
          <line num="1894" count="0" type="stmt"/>
          <line num="1900" count="0" type="stmt"/>
          <line num="1906" count="0" type="stmt"/>
          <line num="1907" count="0" type="stmt"/>
          <line num="1908" count="0" type="stmt"/>
          <line num="1909" count="0" type="stmt"/>
          <line num="1910" count="0" type="stmt"/>
          <line num="1911" count="0" type="cond" truecount="0" falsecount="2"/>
          <line num="1912" count="0" type="stmt"/>
          <line num="1913" count="0" type="stmt"/>
          <line num="1919" count="0" type="stmt"/>
          <line num="1920" count="0" type="stmt"/>
          <line num="1921" count="0" type="stmt"/>
          <line num="1922" count="0" type="cond" truecount="0" falsecount="2"/>
          <line num="1924" count="0" type="stmt"/>
          <line num="1927" count="0" type="cond" truecount="0" falsecount="2"/>
          <line num="1928" count="0" type="stmt"/>
          <line num="1931" count="0" type="stmt"/>
          <line num="1932" count="0" type="stmt"/>
          <line num="1935" count="0" type="stmt"/>
          <line num="1938" count="0" type="stmt"/>
          <line num="1941" count="0" type="stmt"/>
          <line num="1943" count="0" type="cond" truecount="0" falsecount="2"/>
          <line num="1945" count="0" type="stmt"/>
          <line num="1948" count="0" type="stmt"/>
          <line num="1953" count="0" type="stmt"/>
          <line num="1954" count="0" type="stmt"/>
          <line num="1955" count="0" type="stmt"/>
          <line num="1956" count="0" type="cond" truecount="0" falsecount="2"/>
          <line num="1957" count="0" type="stmt"/>
          <line num="1960" count="0" type="stmt"/>
          <line num="1961" count="0" type="stmt"/>
          <line num="1964" count="0" type="stmt"/>
          <line num="1967" count="0" type="stmt"/>
          <line num="1972" count="0" type="stmt"/>
          <line num="1975" count="0" type="stmt"/>
          <line num="1976" count="0" type="stmt"/>
          <line num="1977" count="0" type="stmt"/>
          <line num="1978" count="0" type="stmt"/>
          <line num="1980" count="0" type="stmt"/>
          <line num="1983" count="0" type="stmt"/>
          <line num="1986" count="0" type="stmt"/>
          <line num="1989" count="0" type="stmt"/>
          <line num="1991" count="0" type="stmt"/>
          <line num="1993" count="0" type="stmt"/>
          <line num="1994" count="0" type="stmt"/>
          <line num="1997" count="0" type="stmt"/>
          <line num="2000" count="0" type="stmt"/>
          <line num="2004" count="0" type="stmt"/>
          <line num="2005" count="0" type="stmt"/>
          <line num="2006" count="0" type="stmt"/>
          <line num="2007" count="0" type="stmt"/>
          <line num="2008" count="0" type="stmt"/>
          <line num="2010" count="0" type="stmt"/>
          <line num="2011" count="0" type="stmt"/>
          <line num="2014" count="0" type="stmt"/>
          <line num="2015" count="0" type="stmt"/>
          <line num="2019" count="0" type="stmt"/>
          <line num="2020" count="0" type="stmt"/>
          <line num="2021" count="0" type="stmt"/>
          <line num="2022" count="0" type="stmt"/>
          <line num="2025" count="0" type="stmt"/>
          <line num="2026" count="0" type="stmt"/>
          <line num="2030" count="0" type="stmt"/>
          <line num="2031" count="0" type="cond" truecount="0" falsecount="2"/>
          <line num="2032" count="0" type="stmt"/>
          <line num="2034" count="0" type="stmt"/>
          <line num="2037" count="0" type="stmt"/>
          <line num="2039" count="0" type="cond" truecount="0" falsecount="2"/>
          <line num="2040" count="0" type="cond" truecount="0" falsecount="2"/>
          <line num="2041" count="0" type="stmt"/>
          <line num="2043" count="0" type="stmt"/>
          <line num="2046" count="0" type="cond" truecount="0" falsecount="4"/>
          <line num="2048" count="0" type="stmt"/>
          <line num="2052" count="0" type="cond" truecount="0" falsecount="4"/>
          <line num="2054" count="0" type="stmt"/>
          <line num="2058" count="0" type="stmt"/>
          <line num="2063" count="0" type="stmt"/>
          <line num="2065" count="0" type="stmt"/>
          <line num="2068" count="0" type="stmt"/>
          <line num="2069" count="0" type="stmt"/>
          <line num="2070" count="0" type="stmt"/>
          <line num="2071" count="0" type="stmt"/>
          <line num="2074" count="0" type="stmt"/>
          <line num="2077" count="0" type="stmt"/>
          <line num="2080" count="0" type="stmt"/>
          <line num="2084" count="0" type="stmt"/>
          <line num="2085" count="0" type="stmt"/>
          <line num="2086" count="0" type="stmt"/>
          <line num="2087" count="0" type="stmt"/>
          <line num="2088" count="0" type="stmt"/>
          <line num="2089" count="0" type="stmt"/>
          <line num="2090" count="0" type="stmt"/>
          <line num="2091" count="0" type="stmt"/>
          <line num="2092" count="0" type="stmt"/>
          <line num="2095" count="0" type="cond" truecount="0" falsecount="2"/>
          <line num="2096" count="0" type="stmt"/>
          <line num="2099" count="0" type="stmt"/>
          <line num="2106" count="0" type="stmt"/>
          <line num="2107" count="0" type="stmt"/>
          <line num="2108" count="0" type="stmt"/>
          <line num="2109" count="0" type="cond" truecount="0" falsecount="2"/>
          <line num="2111" count="0" type="stmt"/>
          <line num="2114" count="0" type="cond" truecount="0" falsecount="2"/>
          <line num="2115" count="0" type="stmt"/>
          <line num="2118" count="0" type="stmt"/>
          <line num="2120" count="0" type="stmt"/>
          <line num="2121" count="0" type="stmt"/>
          <line num="2124" count="0" type="stmt"/>
          <line num="2127" count="0" type="cond" truecount="0" falsecount="2"/>
          <line num="2131" count="0" type="stmt"/>
          <line num="2132" count="0" type="stmt"/>
          <line num="2133" count="0" type="stmt"/>
          <line num="2134" count="0" type="cond" truecount="0" falsecount="2"/>
          <line num="2135" count="0" type="stmt"/>
          <line num="2138" count="0" type="stmt"/>
          <line num="2141" count="0" type="stmt"/>
          <line num="2142" count="0" type="stmt"/>
          <line num="2145" count="0" type="cond" truecount="0" falsecount="2"/>
          <line num="2149" count="0" type="stmt"/>
          <line num="2152" count="0" type="stmt"/>
          <line num="2153" count="0" type="stmt"/>
          <line num="2156" count="0" type="stmt"/>
          <line num="2159" count="0" type="stmt"/>
          <line num="2162" count="0" type="stmt"/>
          <line num="2165" count="0" type="stmt"/>
          <line num="2167" count="0" type="stmt"/>
          <line num="2170" count="0" type="stmt"/>
          <line num="2171" count="0" type="stmt"/>
          <line num="2172" count="0" type="stmt"/>
          <line num="2173" count="0" type="stmt"/>
          <line num="2174" count="0" type="stmt"/>
          <line num="2177" count="0" type="cond" truecount="0" falsecount="2"/>
          <line num="2179" count="0" type="stmt"/>
          <line num="2180" count="0" type="stmt"/>
          <line num="2181" count="0" type="stmt"/>
          <line num="2184" count="0" type="stmt"/>
          <line num="2192" count="0" type="stmt"/>
          <line num="2193" count="0" type="stmt"/>
          <line num="2196" count="0" type="stmt"/>
          <line num="2199" count="0" type="stmt"/>
          <line num="2202" count="0" type="stmt"/>
          <line num="2205" count="0" type="stmt"/>
          <line num="2208" count="0" type="stmt"/>
          <line num="2211" count="0" type="stmt"/>
          <line num="2214" count="0" type="stmt"/>
          <line num="2217" count="0" type="stmt"/>
          <line num="2221" count="0" type="stmt"/>
          <line num="2222" count="0" type="stmt"/>
          <line num="2223" count="0" type="stmt"/>
          <line num="2224" count="0" type="stmt"/>
          <line num="2227" count="0" type="stmt"/>
          <line num="2228" count="0" type="cond" truecount="0" falsecount="2"/>
          <line num="2229" count="0" type="stmt"/>
          <line num="2231" count="0" type="stmt"/>
          <line num="2232" count="0" type="cond" truecount="0" falsecount="2"/>
          <line num="2234" count="0" type="stmt"/>
          <line num="2235" count="0" type="stmt"/>
          <line num="2239" count="0" type="stmt"/>
          <line num="2240" count="0" type="cond" truecount="0" falsecount="2"/>
[...]
          <line num="232" count="0" type="stmt"/>
          <line num="234" count="0" type="stmt"/>
          <line num="248" count="0" type="stmt"/>
          <line num="249" count="0" type="stmt"/>
          <line num="255" count="0" type="stmt"/>
          <line num="256" count="0" type="stmt"/>
          <line num="257" count="0" type="stmt"/>
          <line num="260" count="0" type="stmt"/>
          <line num="261" count="0" type="stmt"/>
          <line num="263" count="0" type="stmt"/>
          <line num="264" count="0" type="stmt"/>
          <line num="265" count="0" type="stmt"/>
          <line num="267" count="0" type="stmt"/>
          <line num="269" count="0" type="stmt"/>
          <line num="271" count="0" type="stmt"/>
          <line num="273" count="0" type="stmt"/>
          <line num="275" count="0" type="stmt"/>
          <line num="276" count="0" type="stmt"/>
          <line num="281" count="0" type="stmt"/>
          <line num="284" count="0" type="stmt"/>
          <line num="285" count="0" type="stmt"/>
          <line num="286" count="0" type="stmt"/>
        </file>
      </package>
      <package name="app.Containers.Question.Components">
        <metrics statements="132" coveredstatements="0" conditionals="73" coveredconditionals="0" methods="48" coveredmethods="0"/>
        <file name="Formadd.jsx" path="/Users/yhtml5/projects/gits/YHTML5-Seed/apps/react-dashboard/app/Containers/Question/Components/Formadd.jsx">
          <metrics statements="65" coveredstatements="0" conditionals="35" coveredconditionals="0" methods="18" coveredmethods="0"/>
          <line num="1" count="0" type="stmt"/>
          <line num="2" count="0" type="stmt"/>
          <line num="3" count="0" type="stmt"/>
          <line num="4" count="0" type="cond" truecount="0" falsecount="4"/>
          <line num="5" count="0" type="stmt"/>
          <line num="6" count="0" type="stmt"/>
          <line num="9" count="0" type="stmt"/>
          <line num="12" count="0" type="stmt"/>
          <line num="19" count="0" type="cond" truecount="0" falsecount="2"/>
          <line num="22" count="0" type="stmt"/>
          <line num="26" count="0" type="stmt"/>
          <line num="29" count="0" type="cond" truecount="0" falsecount="2"/>
          <line num="30" count="0" type="stmt"/>
          <line num="35" count="0" type="stmt"/>
          <line num="36" count="0" type="cond" truecount="0" falsecount="2"/>
          <line num="37" count="0" type="stmt"/>
          <line num="39" count="0" type="stmt"/>
          <line num="40" count="0" type="cond" truecount="0" falsecount="2"/>
          <line num="41" count="0" type="cond" truecount="0" falsecount="2"/>
          <line num="42" count="0" type="stmt"/>
          <line num="43" count="0" type="cond" truecount="0" falsecount="2"/>
          <line num="44" count="0" type="stmt"/>
          <line num="47" count="0" type="stmt"/>
          <line num="50" count="0" type="stmt"/>
          <line num="52" count="0" type="stmt"/>
          <line num="53" count="0" type="stmt"/>
          <line num="54" count="0" type="stmt"/>
          <line num="55" count="0" type="stmt"/>
          <line num="70" count="0" type="stmt"/>
          <line num="71" count="0" type="stmt"/>
          <line num="72" count="0" type="stmt"/>
          <line num="78" count="0" type="stmt"/>
          <line num="85" count="0" type="stmt"/>
          <line num="86" count="0" type="stmt"/>
          <line num="87" count="0" type="stmt"/>
          <line num="88" count="0" type="cond" truecount="0" falsecount="5"/>
          <line num="89" count="0" type="stmt"/>
          <line num="90" count="0" type="stmt"/>
          <line num="92" count="0" type="stmt"/>
          <line num="93" count="0" type="cond" truecount="0" falsecount="2"/>
          <line num="94" count="0" type="stmt"/>
          <line num="95" count="0" type="stmt"/>
          <line num="97" count="0" type="stmt"/>
          <line num="98" count="0" type="stmt"/>
          <line num="99" count="0" type="stmt"/>
          <line num="105" count="0" type="stmt"/>
          <line num="108" count="0" type="cond" truecount="0" falsecount="2"/>
          <line num="109" count="0" type="stmt"/>
          <line num="111" count="0" type="cond" truecount="0" falsecount="2"/>
          <line num="116" count="0" type="cond" truecount="0" falsecount="2"/>
          <line num="117" count="0" type="stmt"/>
          <line num="119" count="0" type="stmt"/>
          <line num="121" count="0" type="cond" truecount="0" falsecount="2"/>
          <line num="122" count="0" type="stmt"/>
          <line num="127" count="0" type="stmt"/>
          <line num="129" count="0" type="stmt"/>
          <line num="133" count="0" type="stmt"/>
          <line num="134" count="0" type="stmt"/>
          <line num="141" count="0" type="stmt"/>
          <line num="145" count="0" type="stmt"/>
          <line num="150" count="0" type="stmt"/>
          <line num="155" count="0" type="stmt"/>
          <line num="165" count="0" type="stmt"/>
          <line num="177" count="0" type="stmt"/>
          <line num="258" count="0" type="stmt"/>
        </file>
        <file name="Modal.jsx" path="/Users/yhtml5/projects/gits/YHTML5-Seed/apps/react-dashboard/app/Containers/Question/Components/Modal.jsx">
          <metrics statements="24" coveredstatements="0" conditionals="10" coveredconditionals="0" methods="7" coveredmethods="0"/>
          <line num="1" count="0" type="stmt"/>
          <line num="2" count="0" type="stmt"/>
          <line num="3" count="0" type="stmt"/>
          <line num="4" count="0" type="cond" truecount="0" falsecount="4"/>
          <line num="5" count="0" type="stmt"/>
          <line num="8" count="0" type="stmt"/>
          <line num="14" count="0" type="stmt"/>
          <line num="15" count="0" type="cond" truecount="0" falsecount="2"/>
          <line num="16" count="0" type="stmt"/>
          <line num="18" count="0" type="stmt"/>
          <line num="19" count="0" type="stmt"/>
          <line num="21" count="0" type="stmt"/>
          <line num="22" count="0" type="stmt"/>
          <line num="23" count="0" type="stmt"/>
          <line num="24" count="0" type="cond" truecount="0" falsecount="2"/>
          <line num="26" count="0" type="stmt"/>
          <line num="27" count="0" type="stmt"/>
          <line num="29" count="0" type="stmt"/>
          <line num="37" count="0" type="stmt"/>
          <line num="38" count="0" type="stmt"/>
          <line num="41" count="0" type="stmt"/>
          <line num="44" count="0" type="stmt"/>
          <line num="48" count="0" type="stmt"/>
          <line num="73" count="0" type="stmt"/>
        </file>
        <file name="Search.jsx" path="/Users/yhtml5/projects/gits/YHTML5-Seed/apps/react-dashboard/app/Containers/Question/Components/Search.jsx">
          <metrics statements="23" coveredstatements="0" conditionals="6" coveredconditionals="0" methods="9" coveredmethods="0"/>
          <line num="1" count="0" type="stmt"/>
          <line num="2" count="0" type="stmt"/>
          <line num="3" count="0" type="cond" truecount="0" falsecount="4"/>
          <line num="4" count="0" type="stmt"/>
          <line num="11" count="0" type="stmt"/>
          <line num="16" count="0" type="stmt"/>
          <line num="27" count="0" type="stmt"/>
          <line num="28" count="0" type="stmt"/>
          <line num="29" count="0" type="stmt"/>
          <line num="30" count="0" type="cond" truecount="0" falsecount="2"/>
          <line num="31" count="0" type="stmt"/>
          <line num="32" count="0" type="stmt"/>
          <line num="36" count="0" type="stmt"/>
          <line num="37" count="0" type="stmt"/>
          <line num="38" count="0" type="stmt"/>
          <line num="45" count="0" type="stmt"/>
          <line num="46" count="0" type="stmt"/>
          <line num="47" count="0" type="stmt"/>
          <line num="49" count="0" type="stmt"/>
          <line num="63" count="0" type="stmt"/>
          <line num="74" count="0" type="stmt"/>
          <line num="109" count="0" type="stmt"/>
          <line num="115" count="0" type="stmt"/>
        </file>
        <file name="Table.jsx" path="/Users/yhtml5/projects/gits/YHTML5-Seed/apps/react-dashboard/app/Containers/Question/Components/Table.jsx">
          <metrics statements="16" coveredstatements="0" conditionals="18" coveredconditionals="0" methods="12" coveredmethods="0"/>
          <line num="1" count="0" type="stmt"/>
          <line num="2" count="0" type="stmt"/>
          <line num="3" count="0" type="cond" truecount="0" falsecount="4"/>
          <line num="6" count="0" type="stmt"/>
          <line num="22" count="0" type="cond" truecount="0" falsecount="2"/>
          <line num="29" count="0" type="cond" truecount="0" falsecount="2"/>
          <line num="35" count="0" type="stmt"/>
          <line num="46" count="0" type="cond" truecount="0" falsecount="2"/>
          <line num="52" count="0" type="stmt"/>
          <line num="54" count="0" type="cond" truecount="0" falsecount="2"/>
          <line num="60" count="0" type="stmt"/>
          <line num="62" count="0" type="stmt"/>
          <line num="68" count="0" type="cond" truecount="0" falsecount="2"/>
          <line num="72" count="0" type="stmt"/>
          <line num="75" count="0" type="stmt"/>
          <line num="83" count="0" type="stmt"/>
        </file>
        <file name="TableHeader.jsx" path="/Users/yhtml5/projects/gits/YHTML5-Seed/apps/react-dashboard/app/Containers/Question/Components/TableHeader.jsx">
          <metrics statements="4" coveredstatements="0" conditionals="4" coveredconditionals="0" methods="2" coveredmethods="0"/>
          <line num="1" count="0" type="stmt"/>
          <line num="2" count="0" type="cond" truecount="0" falsecount="4"/>
          <line num="5" count="0" type="stmt"/>
          <line num="12" count="0" type="stmt"/>
        </file>
      </package>
      <package name="app.redux">
        <metrics statements="23" coveredstatements="0" conditionals="8" coveredconditionals="0" methods="3" coveredmethods="0"/>
        <file name="actions.js" path="/Users/yhtml5/projects/gits/YHTML5-Seed/apps/react-dashboard/app/redux/actions.js">
          <metrics statements="3" coveredstatements="0" conditionals="0" coveredconditionals="0" methods="1" coveredmethods="0"/>
          <line num="1" count="0" type="stmt"/>
          <line num="2" count="0" type="stmt"/>
          <line num="5" count="0" type="stmt"/>
        </file>
        <file name="reducers.js" path="/Users/yhtml5/projects/gits/YHTML5-Seed/apps/react-dashboard/app/redux/reducers.js">
          <metrics statements="10" coveredstatements="0" conditionals="4" coveredconditionals="0" methods="1" coveredmethods="0"/>
          <line num="1" count="0" type="stmt"/>
          <line num="2" count="0" type="stmt"/>
          <line num="3" count="0" type="stmt"/>
          <line num="4" count="0" type="stmt"/>
          <line num="5" count="0" type="stmt"/>
          <line num="6" count="0" type="stmt"/>
          <line num="7" count="0" type="stmt"/>
          <line num="8" count="0" type="stmt"/>
          <line num="9" count="0" type="stmt"/>
          <line num="10" count="0" type="cond" truecount="0" falsecount="4"/>
        </file>
        <file name="store.js" path="/Users/yhtml5/projects/gits/YHTML5-Seed/apps/react-dashboard/app/redux/store.js">
          <metrics statements="10" coveredstatements="0" conditionals="4" coveredconditionals="0" methods="1" coveredmethods="0"/>
          <line num="1" count="0" type="stmt"/>
          <line num="2" count="0" type="stmt"/>
          <line num="3" count="0" type="stmt"/>
          <line num="4" count="0" type="stmt"/>
          <line num="5" count="0" type="stmt"/>
          <line num="6" count="0" type="cond" truecount="0" falsecount="4"/>
          <line num="9" count="0" type="stmt"/>
          <line num="16" count="0" type="stmt"/>
          <line num="21" count="0" type="stmt"/>
          <line num="24" count="0" type="stmt"/>
        </file>
      </package>
      <package name="app.util">
        <metrics statements="95" coveredstatements="11" conditionals="47" coveredconditionals="0" methods="32" coveredmethods="2"/>
        <file name="ajax.js" path="/Users/yhtml5/projects/gits/YHTML5-Seed/apps/react-dashboard/app/util/ajax.js">
          <metrics statements="29" coveredstatements="0" conditionals="21" coveredconditionals="0" methods="5" coveredmethods="0"/>
          <line num="1" count="0" type="stmt"/>
          <line num="2" count="0" type="stmt"/>
          <line num="3" count="0" type="stmt"/>
          <line num="4" count="0" type="stmt"/>
          <line num="5" count="0" type="stmt"/>
          <line num="6" count="0" type="cond" truecount="0" falsecount="4"/>
          <line num="7" count="0" type="stmt"/>
          <line num="11" count="0" type="cond" truecount="0" falsecount="2"/>
          <line num="12" count="0" type="stmt"/>
          <line num="13" count="0" type="cond" truecount="0" falsecount="4"/>
          <line num="14" count="0" type="stmt"/>
          <line num="15" count="0" type="cond" truecount="0" falsecount="5"/>
          <line num="16" count="0" type="stmt"/>
          <line num="18" count="0" type="stmt"/>
          <line num="22" count="0" type="stmt"/>
          <line num="23" count="0" type="stmt"/>
          <line num="31" count="0" type="stmt"/>
          <line num="32" count="0" type="stmt"/>
          <line num="33" count="0" type="stmt"/>
          <line num="37" count="0" type="cond" truecount="0" falsecount="2"/>
          <line num="38" count="0" type="stmt"/>
          <line num="39" count="0" type="cond" truecount="0" falsecount="2"/>
          <line num="40" count="0" type="stmt"/>
          <line num="41" count="0" type="stmt"/>
          <line num="42" count="0" type="stmt"/>
          <line num="45" count="0" type="cond" truecount="0" falsecount="2"/>
          <line num="46" count="0" type="stmt"/>
          <line num="48" count="0" type="stmt"/>
          <line num="51" count="0" type="stmt"/>
        </file>
        <file name="cookie.js" path="/Users/yhtml5/projects/gits/YHTML5-Seed/apps/react-dashboard/app/util/cookie.js">
          <metrics statements="15" coveredstatements="0" conditionals="6" coveredconditionals="0" methods="4" coveredmethods="0"/>
          <line num="1" count="0" type="stmt"/>
          <line num="14" count="0" type="stmt"/>
          <line num="15" count="0" type="stmt"/>
          <line num="16" count="0" type="stmt"/>
          <line num="17" count="0" type="stmt"/>
          <line num="20" count="0" type="stmt"/>
          <line num="21" count="0" type="cond" truecount="0" falsecount="2"/>
          <line num="25" count="0" type="stmt"/>
          <line num="26" count="0" type="cond" truecount="0" falsecount="2"/>
          <line num="27" count="0" type="stmt"/>
          <line num="29" count="0" type="stmt"/>
          <line num="30" count="0" type="cond" truecount="0" falsecount="2"/>
          <line num="31" count="0" type="stmt"/>
          <line num="34" count="0" type="stmt"/>
          <line num="36" count="0" type="stmt"/>
        </file>
        <file name="index.js" path="/Users/yhtml5/projects/gits/YHTML5-Seed/apps/react-dashboard/app/util/index.js">
          <metrics statements="4" coveredstatements="0" conditionals="0" coveredconditionals="0" methods="2" coveredmethods="0"/>
          <line num="1" count="0" type="stmt"/>
          <line num="3" count="0" type="stmt"/>
          <line num="4" count="0" type="stmt"/>
          <line num="5" count="0" type="stmt"/>
        </file>
        <file name="localStorage.js" path="/Users/yhtml5/projects/gits/YHTML5-Seed/apps/react-dashboard/app/util/localStorage.js">
          <metrics statements="3" coveredstatements="0" conditionals="2" coveredconditionals="0" methods="1" coveredmethods="0"/>
          <line num="2" count="0" type="stmt"/>
          <line num="3" count="0" type="cond" truecount="0" falsecount="2"/>
          <line num="5" count="0" type="stmt"/>
        </file>
        <file name="polyfill.js" path="/Users/yhtml5/projects/gits/YHTML5-Seed/apps/react-dashboard/app/util/polyfill.js">
          <metrics statements="0" coveredstatements="0" conditionals="0" coveredconditionals="0" methods="0" coveredmethods="0"/>
        </file>
        <file name="prototype.js" path="/Users/yhtml5/projects/gits/YHTML5-Seed/apps/react-dashboard/app/util/prototype.js">
          <metrics statements="0" coveredstatements="0" conditionals="0" coveredconditionals="0" methods="0" coveredmethods="0"/>
        </file>
        <file name="security.js" path="/Users/yhtml5/projects/gits/YHTML5-Seed/apps/react-dashboard/app/util/security.js">
          <metrics statements="6" coveredstatements="0" conditionals="0" coveredconditionals="0" methods="4" coveredmethods="0"/>
          <line num="1" count="0" type="stmt"/>
          <line num="2" count="0" type="stmt"/>
          <line num="3" count="0" type="stmt"/>
          <line num="5" count="0" type="stmt"/>
          <line num="6" count="0" type="stmt"/>
          <line num="8" count="0" type="stmt"/>
        </file>
        <file name="util.js" path="/Users/yhtml5/projects/gits/YHTML5-Seed/apps/react-dashboard/app/util/util.js">
          <metrics statements="27" coveredstatements="0" conditionals="8" coveredconditionals="0" methods="5" coveredmethods="0"/>
          <line num="1" count="0" type="stmt"/>
          <line num="2" count="0" type="stmt"/>
          <line num="3" count="0" type="stmt"/>
          <line num="4" count="0" type="stmt"/>
          <line num="5" count="0" type="stmt"/>
          <line num="7" count="0" type="stmt"/>
          <line num="9" count="0" type="stmt"/>
          <line num="12" count="0" type="cond" truecount="0" falsecount="2"/>
          <line num="13" count="0" type="stmt"/>
          <line num="14" count="0" type="stmt"/>
          <line num="15" count="0" type="stmt"/>
          <line num="16" count="0" type="stmt"/>
          <line num="21" count="0" type="cond" truecount="0" falsecount="2"/>
          <line num="22" count="0" type="stmt"/>
          <line num="23" count="0" type="stmt"/>
          <line num="24" count="0" type="stmt"/>
          <line num="25" count="0" type="stmt"/>
          <line num="26" count="0" type="stmt"/>
          <line num="28" count="0" type="stmt"/>
          <line num="29" count="0" type="stmt"/>
          <line num="30" count="0" type="stmt"/>
          <line num="31" count="0" type="stmt"/>
          <line num="33" count="0" type="stmt"/>
          <line num="38" count="0" type="cond" truecount="0" falsecount="4"/>
          <line num="40" count="0" type="stmt"/>
          <line num="42" count="0" type="stmt"/>
          <line num="44" count="0" type="stmt"/>
        </file>
        <file name="validator.js" path="/Users/yhtml5/projects/gits/YHTML5-Seed/apps/react-dashboard/app/util/validator.js">
          <metrics statements="11" coveredstatements="11" conditionals="10" coveredconditionals="0" methods="11" coveredmethods="2"/>
          <line num="19" count="16" type="stmt"/>
          <line num="20" count="2" type="stmt"/>
          <line num="21" count="2" type="stmt"/>
          <line num="22" count="2" type="cond" truecount="0" falsecount="2"/>
          <line num="23" count="2" type="cond" truecount="0" falsecount="2"/>
          <line num="24" count="2" type="stmt"/>
          <line num="25" count="2" type="stmt"/>
          <line num="26" count="2" type="cond" truecount="0" falsecount="2"/>
          <line num="27" count="2" type="cond" truecount="0" falsecount="2"/>
          <line num="28" count="2" type="stmt"/>
          <line num="29" count="2" type="cond" truecount="0" falsecount="2"/>
        </file>
      </package>
    </metrics>
  </project>
</coverage>
