TN:
SF:/Users/yhtml5/projects/gits/YHTML5-Seed/apps/react-dashboard/app/Router.jsx
FN:8,_interopRequireDefault
FN:20,(anonymous_1)
FN:20,(anonymous_2)
FN:21,(anonymous_3)
FN:21,(anonymous_4)
FN:22,(anonymous_5)
FN:22,(anonymous_6)
FN:23,(anonymous_7)
FN:23,(anonymous_8)
FN:24,(anonymous_9)
FN:24,(anonymous_10)
FN:25,(anonymous_11)
FN:25,(anonymous_12)
FN:26,(anonymous_13)
FN:26,(anonymous_14)
FN:27,(anonymous_15)
FN:27,(anonymous_16)
FN:28,(anonymous_17)
FN:28,(anonymous_18)
FN:29,(anonymous_19)
FN:29,(anonymous_20)
FN:30,(anonymous_21)
FN:30,(anonymous_22)
FN:31,(anonymous_23)
FN:31,(anonymous_24)
FN:33,(anonymous_25)
FN:39,newRouter
FNF:27
FNH:0
FNDA:0,_interopRequireDefault
FNDA:0,(anonymous_1)
FNDA:0,(anonymous_2)
FNDA:0,(anonymous_3)
FNDA:0,(anonymous_4)
FNDA:0,(anonymous_5)
FNDA:0,(anonymous_6)
FNDA:0,(anonymous_7)
FNDA:0,(anonymous_8)
FNDA:0,(anonymous_9)
FNDA:0,(anonymous_10)
FNDA:0,(anonymous_11)
FNDA:0,(anonymous_12)
FNDA:0,(anonymous_13)
FNDA:0,(anonymous_14)
FNDA:0,(anonymous_15)
FNDA:0,(anonymous_16)
FNDA:0,(anonymous_17)
FNDA:0,(anonymous_18)
FNDA:0,(anonymous_19)
FNDA:0,(anonymous_20)
FNDA:0,(anonymous_21)
FNDA:0,(anonymous_22)
FNDA:0,(anonymous_23)
FNDA:0,(anonymous_24)
FNDA:0,(anonymous_25)
FNDA:0,newRouter
DA:1,0
DA:2,0
DA:3,0
DA:4,0
DA:5,0
DA:6,0
DA:7,0
DA:8,0
DA:20,0
DA:21,0
DA:22,0
DA:23,0
DA:24,0
DA:25,0
DA:26,0
DA:27,0
DA:28,0
DA:29,0
DA:30,0
DA:31,0
DA:33,0
DA:34,0
DA:40,0
DA:42,0
DA:68,0
LF:25
LH:0
BRDA:8,0,0,0
BRDA:8,0,1,0
BRDA:8,1,0,0
BRDA:8,1,1,0
BRF:4
BRH:0
end_of_record
TN:
SF:/Users/yhtml5/projects/gits/YHTML5-Seed/apps/react-dashboard/app/config.js
FN:1,config
FN:124,searchMenuWithKey
FN:127,(anonymous_2)
FN:135,searchKeyWithPathname
FN:137,(anonymous_4)
FN:152,getApiUrl
FN:153,(anonymous_6)
FNF:7
FNH:0
FNDA:0,config
FNDA:0,searchMenuWithKey
FNDA:0,(anonymous_2)
FNDA:0,searchKeyWithPathname
FNDA:0,(anonymous_4)
FNDA:0,getApiUrl
FNDA:0,(anonymous_6)
DA:1,0
DA:2,0
DA:3,0
DA:125,0
DA:127,0
DA:128,0
DA:129,0
DA:132,0
DA:137,0
DA:138,0
DA:139,0
DA:140,0
DA:143,0
DA:144,0
DA:145,0
DA:146,0
DA:148,0
DA:153,0
DA:154,0
DA:157,0
DA:159,0
LF:21
LH:0
BRDA:5,0,0,0
BRDA:5,0,1,0
BRDA:6,1,0,0
BRDA:6,1,1,0
BRDA:12,2,0,0
BRDA:12,2,1,0
BRDA:128,3,0,0
BRDA:128,3,1,0
BRDA:140,4,0,0
BRDA:140,4,1,0
BRDA:140,5,0,0
BRDA:140,5,1,0
BRDA:143,6,0,0
BRDA:143,6,1,0
BRDA:145,7,0,0
BRDA:145,7,1,0
BRDA:154,8,0,0
BRDA:154,8,1,0
BRF:18
BRH:0
end_of_record
TN:
SF:/Users/yhtml5/projects/gits/YHTML5-Seed/apps/react-dashboard/app/index.jsx
FN:5,_interopRequireDefault
FN:7,(anonymous_1)
FN:10,(anonymous_2)
FN:25,(anonymous_3)
FNF:4
FNH:0
FNDA:0,_interopRequireDefault
FNDA:0,(anonymous_1)
FNDA:0,(anonymous_2)
FNDA:0,(anonymous_3)
DA:1,0
DA:2,0
DA:3,0
DA:4,0
DA:5,0
DA:7,0
DA:8,0
DA:11,0
DA:12,0
DA:21,0
DA:24,0
DA:25,0
DA:26,0
DA:27,0
LF:14
LH:0
BRDA:5,0,0,0
BRDA:5,0,1,0
BRDA:5,1,0,0
BRDA:5,1,1,0
BRDA:9,2,0,0
BRDA:9,2,1,0
BRDA:24,3,0,0
BRDA:24,3,1,0
BRF:8
BRH:0
end_of_record
TN:
SF:/Users/yhtml5/projects/gits/YHTML5-Seed/apps/react-dashboard/app/Components/HelloWorld.jsx
FN:4,HelloWorld
FNF:1
FNH:1
FNDA:1,HelloWorld
DA:5,1
LF:1
LH:1
BRF:0
BRH:0
end_of_record
TN:
SF:/Users/yhtml5/projects/gits/YHTML5-Seed/apps/react-dashboard/app/Components/Breadcrumb/index.jsx
FN:4,_interopRequireDefault
FN:6,Component
FN:13,(anonymous_2)
FNF:3
FNH:0
FNDA:0,_interopRequireDefault
FNDA:0,Component
FNDA:0,(anonymous_2)
DA:1,0
DA:2,0
DA:3,0
DA:4,0
DA:8,0
DA:14,0
DA:22,0
LF:7
LH:0
BRDA:4,0,0,0
BRDA:4,0,1,0
BRDA:4,1,0,0
BRDA:4,1,1,0
BRDA:16,2,0,0
BRDA:16,2,1,0
BRF:6
BRH:0
end_of_record
TN:
SF:/Users/yhtml5/projects/gits/YHTML5-Seed/apps/react-dashboard/app/Components/Form/Select.jsx
FN:2,_interopRequireDefault
FN:11,(anonymous_1)
FN:16,(anonymous_2)
FN:22,(anonymous_3)
FN:28,(anonymous_4)
FN:29,(anonymous_5)
FN:30,(anonymous_6)
FNF:7
FNH:0
FNDA:0,_interopRequireDefault
FNDA:0,(anonymous_1)
FNDA:0,(anonymous_2)
FNDA:0,(anonymous_3)
FNDA:0,(anonymous_4)
FNDA:0,(anonymous_5)
FNDA:0,(anonymous_6)
DA:1,0
DA:2,0
DA:3,0
DA:5,0
DA:6,0
DA:11,0
DA:17,0
DA:23,0
DA:29,0
DA:30,0
DA:31,0
DA:44,0
LF:12
LH:0
BRDA:2,0,0,0
BRDA:2,0,1,0
BRDA:2,1,0,0
BRDA:2,1,1,0
BRF:4
BRH:0
end_of_record
TN:
SF:/Users/yhtml5/projects/gits/YHTML5-Seed/apps/react-dashboard/app/Components/Form/Time.jsx
FN:10,(anonymous_0)
FN:15,(anonymous_1)
FN:21,(anonymous_2)
FN:27,(anonymous_3)
FN:28,(anonymous_4)
FN:29,(anonymous_5)
FNF:6
FNH:0
FNDA:0,(anonymous_0)
FNDA:0,(anonymous_1)
FNDA:0,(anonymous_2)
FNDA:0,(anonymous_3)
FNDA:0,(anonymous_4)
FNDA:0,(anonymous_5)
DA:1,0
DA:2,0
DA:4,0
DA:5,0
DA:10,0
DA:16,0
DA:22,0
DA:28,0
DA:29,0
DA:30,0
DA:43,0
LF:11
LH:0
BRF:0
BRH:0
end_of_record
TN:
SF:/Users/yhtml5/projects/gits/YHTML5-Seed/apps/react-dashboard/app/Components/LazilyLoad/Bundle.jsx
FN:1,_interopRequireDefault
FN:3,(anonymous_1)
FN:9,(anonymous_2)
FN:13,(anonymous_3)
FN:19,(anonymous_4)
FN:23,(anonymous_5)
FN:31,(anonymous_6)
FNF:7
FNH:0
FNDA:0,_interopRequireDefault
FNDA:0,(anonymous_1)
FNDA:0,(anonymous_2)
FNDA:0,(anonymous_3)
FNDA:0,(anonymous_4)
FNDA:0,(anonymous_5)
FNDA:0,(anonymous_6)
DA:1,0
DA:3,0
DA:10,0
DA:14,0
DA:15,0
DA:20,0
DA:23,0
DA:24,0
DA:32,0
DA:33,0
LF:10
LH:0
BRDA:1,0,0,0
BRDA:1,0,1,0
BRDA:1,1,0,0
BRDA:1,1,1,0
BRDA:14,2,0,0
BRDA:14,2,1,0
BRDA:26,3,0,0
BRDA:26,3,1,0
BRF:8
BRH:0
end_of_record
TN:
SF:/Users/yhtml5/projects/gits/YHTML5-Seed/apps/react-dashboard/app/Components/LazilyLoad/index.jsx
FN:1,_interopRequireDefault
FN:4,(anonymous_1)
FN:11,(anonymous_2)
FN:16,(anonymous_3)
FN:17,(anonymous_4)
FN:25,(anonymous_5)
FN:29,(anonymous_6)
FN:36,(anonymous_7)
FN:37,(anonymous_8)
FN:37,(anonymous_9)
FN:41,(anonymous_10)
FN:47,(anonymous_11)
FN:57,(anonymous_12)
FN:58,(anonymous_13)
FN:60,(anonymous_14)
FN:65,(anonymous_15)
FN:66,(anonymous_16)
FN:67,(anonymous_17)
FN:74,(anonymous_18)
FN:75,(anonymous_19)
FNF:20
FNH:0
FNDA:0,_interopRequireDefault
FNDA:0,(anonymous_1)
FNDA:0,(anonymous_2)
FNDA:0,(anonymous_3)
FNDA:0,(anonymous_4)
FNDA:0,(anonymous_5)
FNDA:0,(anonymous_6)
FNDA:0,(anonymous_7)
FNDA:0,(anonymous_8)
FNDA:0,(anonymous_9)
FNDA:0,(anonymous_10)
FNDA:0,(anonymous_11)
FNDA:0,(anonymous_12)
FNDA:0,(anonymous_13)
FNDA:0,(anonymous_14)
FNDA:0,(anonymous_15)
FNDA:0,(anonymous_16)
FNDA:0,(anonymous_17)
FNDA:0,(anonymous_18)
FNDA:0,(anonymous_19)
DA:1,0
DA:5,0
DA:6,0
DA:12,0
DA:13,0
DA:17,0
DA:18,0
DA:20,0
DA:21,0
DA:26,0
DA:30,0
DA:33,0
DA:34,0
DA:36,0
DA:37,0
DA:38,0
DA:39,0
DA:42,0
DA:43,0
DA:48,0
DA:49,0
DA:53,0
DA:57,0
DA:58,0
DA:59,0
DA:60,0
DA:65,0
DA:66,0
DA:67,0
DA:74,0
DA:75,0
DA:78,0
LF:32
LH:0
BRDA:1,0,0,0
BRDA:1,0,1,0
BRDA:1,1,0,0
BRDA:1,1,1,0
BRDA:20,2,0,0
BRDA:20,2,1,0
BRDA:42,3,0,0
BRDA:42,3,1,0
BRDA:48,4,0,0
BRDA:48,4,1,0
BRDA:67,5,0,0
BRDA:67,5,1,0
BRF:12
BRH:0
end_of_record
TN:
SF:/Users/yhtml5/projects/gits/YHTML5-Seed/apps/react-dashboard/app/Components/Table/index.jsx
FN:3,(anonymous_0)
FN:4,(anonymous_1)
FN:5,(anonymous_2)
FN:6,(anonymous_3)
FN:7,(anonymous_4)
FNF:5
FNH:0
FNDA:0,(anonymous_0)
FNDA:0,(anonymous_1)
FNDA:0,(anonymous_2)
FNDA:0,(anonymous_3)
FNDA:0,(anonymous_4)
DA:1,0
DA:3,0
DA:4,0
DA:5,0
DA:6,0
DA:7,0
DA:9,0
LF:7
LH:0
BRDA:3,0,0,0
BRDA:3,0,1,0
BRDA:4,1,0,0
BRDA:4,1,1,0
BRDA:4,2,0,0
BRDA:4,2,1,0
BRDA:5,3,0,0
BRDA:5,3,1,0
BRDA:5,4,0,0
BRDA:5,4,1,0
BRDA:6,5,0,0
BRDA:6,5,1,0
BRDA:6,6,0,0
BRDA:6,6,1,0
BRDA:7,7,0,0
BRDA:7,7,1,0
BRDA:7,8,0,0
BRDA:7,8,1,0
BRF:18
BRH:0
end_of_record
TN:
SF:/Users/yhtml5/projects/gits/YHTML5-Seed/apps/react-dashboard/app/Components/Test/a.js
FNF:0
FNH:0
DA:1,0
LF:1
LH:0
BRF:0
BRH:0
end_of_record
TN:
SF:/Users/yhtml5/projects/gits/YHTML5-Seed/apps/react-dashboard/app/Components/Test/b.js
FNF:0
FNH:0
DA:1,0
LF:1
LH:0
BRF:0
BRH:0
end_of_record
TN:
SF:/Users/yhtml5/projects/gits/YHTML5-Seed/apps/react-dashboard/app/Components/Test/c.js
FNF:0
FNH:0
DA:1,0
LF:1
LH:0
BRF:0
BRH:0
end_of_record
TN:
SF:/Users/yhtml5/projects/gits/YHTML5-Seed/apps/react-dashboard/app/Components/Test/codeSplitting.js
FN:1,determineDate
FN:2,(anonymous_1)
FN:2,(anonymous_2)
FN:4,(anonymous_3)
FNF:4
FNH:0
FNDA:0,determineDate
FNDA:0,(anonymous_1)
FNDA:0,(anonymous_2)
FNDA:0,(anonymous_3)
DA:1,0
DA:2,0
DA:3,0
DA:5,0
DA:7,0
LF:5
LH:0
BRF:0
BRH:0
end_of_record
TN:
SF:/Users/yhtml5/projects/gits/YHTML5-Seed/apps/react-dashboard/app/Components/Test/environment.js
FN:1,outputEnvironment
FNF:1
FNH:0
FNDA:0,outputEnvironment
DA:1,0
DA:2,0
DA:3,0
DA:6,0
LF:4
LH:0
BRDA:2,0,0,0
BRDA:2,0,1,0
BRF:2
BRH:0
end_of_record
TN:
SF:/Users/yhtml5/projects/gits/YHTML5-Seed/apps/react-dashboard/app/Components/Test/index.js
FNF:0
FNH:0
DA:1,0
LF:1
LH:0
BRF:0
BRH:0
end_of_record
TN:
SF:/Users/yhtml5/projects/gits/YHTML5-Seed/apps/react-dashboard/app/Components/Test/treeShaking.js
FN:1,treeShaking
FN:4,treeShaking2
FNF:2
FNH:0
FNDA:0,treeShaking
FNDA:0,treeShaking2
DA:1,0
DA:2,0
DA:5,0
DA:6,0
DA:8,0
LF:5
LH:0
BRF:0
BRH:0
end_of_record
TN:
SF:/Users/yhtml5/projects/gits/YHTML5-Seed/apps/react-dashboard/app/Components/Upload/PicturesWall.jsx
FN:5,_interopRequireDefault
FN:18,(anonymous_1)
FN:77,(anonymous_2)
FN:79,(anonymous_3)
FN:86,(anonymous_4)
FN:103,(anonymous_5)
FN:103,(anonymous_6)
FN:103,(anonymous_7)
FN:105,(anonymous_8)
FN:106,(anonymous_9)
FN:107,(anonymous_10)
FN:110,(anonymous_11)
FN:140,(anonymous_12)
FN:161,(anonymous_13)
FNF:14
FNH:0
FNDA:0,_interopRequireDefault
FNDA:0,(anonymous_1)
FNDA:0,(anonymous_2)
FNDA:0,(anonymous_3)
FNDA:0,(anonymous_4)
FNDA:0,(anonymous_5)
FNDA:0,(anonymous_6)
FNDA:0,(anonymous_7)
FNDA:0,(anonymous_8)
FNDA:0,(anonymous_9)
FNDA:0,(anonymous_10)
FNDA:0,(anonymous_11)
FNDA:0,(anonymous_12)
FNDA:0,(anonymous_13)
DA:1,0
DA:2,0
DA:3,0
DA:4,0
DA:5,0
DA:19,0
DA:77,0
DA:80,0
DA:84,0
DA:87,0
DA:88,0
DA:89,0
DA:90,0
DA:91,0
DA:92,0
DA:93,0
DA:94,0
DA:95,0
DA:98,0
DA:100,0
DA:101,0
DA:102,0
DA:103,0
DA:105,0
DA:106,0
DA:107,0
DA:110,0
DA:140,0
DA:141,0
DA:142,0
DA:143,0
DA:145,0
DA:146,0
DA:147,0
DA:149,0
DA:150,0
DA:151,0
DA:152,0
DA:155,0
DA:162,0
DA:163,0
DA:164,0
DA:167,0
DA:172,0
DA:193,0
LF:45
LH:0
BRDA:5,0,0,0
BRDA:5,0,1,0
BRDA:5,1,0,0
BRDA:5,1,1,0
BRDA:81,2,0,0
BRDA:81,2,1,0
BRDA:91,3,0,0
BRDA:91,3,1,0
BRDA:91,4,0,0
BRDA:91,4,1,0
BRDA:93,5,0,0
BRDA:93,5,1,0
BRDA:93,6,0,0
BRDA:93,6,1,0
BRDA:103,7,0,0
BRDA:103,7,1,0
BRDA:106,8,0,0
BRDA:106,8,1,0
BRDA:107,9,0,0
BRDA:107,9,1,0
BRDA:110,10,0,0
BRDA:110,10,1,0
BRDA:110,11,0,0
BRDA:110,11,1,0
BRDA:110,11,2,0
BRDA:145,12,0,0
BRDA:145,12,1,0
BRDA:145,13,0,0
BRDA:145,13,1,0
BRDA:145,13,2,0
BRDA:150,14,0,0
BRDA:150,14,1,0
BRDA:156,15,0,0
BRDA:156,15,1,0
BRDA:163,16,0,0
BRDA:163,16,1,0
BRDA:164,17,0,0
BRDA:164,17,1,0
BRDA:186,18,0,0
BRDA:186,18,1,0
BRF:40
BRH:0
end_of_record
TN:
SF:/Users/yhtml5/projects/gits/YHTML5-Seed/apps/react-dashboard/app/Components/editor/index.js
FN:6,_interopRequireDefault
FN:11,(anonymous_1)
FN:16,(anonymous_2)
FN:20,(anonymous_3)
FN:37,(anonymous_4)
FN:44,(anonymous_5)
FN:49,(anonymous_6)
FN:55,(anonymous_7)
FN:67,(anonymous_8)
FNF:9
FNH:0
FNDA:0,_interopRequireDefault
FNDA:0,(anonymous_1)
FNDA:0,(anonymous_2)
FNDA:0,(anonymous_3)
FNDA:0,(anonymous_4)
FNDA:0,(anonymous_5)
FNDA:0,(anonymous_6)
FNDA:0,(anonymous_7)
FNDA:0,(anonymous_8)
DA:1,0
DA:2,0
DA:3,0
DA:4,0
DA:5,0
DA:6,0
DA:12,0
DA:13,0
DA:17,0
DA:18,0
DA:19,0
DA:20,0
DA:21,0
DA:22,0
DA:24,0
DA:25,0
DA:27,0
DA:28,0
DA:30,0
DA:32,0
DA:33,0
DA:34,0
DA:35,0
DA:36,0
DA:37,0
DA:38,0
DA:39,0
DA:45,0
DA:46,0
DA:47,0
DA:48,0
DA:49,0
DA:50,0
DA:51,0
DA:56,0
DA:60,0
DA:65,0
DA:68,0
LF:38
LH:0
BRDA:6,0,0,0
BRDA:6,0,1,0
BRDA:6,1,0,0
BRDA:6,1,1,0
BRDA:21,2,0,0
BRDA:21,2,1,0
BRDA:24,3,0,0
BRDA:24,3,1,0
BRDA:27,4,0,0
BRDA:27,4,1,0
BRF:10
BRH:0
end_of_record
TN:
SF:/Users/yhtml5/projects/gits/YHTML5-Seed/apps/react-dashboard/app/Components/editor/wangeditor/Gruntfile.js
FN:2,(anonymous_0)
FNF:1
FNH:0
FNDA:0,(anonymous_0)
DA:2,0
DA:5,0
DA:125,0
DA:126,0
DA:127,0
DA:128,0
DA:129,0
DA:130,0
DA:131,0
DA:134,0
LF:10
LH:0
BRF:0
BRH:0
end_of_record
TN:
SF:/Users/yhtml5/projects/gits/YHTML5-Seed/apps/react-dashboard/app/Components/editor/wangeditor/dist/js/wangEditor.js
FN:1,(anonymous_0)
FN:8,(anonymous_1)
FN:28,(anonymous_2)
FN:37,(anonymous_3)
FN:45,(anonymous_4)
FN:53,(anonymous_5)
FN:99,(anonymous_6)
FN:111,(anonymous_7)
FN:113,(anonymous_8)
FN:137,(anonymous_9)
FN:140,(anonymous_10)
FN:150,(anonymous_11)
FN:159,(anonymous_12)
FN:174,(anonymous_13)
FN:189,(anonymous_14)
FN:192,(anonymous_15)
FN:198,(anonymous_16)
FN:209,(anonymous_17)
FN:218,(anonymous_18)
FN:229,(anonymous_19)
FN:238,(anonymous_20)
FN:241,(anonymous_21)
FN:251,(anonymous_22)
FN:255,emptyFn
FN:258,(anonymous_24)
FN:267,(anonymous_25)
FN:282,(anonymous_26)
FN:291,(anonymous_27)
FN:303,(anonymous_28)
FN:318,(anonymous_29)
FN:341,(anonymous_30)
FN:361,(anonymous_31)
FN:384,(anonymous_32)
FN:401,(anonymous_33)
FN:443,(anonymous_34)
FN:453,(anonymous_35)
FN:462,(anonymous_36)
FN:477,(anonymous_37)
FN:488,(anonymous_38)
FN:515,(anonymous_39)
FN:549,(anonymous_40)
FN:551,(anonymous_41)
FN:556,(anonymous_42)
FN:575,(anonymous_43)
FN:578,(anonymous_44)
FN:582,commandFn
FN:602,(anonymous_46)
FN:627,(anonymous_47)
FN:668,hidePanelAndModal
FN:680,(anonymous_49)
FN:692,(anonymous_50)
FN:703,(anonymous_51)
FN:715,(anonymous_52)
FN:720,_matchesSelectorForIE
FN:726,(anonymous_54)
FN:737,(anonymous_55)
FN:747,(anonymous_56)
FN:791,(anonymous_57)
FN:794,_getRedoList
FN:800,_getUndoList
FN:808,_handle
FN:849,(anonymous_61)
FN:879,(anonymous_62)
FN:897,(anonymous_63)
FN:914,(anonymous_64)
FN:917,(anonymous_65)
FN:957,(anonymous_66)
FN:964,(anonymous_67)
FN:972,(anonymous_68)
FN:980,(anonymous_69)
FN:999,(anonymous_70)
FN:1019,(anonymous_71)
FN:1028,(anonymous_72)
FN:1031,(anonymous_73)
FN:1043,(anonymous_74)
FN:1048,(anonymous_75)
FN:1059,(anonymous_76)
FN:1064,(anonymous_77)
FN:1075,(anonymous_78)
FN:1079,(anonymous_79)
FN:1087,(anonymous_80)
FN:1093,(anonymous_81)
FN:1099,(anonymous_82)
FN:1110,(anonymous_83)
FN:1125,(anonymous_84)
FN:1128,(anonymous_85)
FN:1148,(anonymous_86)
FN:1153,(anonymous_87)
FN:1187,(anonymous_88)
FN:1192,(anonymous_89)
FN:1209,(anonymous_90)
FN:1224,(anonymous_91)
FN:1248,show
FN:1251,hide
FN:1256,(anonymous_94)
FN:1260,(anonymous_95)
FN:1267,(anonymous_96)
FN:1276,(anonymous_97)
FN:1316,(anonymous_98)
FN:1323,(anonymous_99)
FN:1333,(anonymous_100)
FN:1341,(anonymous_101)
FN:1368,(anonymous_102)
FN:1394,(anonymous_103)
FN:1400,(anonymous_104)
FN:1418,(anonymous_105)
FN:1447,(anonymous_106)
FN:1450,(anonymous_107)
FN:1475,(anonymous_108)
FN:1480,(anonymous_109)
FN:1494,(anonymous_110)
FN:1502,(anonymous_111)
FN:1513,(anonymous_112)
FN:1525,(anonymous_113)
FN:1549,(anonymous_114)
FN:1555,(anonymous_115)
FN:1584,(anonymous_116)
FN:1588,(anonymous_117)
FN:1595,(anonymous_118)
FN:1600,(anonymous_119)
FN:1613,(anonymous_120)
FN:1668,(anonymous_121)
FN:1694,(anonymous_122)
FN:1712,(anonymous_123)
FN:1715,(anonymous_124)
FN:1733,(anonymous_125)
FN:1738,(anonymous_126)
FN:1749,(anonymous_127)
FN:1770,(anonymous_128)
FN:1776,(anonymous_129)
FN:1805,(anonymous_130)
FN:1809,(anonymous_131)
FN:1816,(anonymous_132)
FN:1821,(anonymous_133)
FN:1838,(anonymous_134)
FN:1906,(anonymous_135)
FN:1909,(anonymous_136)
FN:1919,(anonymous_137)
FN:1953,(anonymous_138)
FN:1972,(anonymous_139)
FN:1975,(anonymous_140)
FN:1989,(anonymous_141)
FN:1993,(anonymous_142)
FN:2004,(anonymous_143)
FN:2019,(anonymous_144)
FN:2025,(anonymous_145)
FN:2030,(anonymous_146)
FN:2063,(anonymous_147)
FN:2068,(anonymous_148)
FN:2084,(anonymous_149)
FN:2106,(anonymous_150)
FN:2131,(anonymous_151)
FN:2149,(anonymous_152)
FN:2152,(anonymous_153)
FN:2165,(anonymous_154)
FN:2170,(anonymous_155)
FN:2192,(anonymous_156)
FN:2221,(anonymous_157)
FN:2227,(anonymous_158)
FN:2239,(anonymous_159)
FN:2256,(anonymous_160)
FN:2263,divHandler
FN:2273,(anonymous_162)
FN:2311,(anonymous_163)
FN:2315,(anonymous_164)
FN:2320,(anonymous_165)
FN:2329,(anonymous_166)
FN:2334,(anonymous_167)
FN:2347,(anonymous_168)
FN:2355,(anonymous_169)
FN:2425,(anonymous_170)
FN:2456,handle
FN:2475,(anonymous_172)
FN:2481,(anonymous_173)
FN:2510,getResult
FN:2530,(anonymous_175)
FN:2544,(anonymous_176)
FN:2548,(anonymous_177)
FN:2569,removeAttrs
FN:2575,(anonymous_179)
FN:2581,(anonymous_180)
FN:2592,(anonymous_181)
FN:2602,(anonymous_182)
FN:2612,(anonymous_183)
FN:2627,(anonymous_184)
FN:2635,(anonymous_185)
FN:2639,(anonymous_186)
FN:2650,(anonymous_187)
FN:2657,(anonymous_188)
FN:2673,(anonymous_189)
FN:2692,(anonymous_190)
FN:2699,(anonymous_191)
FN:2706,(anonymous_192)
FN:2726,(anonymous_193)
FN:2761,(anonymous_194)
FN:2775,(anonymous_195)
FN:2781,save
FN:2786,saveSync
FN:2797,saveAync
FN:2806,(anonymous_199)
FN:2816,(anonymous_200)
FN:2817,(anonymous_201)
FN:2825,(anonymous_202)
FN:2832,(anonymous_203)
FN:2838,doOnchange
FN:2858,(anonymous_205)
FN:2873,(anonymous_206)
FN:2878,(anonymous_207)
FN:2884,(anonymous_208)
FN:2899,(anonymous_209)
FN:2908,(anonymous_210)
FN:2922,(anonymous_211)
FN:2926,(anonymous_212)
FN:2950,(anonymous_213)
FN:2963,(anonymous_214)
FN:2971,addAndShowTip
FN:3012,removeTip
FN:3020,(anonymous_217)
FN:3022,(anonymous_218)
FN:3029,(anonymous_219)
FN:3034,(anonymous_220)
FN:3045,(anonymous_221)
FN:3058,(anonymous_222)
FN:3065,(anonymous_223)
FN:3066,(anonymous_224)
FN:3070,(anonymous_225)
FN:3080,(anonymous_226)
FN:3088,(anonymous_227)
FN:3092,(anonymous_228)
FN:3100,(anonymous_229)
FN:3110,(anonymous_230)
FN:3204,(anonymous_231)
FN:3419,(anonymous_232)
FN:3546,(anonymous_233)
FN:3548,(anonymous_234)
FN:3556,(anonymous_235)
FN:3558,(anonymous_236)
FN:3564,(anonymous_237)
FN:3566,(anonymous_238)
FN:3575,(anonymous_239)
FN:3577,(anonymous_240)
FN:3584,(anonymous_241)
FN:3588,(anonymous_242)
FN:3593,(anonymous_243)
FN:3598,check
FN:3606,(anonymous_245)
FN:3613,(anonymous_246)
FN:3615,(anonymous_247)
FN:3633,(anonymous_248)
FN:3650,(anonymous_249)
FN:3652,(anonymous_250)
FN:3670,(anonymous_251)
FN:3687,(anonymous_252)
FN:3689,(anonymous_253)
FN:3706,(anonymous_254)
FN:3723,(anonymous_255)
FN:3725,(anonymous_256)
FN:3743,(anonymous_257)
FN:3753,(anonymous_258)
FN:3772,(anonymous_259)
FN:3787,(anonymous_260)
FN:3789,(anonymous_261)
FN:3799,checkElemFn
FN:3819,(anonymous_263)
FN:3829,(anonymous_264)
FN:3852,(anonymous_265)
FN:3868,(anonymous_266)
FN:3870,(anonymous_267)
FN:3887,(anonymous_268)
FN:3904,(anonymous_269)
FN:3906,(anonymous_270)
FN:3923,(anonymous_271)
FN:3935,commandFn
FN:3968,callback
FN:3986,(anonymous_274)
FN:3988,(anonymous_275)
FN:4007,updateValue
FN:4030,(anonymous_277)
FN:4050,(anonymous_278)
FN:4072,(anonymous_279)
FN:4108,(anonymous_280)
FN:4118,(anonymous_281)
FN:4120,(anonymous_282)
FN:4138,(anonymous_283)
FN:4171,commandFn
FN:4178,callback
FN:4191,(anonymous_286)
FN:4206,commandFn
FN:4213,(anonymous_288)
FN:4228,callback
FN:4241,(anonymous_290)
FN:4260,(anonymous_291)
FN:4264,(anonymous_292)
FN:4302,(anonymous_293)
FN:4307,commandFn
FN:4310,callback
FN:4324,(anonymous_296)
FN:4351,(anonymous_297)
FN:4353,(anonymous_298)
FN:4379,(anonymous_299)
FN:4393,(anonymous_300)
FN:4407,(anonymous_301)
FN:4408,(anonymous_302)
FN:4444,(anonymous_303)
FN:4458,(anonymous_304)
FN:4459,(anonymous_305)
FN:4492,beforeEvent
FN:4503,afterEvent
FN:4521,(anonymous_308)
FN:4535,(anonymous_309)
FN:4537,(anonymous_310)
FN:4559,(anonymous_311)
FN:4561,(anonymous_312)
FN:4583,(anonymous_313)
FN:4585,(anonymous_314)
FN:4602,(anonymous_315)
FN:4604,(anonymous_316)
FN:4630,(anonymous_317)
FN:4632,(anonymous_318)
FN:4649,(anonymous_319)
FN:4651,(anonymous_320)
FN:4677,(anonymous_321)
FN:4679,(anonymous_322)
FN:4696,(anonymous_323)
FN:4698,(anonymous_324)
FN:4724,(anonymous_325)
FN:4726,(anonymous_326)
FN:4762,(anonymous_327)
FN:4813,(anonymous_328)
FN:4823,(anonymous_329)
FN:4829,(anonymous_330)
FN:4873,(anonymous_331)
FN:4877,(anonymous_332)
FN:4901,(anonymous_333)
FN:4903,(anonymous_334)
FN:4920,(anonymous_335)
FN:4941,commandFn
FN:4944,callback
FN:4956,(anonymous_338)
FN:4958,(anonymous_339)
FN:4995,(anonymous_340)
FN:5006,(anonymous_341)
FN:5011,(anonymous_342)
FN:5027,(anonymous_343)
FN:5036,(anonymous_344)
FN:5075,(anonymous_345)
FN:5077,(anonymous_346)
FN:5099,insertEmotionImgs
FN:5101,(anonymous_348)
FN:5122,(anonymous_349)
FN:5135,(anonymous_350)
FN:5147,(anonymous_351)
FN:5169,(anonymous_352)
FN:5194,(anonymous_353)
FN:5211,(anonymous_354)
FN:5214,(anonymous_355)
FN:5229,(anonymous_356)
FN:5231,(anonymous_357)
FN:5270,(anonymous_358)
FN:5282,tabToggle
FN:5283,(anonymous_360)
FN:5290,(anonymous_361)
FN:5310,hideUploadImg
FN:5317,hideLinkImg
FN:5324,(anonymous_364)
FN:5351,hidePanel
FN:5354,(anonymous_366)
FN:5361,linkContentHandler
FN:5372,(anonymous_368)
FN:5378,callback
FN:5383,(anonymous_370)
FN:5399,(anonymous_371)
FN:5401,(anonymous_372)
FN:5439,(anonymous_373)
FN:5446,(anonymous_374)
FN:5498,(anonymous_375)
FN:5501,(anonymous_376)
FN:5511,(anonymous_377)
FN:5535,(anonymous_378)
FN:5546,(anonymous_379)
FN:5566,(anonymous_380)
FN:5584,(anonymous_381)
FN:5605,locationFun
FN:5617,(anonymous_383)
FN:5630,(anonymous_384)
FN:5664,(anonymous_385)
FN:5672,(anonymous_386)
FN:5685,(anonymous_387)
FN:5729,(anonymous_388)
FN:5769,callback
FN:5774,(anonymous_390)
FN:5781,(anonymous_391)
FN:5818,(anonymous_392)
FN:5854,(anonymous_393)
FN:5861,(anonymous_394)
FN:5890,(anonymous_395)
FN:5893,loadHljs
FN:5909,(anonymous_397)
FN:5931,(anonymous_398)
FN:5955,(anonymous_399)
FN:5971,(anonymous_400)
FN:6009,(anonymous_401)
FN:6038,contentHandle
FN:6051,(anonymous_403)
FN:6069,(anonymous_404)
FN:6076,(anonymous_405)
FN:6092,(anonymous_406)
FN:6093,(anonymous_407)
FN:6136,commandFn
FN:6146,callback
FN:6155,(anonymous_410)
FN:6169,updateMenu
FN:6180,(anonymous_412)
FN:6188,(anonymous_413)
FN:6190,(anonymous_414)
FN:6206,(anonymous_415)
FN:6216,(anonymous_416)
FN:6222,undo
FN:6226,(anonymous_418)
FN:6254,(anonymous_419)
FN:6256,(anonymous_420)
FN:6272,(anonymous_421)
FN:6282,(anonymous_422)
FN:6287,(anonymous_423)
FN:6311,(anonymous_424)
FN:6358,(anonymous_425)
FN:6388,(anonymous_426)
FN:6398,(anonymous_427)
FN:6400,(anonymous_428)
FN:6409,(anonymous_429)
FN:6424,(anonymous_430)
FN:6426,(anonymous_431)
FN:6438,(anonymous_432)
FN:6440,(anonymous_433)
FN:6448,(anonymous_434)
FN:6455,(anonymous_435)
FN:6457,(anonymous_436)
FN:6489,(anonymous_437)
FN:6492,(anonymous_438)
FN:6497,(anonymous_439)
FN:6505,(anonymous_440)
FN:6507,(anonymous_441)
FN:6513,(anonymous_442)
FN:6515,(anonymous_443)
FN:6537,(anonymous_444)
FN:6539,(anonymous_445)
FN:6544,(anonymous_446)
FN:6559,(anonymous_447)
FN:6566,(anonymous_448)
FN:6576,(anonymous_449)
FN:6582,(anonymous_450)
FN:6590,(anonymous_451)
FN:6597,(anonymous_452)
FN:6615,convertBase64UrlToBlob
FN:6631,insertImg
FN:6633,(anonymous_455)
FN:6640,(anonymous_456)
FN:6648,updateProgress
FN:6656,(anonymous_458)
FN:6698,timeoutCallback
FN:6716,(anonymous_460)
FN:6733,(anonymous_461)
FN:6753,(anonymous_462)
FN:6762,(anonymous_463)
FN:6779,(anonymous_464)
FN:6781,(anonymous_465)
FN:6792,render
FN:6805,(anonymous_467)
FN:6819,hideProgress
FN:6823,(anonymous_469)
FN:6833,(anonymous_470)
FN:6835,(anonymous_471)
FN:6865,(anonymous_472)
FN:6872,(anonymous_473)
FN:6880,(anonymous_474)
FN:6891,(anonymous_475)
FN:6897,(anonymous_476)
FN:6917,(anonymous_477)
FN:6929,(anonymous_478)
FN:6943,(anonymous_479)
FN:6953,(anonymous_480)
FN:6959,(anonymous_481)
FN:6980,clearInput
FN:6985,(anonymous_483)
FN:6995,(anonymous_484)
FN:7001,(anonymous_485)
FN:7010,(anonymous_486)
FN:7031,(anonymous_487)
FN:7039,(anonymous_488)
FN:7050,(anonymous_489)
FN:7056,(anonymous_490)
FN:7061,(anonymous_491)
FN:7089,(anonymous_492)
FN:7110,(anonymous_493)
FN:7124,onloadFn
FN:7166,(anonymous_495)
FN:7170,show
FN:7178,(anonymous_497)
FN:7198,(anonymous_498)
FN:7200,(anonymous_499)
FN:7216,findPasteImgAndUpload
FN:7222,(anonymous_501)
FN:7230,(anonymous_502)
FN:7267,(anonymous_503)
FN:7288,(anonymous_504)
FN:7300,(anonymous_505)
FN:7333,(anonymous_506)
FN:7335,(anonymous_507)
FN:7350,(anonymous_508)
FN:7355,(anonymous_509)
FN:7365,(anonymous_510)
FN:7377,(anonymous_511)
FN:7399,(anonymous_512)
FN:7401,(anonymous_513)
FN:7419,render
FN:7437,bindEvent
FN:7440,command
FN:7444,(anonymous_517)
FN:7459,(anonymous_518)
FN:7460,(anonymous_519)
FN:7463,(anonymous_520)
FN:7469,(anonymous_521)
FN:7470,(anonymous_522)
FN:7475,(anonymous_523)
FN:7481,(anonymous_524)
FN:7482,(anonymous_525)
FN:7487,(anonymous_526)
FN:7494,show
FN:7547,hide
FN:7557,(anonymous_529)
FN:7576,(anonymous_530)
FN:7579,(anonymous_531)
FN:7586,(anonymous_532)
FN:7592,(anonymous_533)
FN:7633,imgLink
FN:7638,(anonymous_535)
FN:7665,(anonymous_536)
FN:7674,(anonymous_537)
FN:7694,render
FN:7731,bindToolbarEvent
FN:7734,customCommand
FN:7738,(anonymous_541)
FN:7753,(anonymous_542)
FN:7758,(anonymous_543)
FN:7761,(anonymous_544)
FN:7767,(anonymous_545)
FN:7768,(anonymous_546)
FN:7780,(anonymous_547)
FN:7786,(anonymous_548)
FN:7787,(anonymous_549)
FN:7799,(anonymous_550)
FN:7817,(anonymous_551)
FN:7818,(anonymous_552)
FN:7824,(anonymous_553)
FN:7842,(anonymous_554)
FN:7843,(anonymous_555)
FN:7849,(anonymous_556)
FN:7867,(anonymous_557)
FN:7868,(anonymous_558)
FN:7874,(anonymous_559)
FN:7881,(anonymous_560)
FN:7892,(anonymous_561)
FN:7905,(anonymous_562)
FN:7916,(anonymous_563)
FN:7928,bindDragEvent
FN:7933,mousemove
FN:7957,(anonymous_566)
FN:7978,(anonymous_567)
FN:8000,show
FN:8066,hide
FN:8081,isEmotion
FN:8086,(anonymous_571)
FN:8100,(anonymous_572)
FN:8102,(anonymous_573)
FN:8133,(anonymous_574)
FN:8143,(anonymous_575)
FN:8144,(anonymous_576)
FN:8164,render
FN:8178,setPosition
FN:8206,show
FN:8230,hide
FN:8244,(anonymous_581)
FN:8249,(anonymous_582)
FN:8259,(anonymous_583)
FN:8272,(anonymous_584)
FN:8278,(anonymous_585)
FN:8282,(anonymous_586)
FN:8287,(anonymous_587)
FN:8297,(anonymous_588)
FN:8299,(anonymous_589)
FN:8323,(anonymous_590)
FN:8386,(anonymous_591)
FN:8389,(anonymous_592)
FN:8414,(anonymous_593)
FN:8426,commandFn
FN:8433,(anonymous_595)
FN:8445,commandFn
FN:8452,(anonymous_597)
FN:8481,(anonymous_598)
FN:8484,(anonymous_599)
FN:8498,(anonymous_600)
FN:8544,(anonymous_601)
FN:8546,(anonymous_602)
FN:8579,(anonymous_603)
FNF:604
FNH:0
FNDA:0,(anonymous_0)
FNDA:0,(anonymous_1)
FNDA:0,(anonymous_2)
FNDA:0,(anonymous_3)
FNDA:0,(anonymous_4)
FNDA:0,(anonymous_5)
FNDA:0,(anonymous_6)
FNDA:0,(anonymous_7)
FNDA:0,(anonymous_8)
FNDA:0,(anonymous_9)
FNDA:0,(anonymous_10)
FNDA:0,(anonymous_11)
FNDA:0,(anonymous_12)
FNDA:0,(anonymous_13)
FNDA:0,(anonymous_14)
FNDA:0,(anonymous_15)
FNDA:0,(anonymous_16)
FNDA:0,(anonymous_17)
FNDA:0,(anonymous_18)
FNDA:0,(anonymous_19)
FNDA:0,(anonymous_20)
FNDA:0,(anonymous_21)
FNDA:0,(anonymous_22)
FNDA:0,emptyFn
FNDA:0,(anonymous_24)
FNDA:0,(anonymous_25)
FNDA:0,(anonymous_26)
FNDA:0,(anonymous_27)
FNDA:0,(anonymous_28)
FNDA:0,(anonymous_29)
FNDA:0,(anonymous_30)
FNDA:0,(anonymous_31)
FNDA:0,(anonymous_32)
FNDA:0,(anonymous_33)
FNDA:0,(anonymous_34)
FNDA:0,(anonymous_35)
FNDA:0,(anonymous_36)
FNDA:0,(anonymous_37)
FNDA:0,(anonymous_38)
FNDA:0,(anonymous_39)
FNDA:0,(anonymous_40)
FNDA:0,(anonymous_41)
FNDA:0,(anonymous_42)
FNDA:0,(anonymous_43)
FNDA:0,(anonymous_44)
FNDA:0,commandFn
FNDA:0,(anonymous_46)
FNDA:0,(anonymous_47)
FNDA:0,hidePanelAndModal
FNDA:0,(anonymous_49)
FNDA:0,(anonymous_50)
FNDA:0,(anonymous_51)
FNDA:0,(anonymous_52)
FNDA:0,_matchesSelectorForIE
FNDA:0,(anonymous_54)
FNDA:0,(anonymous_55)
FNDA:0,(anonymous_56)
FNDA:0,(anonymous_57)
FNDA:0,_getRedoList
FNDA:0,_getUndoList
FNDA:0,_handle
FNDA:0,(anonymous_61)
FNDA:0,(anonymous_62)
FNDA:0,(anonymous_63)
FNDA:0,(anonymous_64)
FNDA:0,(anonymous_65)
FNDA:0,(anonymous_66)
FNDA:0,(anonymous_67)
FNDA:0,(anonymous_68)
FNDA:0,(anonymous_69)
FNDA:0,(anonymous_70)
FNDA:0,(anonymous_71)
FNDA:0,(anonymous_72)
FNDA:0,(anonymous_73)
FNDA:0,(anonymous_74)
FNDA:0,(anonymous_75)
FNDA:0,(anonymous_76)
FNDA:0,(anonymous_77)
FNDA:0,(anonymous_78)
FNDA:0,(anonymous_79)
FNDA:0,(anonymous_80)
FNDA:0,(anonymous_81)
FNDA:0,(anonymous_82)
FNDA:0,(anonymous_83)
FNDA:0,(anonymous_84)
FNDA:0,(anonymous_85)
FNDA:0,(anonymous_86)
FNDA:0,(anonymous_87)
FNDA:0,(anonymous_88)
FNDA:0,(anonymous_89)
FNDA:0,(anonymous_90)
FNDA:0,(anonymous_91)
FNDA:0,show
FNDA:0,hide
FNDA:0,(anonymous_94)
FNDA:0,(anonymous_95)
FNDA:0,(anonymous_96)
FNDA:0,(anonymous_97)
FNDA:0,(anonymous_98)
FNDA:0,(anonymous_99)
FNDA:0,(anonymous_100)
FNDA:0,(anonymous_101)
FNDA:0,(anonymous_102)
FNDA:0,(anonymous_103)
FNDA:0,(anonymous_104)
FNDA:0,(anonymous_105)
FNDA:0,(anonymous_106)
FNDA:0,(anonymous_107)
FNDA:0,(anonymous_108)
FNDA:0,(anonymous_109)
FNDA:0,(anonymous_110)
FNDA:0,(anonymous_111)
FNDA:0,(anonymous_112)
FNDA:0,(anonymous_113)
FNDA:0,(anonymous_114)
FNDA:0,(anonymous_115)
FNDA:0,(anonymous_116)
FNDA:0,(anonymous_117)
FNDA:0,(anonymous_118)
FNDA:0,(anonymous_119)
FNDA:0,(anonymous_120)
FNDA:0,(anonymous_121)
FNDA:0,(anonymous_122)
FNDA:0,(anonymous_123)
FNDA:0,(anonymous_124)
FNDA:0,(anonymous_125)
FNDA:0,(anonymous_126)
FNDA:0,(anonymous_127)
FNDA:0,(anonymous_128)
FNDA:0,(anonymous_129)
FNDA:0,(anonymous_130)
FNDA:0,(anonymous_131)
FNDA:0,(anonymous_132)
FNDA:0,(anonymous_133)
FNDA:0,(anonymous_134)
FNDA:0,(anonymous_135)
FNDA:0,(anonymous_136)
FNDA:0,(anonymous_137)
FNDA:0,(anonymous_138)
FNDA:0,(anonymous_139)
FNDA:0,(anonymous_140)
FNDA:0,(anonymous_141)
FNDA:0,(anonymous_142)
FNDA:0,(anonymous_143)
FNDA:0,(anonymous_144)
FNDA:0,(anonymous_145)
FNDA:0,(anonymous_146)
FNDA:0,(anonymous_147)
FNDA:0,(anonymous_148)
FNDA:0,(anonymous_149)
FNDA:0,(anonymous_150)
FNDA:0,(anonymous_151)
FNDA:0,(anonymous_152)
FNDA:0,(anonymous_153)
FNDA:0,(anonymous_154)
FNDA:0,(anonymous_155)
FNDA:0,(anonymous_156)
FNDA:0,(anonymous_157)
FNDA:0,(anonymous_158)
FNDA:0,(anonymous_159)
FNDA:0,(anonymous_160)
FNDA:0,divHandler
FNDA:0,(anonymous_162)
FNDA:0,(anonymous_163)
FNDA:0,(anonymous_164)
FNDA:0,(anonymous_165)
FNDA:0,(anonymous_166)
FNDA:0,(anonymous_167)
FNDA:0,(anonymous_168)
FNDA:0,(anonymous_169)
FNDA:0,(anonymous_170)
FNDA:0,handle
FNDA:0,(anonymous_172)
FNDA:0,(anonymous_173)
FNDA:0,getResult
FNDA:0,(anonymous_175)
FNDA:0,(anonymous_176)
FNDA:0,(anonymous_177)
FNDA:0,removeAttrs
FNDA:0,(anonymous_179)
FNDA:0,(anonymous_180)
FNDA:0,(anonymous_181)
FNDA:0,(anonymous_182)
FNDA:0,(anonymous_183)
FNDA:0,(anonymous_184)
FNDA:0,(anonymous_185)
FNDA:0,(anonymous_186)
FNDA:0,(anonymous_187)
FNDA:0,(anonymous_188)
FNDA:0,(anonymous_189)
FNDA:0,(anonymous_190)
FNDA:0,(anonymous_191)
FNDA:0,(anonymous_192)
FNDA:0,(anonymous_193)
FNDA:0,(anonymous_194)
FNDA:0,(anonymous_195)
FNDA:0,save
FNDA:0,saveSync
FNDA:0,saveAync
FNDA:0,(anonymous_199)
FNDA:0,(anonymous_200)
FNDA:0,(anonymous_201)
FNDA:0,(anonymous_202)
FNDA:0,(anonymous_203)
FNDA:0,doOnchange
FNDA:0,(anonymous_205)
FNDA:0,(anonymous_206)
FNDA:0,(anonymous_207)
FNDA:0,(anonymous_208)
FNDA:0,(anonymous_209)
FNDA:0,(anonymous_210)
FNDA:0,(anonymous_211)
FNDA:0,(anonymous_212)
FNDA:0,(anonymous_213)
FNDA:0,(anonymous_214)
FNDA:0,addAndShowTip
FNDA:0,removeTip
FNDA:0,(anonymous_217)
FNDA:0,(anonymous_218)
FNDA:0,(anonymous_219)
FNDA:0,(anonymous_220)
FNDA:0,(anonymous_221)
FNDA:0,(anonymous_222)
FNDA:0,(anonymous_223)
FNDA:0,(anonymous_224)
FNDA:0,(anonymous_225)
FNDA:0,(anonymous_226)
FNDA:0,(anonymous_227)
FNDA:0,(anonymous_228)
FNDA:0,(anonymous_229)
FNDA:0,(anonymous_230)
FNDA:0,(anonymous_231)
FNDA:0,(anonymous_232)
FNDA:0,(anonymous_233)
FNDA:0,(anonymous_234)
FNDA:0,(anonymous_235)
FNDA:0,(anonymous_236)
FNDA:0,(anonymous_237)
FNDA:0,(anonymous_238)
FNDA:0,(anonymous_239)
FNDA:0,(anonymous_240)
FNDA:0,(anonymous_241)
FNDA:0,(anonymous_242)
FNDA:0,(anonymous_243)
FNDA:0,check
FNDA:0,(anonymous_245)
FNDA:0,(anonymous_246)
FNDA:0,(anonymous_247)
FNDA:0,(anonymous_248)
FNDA:0,(anonymous_249)
FNDA:0,(anonymous_250)
FNDA:0,(anonymous_251)
FNDA:0,(anonymous_252)
FNDA:0,(anonymous_253)
FNDA:0,(anonymous_254)
FNDA:0,(anonymous_255)
FNDA:0,(anonymous_256)
FNDA:0,(anonymous_257)
FNDA:0,(anonymous_258)
FNDA:0,(anonymous_259)
FNDA:0,(anonymous_260)
FNDA:0,(anonymous_261)
FNDA:0,checkElemFn
FNDA:0,(anonymous_263)
FNDA:0,(anonymous_264)
FNDA:0,(anonymous_265)
FNDA:0,(anonymous_266)
FNDA:0,(anonymous_267)
FNDA:0,(anonymous_268)
FNDA:0,(anonymous_269)
FNDA:0,(anonymous_270)
FNDA:0,(anonymous_271)
FNDA:0,commandFn
FNDA:0,callback
FNDA:0,(anonymous_274)
FNDA:0,(anonymous_275)
FNDA:0,updateValue
FNDA:0,(anonymous_277)
FNDA:0,(anonymous_278)
FNDA:0,(anonymous_279)
FNDA:0,(anonymous_280)
FNDA:0,(anonymous_281)
FNDA:0,(anonymous_282)
FNDA:0,(anonymous_283)
FNDA:0,commandFn
FNDA:0,callback
FNDA:0,(anonymous_286)
FNDA:0,commandFn
FNDA:0,(anonymous_288)
FNDA:0,callback
FNDA:0,(anonymous_290)
FNDA:0,(anonymous_291)
FNDA:0,(anonymous_292)
FNDA:0,(anonymous_293)
FNDA:0,commandFn
FNDA:0,callback
FNDA:0,(anonymous_296)
FNDA:0,(anonymous_297)
FNDA:0,(anonymous_298)
FNDA:0,(anonymous_299)
FNDA:0,(anonymous_300)
FNDA:0,(anonymous_301)
FNDA:0,(anonymous_302)
FNDA:0,(anonymous_303)
FNDA:0,(anonymous_304)
FNDA:0,(anonymous_305)
FNDA:0,beforeEvent
FNDA:0,afterEvent
FNDA:0,(anonymous_308)
FNDA:0,(anonymous_309)
FNDA:0,(anonymous_310)
FNDA:0,(anonymous_311)
FNDA:0,(anonymous_312)
FNDA:0,(anonymous_313)
FNDA:0,(anonymous_314)
FNDA:0,(anonymous_315)
FNDA:0,(anonymous_316)
FNDA:0,(anonymous_317)
FNDA:0,(anonymous_318)
FNDA:0,(anonymous_319)
FNDA:0,(anonymous_320)
FNDA:0,(anonymous_321)
FNDA:0,(anonymous_322)
FNDA:0,(anonymous_323)
FNDA:0,(anonymous_324)
FNDA:0,(anonymous_325)
FNDA:0,(anonymous_326)
FNDA:0,(anonymous_327)
FNDA:0,(anonymous_328)
FNDA:0,(anonymous_329)
FNDA:0,(anonymous_330)
FNDA:0,(anonymous_331)
FNDA:0,(anonymous_332)
FNDA:0,(anonymous_333)
FNDA:0,(anonymous_334)
FNDA:0,(anonymous_335)
FNDA:0,commandFn
FNDA:0,callback
FNDA:0,(anonymous_338)
FNDA:0,(anonymous_339)
FNDA:0,(anonymous_340)
FNDA:0,(anonymous_341)
FNDA:0,(anonymous_342)
FNDA:0,(anonymous_343)
FNDA:0,(anonymous_344)
FNDA:0,(anonymous_345)
FNDA:0,(anonymous_346)
FNDA:0,insertEmotionImgs
FNDA:0,(anonymous_348)
FNDA:0,(anonymous_349)
FNDA:0,(anonymous_350)
FNDA:0,(anonymous_351)
FNDA:0,(anonymous_352)
FNDA:0,(anonymous_353)
FNDA:0,(anonymous_354)
FNDA:0,(anonymous_355)
FNDA:0,(anonymous_356)
FNDA:0,(anonymous_357)
FNDA:0,(anonymous_358)
FNDA:0,tabToggle
FNDA:0,(anonymous_360)
FNDA:0,(anonymous_361)
FNDA:0,hideUploadImg
FNDA:0,hideLinkImg
FNDA:0,(anonymous_364)
FNDA:0,hidePanel
FNDA:0,(anonymous_366)
FNDA:0,linkContentHandler
FNDA:0,(anonymous_368)
FNDA:0,callback
FNDA:0,(anonymous_370)
FNDA:0,(anonymous_371)
FNDA:0,(anonymous_372)
FNDA:0,(anonymous_373)
FNDA:0,(anonymous_374)
FNDA:0,(anonymous_375)
FNDA:0,(anonymous_376)
FNDA:0,(anonymous_377)
FNDA:0,(anonymous_378)
FNDA:0,(anonymous_379)
FNDA:0,(anonymous_380)
FNDA:0,(anonymous_381)
FNDA:0,locationFun
FNDA:0,(anonymous_383)
FNDA:0,(anonymous_384)
FNDA:0,(anonymous_385)
FNDA:0,(anonymous_386)
FNDA:0,(anonymous_387)
FNDA:0,(anonymous_388)
FNDA:0,callback
FNDA:0,(anonymous_390)
FNDA:0,(anonymous_391)
FNDA:0,(anonymous_392)
FNDA:0,(anonymous_393)
FNDA:0,(anonymous_394)
FNDA:0,(anonymous_395)
FNDA:0,loadHljs
FNDA:0,(anonymous_397)
FNDA:0,(anonymous_398)
FNDA:0,(anonymous_399)
FNDA:0,(anonymous_400)
FNDA:0,(anonymous_401)
FNDA:0,contentHandle
FNDA:0,(anonymous_403)
FNDA:0,(anonymous_404)
FNDA:0,(anonymous_405)
FNDA:0,(anonymous_406)
FNDA:0,(anonymous_407)
FNDA:0,commandFn
FNDA:0,callback
FNDA:0,(anonymous_410)
FNDA:0,updateMenu
FNDA:0,(anonymous_412)
FNDA:0,(anonymous_413)
FNDA:0,(anonymous_414)
FNDA:0,(anonymous_415)
FNDA:0,(anonymous_416)
FNDA:0,undo
FNDA:0,(anonymous_418)
FNDA:0,(anonymous_419)
FNDA:0,(anonymous_420)
FNDA:0,(anonymous_421)
FNDA:0,(anonymous_422)
FNDA:0,(anonymous_423)
FNDA:0,(anonymous_424)
FNDA:0,(anonymous_425)
FNDA:0,(anonymous_426)
FNDA:0,(anonymous_427)
FNDA:0,(anonymous_428)
FNDA:0,(anonymous_429)
FNDA:0,(anonymous_430)
FNDA:0,(anonymous_431)
FNDA:0,(anonymous_432)
FNDA:0,(anonymous_433)
FNDA:0,(anonymous_434)
FNDA:0,(anonymous_435)
FNDA:0,(anonymous_436)
FNDA:0,(anonymous_437)
FNDA:0,(anonymous_438)
FNDA:0,(anonymous_439)
FNDA:0,(anonymous_440)
FNDA:0,(anonymous_441)
FNDA:0,(anonymous_442)
FNDA:0,(anonymous_443)
FNDA:0,(anonymous_444)
FNDA:0,(anonymous_445)
FNDA:0,(anonymous_446)
FNDA:0,(anonymous_447)
FNDA:0,(anonymous_448)
FNDA:0,(anonymous_449)
FNDA:0,(anonymous_450)
FNDA:0,(anonymous_451)
FNDA:0,(anonymous_452)
FNDA:0,convertBase64UrlToBlob
FNDA:0,insertImg
FNDA:0,(anonymous_455)
FNDA:0,(anonymous_456)
FNDA:0,updateProgress
FNDA:0,(anonymous_458)
FNDA:0,timeoutCallback
FNDA:0,(anonymous_460)
FNDA:0,(anonymous_461)
FNDA:0,(anonymous_462)
FNDA:0,(anonymous_463)
FNDA:0,(anonymous_464)
FNDA:0,(anonymous_465)
FNDA:0,render
FNDA:0,(anonymous_467)
FNDA:0,hideProgress
FNDA:0,(anonymous_469)
FNDA:0,(anonymous_470)
FNDA:0,(anonymous_471)
FNDA:0,(anonymous_472)
FNDA:0,(anonymous_473)
FNDA:0,(anonymous_474)
FNDA:0,(anonymous_475)
FNDA:0,(anonymous_476)
FNDA:0,(anonymous_477)
FNDA:0,(anonymous_478)
FNDA:0,(anonymous_479)
FNDA:0,(anonymous_480)
FNDA:0,(anonymous_481)
FNDA:0,clearInput
FNDA:0,(anonymous_483)
FNDA:0,(anonymous_484)
FNDA:0,(anonymous_485)
FNDA:0,(anonymous_486)
FNDA:0,(anonymous_487)
FNDA:0,(anonymous_488)
FNDA:0,(anonymous_489)
FNDA:0,(anonymous_490)
FNDA:0,(anonymous_491)
FNDA:0,(anonymous_492)
FNDA:0,(anonymous_493)
FNDA:0,onloadFn
FNDA:0,(anonymous_495)
FNDA:0,show
FNDA:0,(anonymous_497)
FNDA:0,(anonymous_498)
FNDA:0,(anonymous_499)
FNDA:0,findPasteImgAndUpload
FNDA:0,(anonymous_501)
FNDA:0,(anonymous_502)
FNDA:0,(anonymous_503)
FNDA:0,(anonymous_504)
FNDA:0,(anonymous_505)
FNDA:0,(anonymous_506)
FNDA:0,(anonymous_507)
FNDA:0,(anonymous_508)
FNDA:0,(anonymous_509)
FNDA:0,(anonymous_510)
FNDA:0,(anonymous_511)
FNDA:0,(anonymous_512)
FNDA:0,(anonymous_513)
FNDA:0,render
FNDA:0,bindEvent
FNDA:0,command
FNDA:0,(anonymous_517)
FNDA:0,(anonymous_518)
FNDA:0,(anonymous_519)
FNDA:0,(anonymous_520)
FNDA:0,(anonymous_521)
FNDA:0,(anonymous_522)
FNDA:0,(anonymous_523)
FNDA:0,(anonymous_524)
FNDA:0,(anonymous_525)
FNDA:0,(anonymous_526)
FNDA:0,show
FNDA:0,hide
FNDA:0,(anonymous_529)
FNDA:0,(anonymous_530)
FNDA:0,(anonymous_531)
FNDA:0,(anonymous_532)
FNDA:0,(anonymous_533)
FNDA:0,imgLink
FNDA:0,(anonymous_535)
FNDA:0,(anonymous_536)
FNDA:0,(anonymous_537)
FNDA:0,render
FNDA:0,bindToolbarEvent
FNDA:0,customCommand
FNDA:0,(anonymous_541)
FNDA:0,(anonymous_542)
FNDA:0,(anonymous_543)
FNDA:0,(anonymous_544)
FNDA:0,(anonymous_545)
FNDA:0,(anonymous_546)
FNDA:0,(anonymous_547)
FNDA:0,(anonymous_548)
FNDA:0,(anonymous_549)
FNDA:0,(anonymous_550)
FNDA:0,(anonymous_551)
FNDA:0,(anonymous_552)
FNDA:0,(anonymous_553)
FNDA:0,(anonymous_554)
FNDA:0,(anonymous_555)
FNDA:0,(anonymous_556)
FNDA:0,(anonymous_557)
FNDA:0,(anonymous_558)
FNDA:0,(anonymous_559)
FNDA:0,(anonymous_560)
FNDA:0,(anonymous_561)
FNDA:0,(anonymous_562)
FNDA:0,(anonymous_563)
FNDA:0,bindDragEvent
FNDA:0,mousemove
FNDA:0,(anonymous_566)
FNDA:0,(anonymous_567)
FNDA:0,show
FNDA:0,hide
FNDA:0,isEmotion
FNDA:0,(anonymous_571)
FNDA:0,(anonymous_572)
FNDA:0,(anonymous_573)
FNDA:0,(anonymous_574)
FNDA:0,(anonymous_575)
FNDA:0,(anonymous_576)
FNDA:0,render
FNDA:0,setPosition
FNDA:0,show
FNDA:0,hide
FNDA:0,(anonymous_581)
FNDA:0,(anonymous_582)
FNDA:0,(anonymous_583)
FNDA:0,(anonymous_584)
FNDA:0,(anonymous_585)
FNDA:0,(anonymous_586)
FNDA:0,(anonymous_587)
FNDA:0,(anonymous_588)
FNDA:0,(anonymous_589)
FNDA:0,(anonymous_590)
FNDA:0,(anonymous_591)
FNDA:0,(anonymous_592)
FNDA:0,(anonymous_593)
FNDA:0,commandFn
FNDA:0,(anonymous_595)
FNDA:0,commandFn
FNDA:0,(anonymous_597)
FNDA:0,(anonymous_598)
FNDA:0,(anonymous_599)
FNDA:0,(anonymous_600)
FNDA:0,(anonymous_601)
FNDA:0,(anonymous_602)
FNDA:0,(anonymous_603)
DA:1,0
DA:2,0
DA:3,0
DA:5,0
DA:6,0
DA:8,0
DA:9,0
DA:13,0
DA:15,0
DA:19,0
DA:20,0
DA:26,0
DA:31,0
DA:32,0
DA:33,0
DA:37,0
DA:38,0
DA:39,0
DA:41,0
DA:45,0
DA:46,0
DA:48,0
DA:49,0
DA:53,0
DA:55,0
DA:56,0
DA:60,0
DA:61,0
DA:62,0
DA:64,0
DA:65,0
DA:67,0
DA:69,0
DA:70,0
DA:73,0
DA:74,0
DA:77,0
DA:80,0
DA:82,0
DA:83,0
DA:84,0
DA:85,0
DA:86,0
DA:87,0
DA:88,0
DA:89,0
DA:90,0
DA:91,0
DA:94,0
DA:99,0
DA:100,0
DA:101,0
DA:104,0
DA:105,0
DA:111,0
DA:113,0
DA:116,0
DA:119,0
DA:122,0
DA:125,0
DA:128,0
DA:131,0
DA:137,0
DA:140,0
DA:142,0
DA:143,0
DA:146,0
DA:150,0
DA:151,0
DA:153,0
DA:154,0
DA:159,0
DA:160,0
DA:161,0
DA:162,0
DA:164,0
DA:166,0
DA:169,0
DA:170,0
DA:174,0
DA:175,0
DA:176,0
DA:177,0
DA:178,0
DA:179,0
DA:180,0
DA:181,0
DA:182,0
DA:185,0
DA:189,0
DA:190,0
DA:192,0
DA:193,0
DA:198,0
DA:199,0
DA:201,0
DA:204,0
DA:205,0
DA:206,0
DA:209,0
DA:210,0
DA:211,0
DA:213,0
DA:218,0
DA:219,0
DA:221,0
DA:224,0
DA:225,0
DA:226,0
DA:229,0
DA:230,0
DA:231,0
DA:233,0
DA:238,0
DA:239,0
DA:241,0
DA:242,0
DA:243,0
DA:244,0
DA:251,0
DA:254,0
DA:258,0
DA:259,0
DA:260,0
DA:262,0
DA:267,0
DA:269,0
DA:270,0
DA:272,0
DA:274,0
DA:276,0
DA:277,0
DA:282,0
DA:283,0
DA:284,0
DA:285,0
DA:287,0
DA:291,0
DA:292,0
DA:293,0
DA:295,0
DA:296,0
DA:298,0
DA:303,0
DA:304,0
DA:306,0
DA:307,0
DA:308,0
DA:309,0
DA:314,0
DA:318,0
DA:319,0
DA:322,0
DA:324,0
DA:325,0
DA:327,0
DA:328,0
DA:329,0
DA:330,0
DA:334,0
DA:336,0
DA:341,0
DA:344,0
DA:346,0
DA:347,0
DA:351,0
DA:352,0
DA:353,0
DA:354,0
DA:356,0
DA:361,0
DA:363,0
DA:364,0
DA:366,0
DA:369,0
DA:372,0
DA:373,0
DA:375,0
DA:376,0
DA:380,0
DA:384,0
DA:385,0
DA:386,0
DA:388,0
DA:392,0
DA:393,0
DA:395,0
DA:396,0
DA:401,0
DA:402,0
DA:403,0
DA:404,0
DA:405,0
DA:409,0
DA:410,0
DA:411,0
DA:412,0
DA:415,0
DA:417,0
DA:418,0
DA:419,0
DA:420,0
DA:423,0
DA:426,0
DA:427,0
DA:429,0
DA:430,0
DA:433,0
DA:434,0
DA:438,0
DA:443,0
DA:445,0
DA:447,0
DA:453,0
DA:454,0
DA:455,0
DA:456,0
DA:458,0
DA:462,0
DA:463,0
DA:464,0
DA:465,0
DA:467,0
DA:469,0
DA:470,0
DA:472,0
DA:477,0
DA:478,0
DA:480,0
DA:481,0
DA:484,0
DA:488,0
DA:489,0
DA:492,0
DA:494,0
DA:495,0
DA:497,0
DA:498,0
DA:501,0
DA:503,0
DA:508,0
DA:510,0
DA:515,0
DA:516,0
DA:520,0
DA:521,0
DA:522,0
DA:525,0
DA:526,0
DA:528,0
DA:533,0
DA:534,0
DA:536,0
DA:542,0
DA:544,0
DA:549,0
DA:551,0
DA:552,0
DA:553,0
DA:556,0
DA:557,0
DA:558,0
DA:561,0
DA:562,0
DA:563,0
DA:566,0
DA:570,0
DA:575,0
DA:578,0
DA:579,0
DA:583,0
DA:584,0
DA:586,0
DA:588,0
DA:591,0
DA:592,0
DA:593,0
DA:598,0
DA:602,0
DA:606,0
DA:607,0
DA:609,0
DA:610,0
DA:614,0
DA:615,0
DA:618,0
DA:619,0
DA:623,0
DA:627,0
DA:628,0
DA:629,0
DA:631,0
DA:633,0
DA:634,0
DA:637,0
DA:640,0
DA:643,0
DA:646,0
DA:648,0
DA:651,0
DA:652,0
DA:656,0
DA:659,0
DA:662,0
DA:665,0
DA:669,0
DA:671,0
DA:673,0
DA:674,0
DA:680,0
DA:681,0
DA:682,0
DA:683,0
DA:687,0
DA:692,0
DA:693,0
DA:694,0
DA:695,0
DA:699,0
DA:703,0
DA:704,0
DA:705,0
DA:706,0
DA:710,0
DA:715,0
DA:721,0
DA:722,0
DA:723,0
DA:726,0
DA:727,0
DA:728,0
DA:729,0
DA:733,0
DA:737,0
DA:738,0
DA:739,0
DA:740,0
DA:741,0
DA:743,0
DA:747,0
DA:749,0
DA:750,0
DA:753,0
DA:755,0
DA:760,0
DA:762,0
DA:765,0
DA:767,0
DA:768,0
DA:771,0
DA:773,0
DA:776,0
DA:778,0
DA:783,0
DA:786,0
DA:791,0
DA:793,0
DA:795,0
DA:796,0
DA:798,0
DA:801,0
DA:802,0
DA:804,0
DA:811,0
DA:812,0
DA:814,0
DA:815,0
DA:818,0
DA:819,0
DA:820,0
DA:821,0
DA:822,0
DA:823,0
DA:824,0
DA:826,0
DA:831,0
DA:833,0
DA:836,0
DA:837,0
DA:849,0
DA:850,0
DA:851,0
DA:852,0
DA:853,0
DA:854,0
DA:855,0
DA:857,0
DA:858,0
DA:862,0
DA:863,0
DA:867,0
DA:873,0
DA:874,0
DA:879,0
DA:880,0
DA:881,0
DA:882,0
DA:884,0
DA:885,0
DA:889,0
DA:890,0
DA:893,0
DA:897,0
DA:898,0
DA:899,0
DA:900,0
DA:901,0
DA:902,0
DA:906,0
DA:907,0
DA:910,0
DA:914,0
DA:917,0
DA:918,0
DA:922,0
DA:923,0
DA:924,0
DA:925,0
DA:932,0
DA:935,0
DA:936,0
DA:937,0
DA:938,0
DA:941,0
DA:942,0
DA:943,0
DA:946,0
DA:949,0
DA:952,0
DA:955,0
DA:956,0
DA:957,0
DA:958,0
DA:964,0
DA:965,0
DA:966,0
DA:969,0
DA:972,0
DA:974,0
DA:975,0
DA:976,0
DA:980,0
DA:981,0
DA:982,0
DA:983,0
DA:984,0
DA:986,0
DA:988,0
DA:989,0
DA:990,0
DA:993,0
DA:994,0
DA:999,0
DA:1000,0
DA:1001,0
DA:1002,0
DA:1003,0
DA:1004,0
DA:1006,0
DA:1008,0
DA:1009,0
DA:1010,0
DA:1013,0
DA:1014,0
DA:1019,0
DA:1020,0
DA:1021,0
DA:1022,0
DA:1023,0
DA:1028,0
DA:1031,0
DA:1032,0
DA:1033,0
DA:1036,0
DA:1039,0
DA:1043,0
DA:1045,0
DA:1048,0
DA:1049,0
DA:1050,0
DA:1052,0
DA:1055,0
DA:1059,0
DA:1060,0
DA:1061,0
DA:1062,0
DA:1064,0
DA:1065,0
DA:1066,0
DA:1068,0
DA:1075,0
DA:1077,0
DA:1079,0
DA:1080,0
DA:1081,0
DA:1083,0
DA:1087,0
DA:1088,0
DA:1089,0
DA:1093,0
DA:1095,0
DA:1097,0
DA:1099,0
DA:1100,0
DA:1102,0
DA:1103,0
DA:1104,0
DA:1106,0
DA:1107,0
DA:1110,0
DA:1111,0
DA:1112,0
DA:1114,0
DA:1115,0
DA:1116,0
DA:1117,0
DA:1118,0
DA:1120,0
DA:1125,0
DA:1128,0
DA:1129,0
DA:1130,0
DA:1131,0
DA:1132,0
DA:1133,0
DA:1136,0
DA:1137,0
DA:1138,0
DA:1139,0
DA:1142,0
DA:1145,0
DA:1148,0
DA:1150,0
DA:1153,0
DA:1154,0
DA:1155,0
DA:1156,0
DA:1157,0
DA:1159,0
DA:1161,0
DA:1164,0
DA:1165,0
DA:1169,0
DA:1173,0
DA:1176,0
DA:1178,0
DA:1181,0
DA:1187,0
DA:1189,0
DA:1192,0
DA:1194,0
DA:1196,0
DA:1197,0
DA:1198,0
DA:1199,0
DA:1202,0
DA:1205,0
DA:1206,0
DA:1209,0
DA:1210,0
DA:1211,0
DA:1212,0
DA:1213,0
DA:1218,0
DA:1221,0
DA:1223,0
DA:1224,0
DA:1225,0
DA:1226,0
DA:1227,0
DA:1228,0
DA:1230,0
DA:1231,0
DA:1234,0
DA:1240,0
DA:1245,0
DA:1246,0
DA:1249,0
DA:1252,0
DA:1256,0
DA:1257,0
DA:1258,0
DA:1261,0
DA:1262,0
DA:1267,0
DA:1268,0
DA:1270,0
DA:1271,0
DA:1274,0
DA:1275,0
DA:1276,0
DA:1278,0
DA:1279,0
DA:1280,0
DA:1281,0
DA:1283,0
DA:1285,0
DA:1289,0
DA:1293,0
DA:1294,0
DA:1295,0
DA:1296,0
DA:1298,0
DA:1299,0
DA:1302,0
DA:1304,0
DA:1307,0
DA:1308,0
DA:1313,0
DA:1316,0
DA:1317,0
DA:1318,0
DA:1319,0
DA:1321,0
DA:1323,0
DA:1324,0
DA:1325,0
DA:1326,0
DA:1328,0
DA:1333,0
DA:1334,0
DA:1335,0
DA:1338,0
DA:1339,0
DA:1341,0
DA:1342,0
DA:1343,0
DA:1344,0
DA:1345,0
DA:1347,0
DA:1348,0
DA:1349,0
DA:1351,0
DA:1352,0
DA:1355,0
DA:1360,0
DA:1361,0
DA:1364,0
DA:1368,0
DA:1369,0
DA:1370,0
DA:1372,0
DA:1373,0
DA:1375,0
DA:1378,0
DA:1381,0
DA:1383,0
DA:1384,0
DA:1387,0
DA:1388,0
DA:1394,0
DA:1395,0
DA:1396,0
DA:1398,0
DA:1400,0
DA:1401,0
DA:1402,0
DA:1403,0
DA:1405,0
DA:1406,0
DA:1407,0
DA:1409,0
DA:1410,0
DA:1414,0
DA:1418,0
DA:1420,0
DA:1421,0
DA:1424,0
DA:1426,0
DA:1429,0
DA:1430,0
DA:1433,0
DA:1434,0
DA:1435,0
DA:1437,0
DA:1438,0
DA:1442,0
DA:1447,0
DA:1450,0
DA:1451,0
DA:1452,0
DA:1455,0
DA:1457,0
DA:1459,0
DA:1462,0
DA:1463,0
DA:1466,0
DA:1469,0
DA:1472,0
DA:1475,0
DA:1477,0
DA:1480,0
DA:1481,0
DA:1484,0
DA:1487,0
DA:1490,0
DA:1494,0
DA:1495,0
DA:1496,0
DA:1497,0
DA:1498,0
DA:1502,0
DA:1503,0
DA:1504,0
DA:1505,0
DA:1506,0
DA:1509,0
DA:1513,0
DA:1514,0
DA:1515,0
DA:1516,0
DA:1517,0
DA:1518,0
DA:1519,0
DA:1522,0
DA:1523,0
DA:1525,0
DA:1527,0
DA:1528,0
DA:1532,0
DA:1533,0
DA:1535,0
DA:1538,0
DA:1542,0
DA:1543,0
DA:1549,0
DA:1550,0
DA:1553,0
DA:1555,0
DA:1556,0
DA:1557,0
DA:1559,0
DA:1562,0
DA:1564,0
DA:1565,0
DA:1567,0
DA:1570,0
DA:1572,0
DA:1575,0
DA:1577,0
DA:1581,0
DA:1584,0
DA:1585,0
DA:1588,0
DA:1589,0
DA:1595,0
DA:1597,0
DA:1600,0
DA:1601,0
DA:1602,0
DA:1603,0
DA:1606,0
DA:1609,0
DA:1613,0
DA:1614,0
DA:1615,0
DA:1616,0
DA:1617,0
DA:1618,0
DA:1619,0
DA:1622,0
DA:1625,0
DA:1626,0
DA:1627,0
DA:1628,0
DA:1631,0
DA:1635,0
DA:1640,0
DA:1641,0
DA:1642,0
DA:1645,0
DA:1646,0
DA:1647,0
DA:1650,0
DA:1657,0
DA:1658,0
DA:1661,0
DA:1668,0
DA:1669,0
DA:1670,0
DA:1671,0
DA:1673,0
DA:1676,0
DA:1677,0
DA:1680,0
DA:1681,0
DA:1684,0
DA:1687,0
DA:1690,0
DA:1694,0
DA:1695,0
DA:1696,0
DA:1697,0
DA:1698,0
DA:1701,0
DA:1702,0
DA:1705,0
DA:1708,0
DA:1712,0
DA:1715,0
DA:1716,0
DA:1717,0
DA:1718,0
DA:1719,0
DA:1720,0
DA:1721,0
DA:1724,0
DA:1727,0
DA:1730,0
DA:1733,0
DA:1735,0
DA:1738,0
DA:1739,0
DA:1742,0
DA:1745,0
DA:1749,0
DA:1750,0
DA:1751,0
DA:1752,0
DA:1753,0
DA:1754,0
DA:1755,0
DA:1757,0
DA:1761,0
DA:1762,0
DA:1765,0
DA:1766,0
DA:1770,0
DA:1771,0
DA:1774,0
DA:1776,0
DA:1777,0
DA:1778,0
DA:1780,0
DA:1783,0
DA:1785,0
DA:1786,0
DA:1788,0
DA:1791,0
DA:1793,0
DA:1796,0
DA:1798,0
DA:1802,0
DA:1805,0
DA:1806,0
DA:1809,0
DA:1810,0
DA:1816,0
DA:1818,0
DA:1821,0
DA:1822,0
DA:1823,0
DA:1824,0
DA:1825,0
DA:1828,0
DA:1831,0
DA:1834,0
DA:1838,0
DA:1839,0
DA:1840,0
DA:1841,0
DA:1842,0
DA:1843,0
DA:1844,0
DA:1845,0
DA:1848,0
DA:1851,0
DA:1852,0
DA:1853,0
DA:1854,0
DA:1857,0
DA:1861,0
DA:1866,0
DA:1867,0
DA:1868,0
DA:1869,0
DA:1872,0
DA:1873,0
DA:1877,0
DA:1878,0
DA:1879,0
DA:1883,0
DA:1890,0
DA:1891,0
DA:1894,0
DA:1900,0
DA:1906,0
DA:1907,0
DA:1908,0
DA:1909,0
DA:1910,0
DA:1911,0
DA:1912,0
DA:1913,0
DA:1919,0
DA:1920,0
DA:1921,0
DA:1922,0
DA:1924,0
DA:1927,0
DA:1928,0
DA:1931,0
DA:1932,0
DA:1935,0
DA:1938,0
DA:1941,0
DA:1943,0
DA:1945,0
DA:1948,0
DA:1953,0
DA:1954,0
DA:1955,0
DA:1956,0
DA:1957,0
DA:1960,0
DA:1961,0
DA:1964,0
DA:1967,0
DA:1972,0
DA:1975,0
DA:1976,0
DA:1977,0
DA:1978,0
DA:1980,0
DA:1983,0
DA:1986,0
DA:1989,0
DA:1991,0
DA:1993,0
DA:1994,0
DA:1997,0
DA:2000,0
DA:2004,0
DA:2005,0
DA:2006,0
DA:2007,0
DA:2008,0
DA:2010,0
DA:2011,0
DA:2014,0
DA:2015,0
DA:2019,0
DA:2020,0
DA:2021,0
DA:2022,0
DA:2025,0
DA:2026,0
DA:2030,0
DA:2031,0
DA:2032,0
DA:2034,0
DA:2037,0
DA:2039,0
DA:2040,0
DA:2041,0
DA:2043,0
DA:2046,0
DA:2048,0
DA:2052,0
DA:2054,0
DA:2058,0
DA:2063,0
DA:2065,0
DA:2068,0
DA:2069,0
DA:2070,0
DA:2071,0
DA:2074,0
DA:2077,0
DA:2080,0
DA:2084,0
DA:2085,0
DA:2086,0
DA:2087,0
DA:2088,0
DA:2089,0
DA:2090,0
DA:2091,0
DA:2092,0
DA:2095,0
DA:2096,0
DA:2099,0
DA:2106,0
DA:2107,0
DA:2108,0
DA:2109,0
DA:2111,0
DA:2114,0
DA:2115,0
DA:2118,0
DA:2120,0
DA:2121,0
DA:2124,0
DA:2127,0
DA:2131,0
DA:2132,0
DA:2133,0
DA:2134,0
DA:2135,0
DA:2138,0
DA:2141,0
DA:2142,0
DA:2145,0
DA:2149,0
DA:2152,0
DA:2153,0
DA:2156,0
DA:2159,0
DA:2162,0
DA:2165,0
DA:2167,0
DA:2170,0
DA:2171,0
DA:2172,0
DA:2173,0
DA:2174,0
DA:2177,0
DA:2179,0
DA:2180,0
DA:2181,0
DA:2184,0
DA:2192,0
DA:2193,0
DA:2196,0
DA:2199,0
DA:2202,0
DA:2205,0
DA:2208,0
DA:2211,0
DA:2214,0
DA:2217,0
DA:2221,0
DA:2222,0
DA:2223,0
DA:2224,0
DA:2227,0
DA:2228,0
DA:2229,0
DA:2231,0
DA:2232,0
DA:2234,0
DA:2235,0
DA:2239,0
DA:2240,0
DA:2241,0
DA:2243,0
DA:2245,0
DA:2247,0
DA:2248,0
DA:2249,0
DA:2250,0
DA:2256,0
DA:2257,0
DA:2258,0
DA:2259,0
DA:2260,0
DA:2264,0
DA:2265,0
DA:2268,0
DA:2269,0
DA:2270,0
DA:2273,0
DA:2274,0
DA:2275,0
DA:2278,0
DA:2279,0
DA:2283,0
DA:2285,0
DA:2286,0
DA:2287,0
DA:2289,0
DA:2291,0
DA:2293,0
DA:2294,0
DA:2297,0
DA:2299,0
DA:2300,0
DA:2301,0
DA:2304,0
DA:2311,0
DA:2312,0
DA:2313,0
DA:2315,0
DA:2316,0
DA:2317,0
DA:2319,0
DA:2320,0
DA:2321,0
DA:2324,0
DA:2329,0
DA:2330,0
DA:2331,0
DA:2332,0
DA:2334,0
DA:2335,0
DA:2337,0
DA:2340,0
DA:2341,0
DA:2347,0
DA:2348,0
DA:2349,0
DA:2350,0
DA:2351,0
DA:2352,0
DA:2353,0
DA:2355,0
DA:2356,0
DA:2358,0
DA:2361,0
DA:2362,0
DA:2364,0
DA:2367,0
DA:2370,0
DA:2371,0
DA:2373,0
DA:2376,0
DA:2378,0
DA:2379,0
DA:2381,0
DA:2384,0
DA:2388,0
DA:2389,0
DA:2395,0
DA:2399,0
DA:2402,0
DA:2403,0
DA:2404,0
DA:2407,0
DA:2409,0
DA:2411,0
DA:2414,0
DA:2415,0
DA:2417,0
DA:2422,0
DA:2425,0
DA:2426,0
DA:2431,0
DA:2433,0
DA:2434,0
DA:2435,0
DA:2438,0
DA:2439,0
DA:2442,0
DA:2447,0
DA:2448,0
DA:2451,0
DA:2457,0
DA:2458,0
DA:2461,0
DA:2462,0
DA:2466,0
DA:2467,0
DA:2470,0
DA:2473,0
DA:2474,0
DA:2475,0
DA:2478,0
DA:2481,0
DA:2482,0
DA:2484,0
DA:2487,0
DA:2489,0
DA:2490,0
DA:2492,0
DA:2493,0
DA:2495,0
DA:2499,0
DA:2500,0
DA:2503,0
DA:2505,0
DA:2511,0
DA:2513,0
DA:2514,0
DA:2516,0
DA:2519,0
DA:2520,0
DA:2522,0
DA:2525,0
DA:2526,0
DA:2527,0
DA:2530,0
DA:2531,0
DA:2532,0
DA:2534,0
DA:2538,0
DA:2540,0
DA:2543,0
DA:2544,0
DA:2545,0
DA:2546,0
DA:2548,0
DA:2549,0
DA:2550,0
DA:2552,0
DA:2556,0
DA:2558,0
DA:2563,0
DA:2564,0
DA:2570,0
DA:2571,0
DA:2572,0
DA:2575,0
DA:2576,0
DA:2577,0
DA:2581,0
DA:2582,0
DA:2584,0
DA:2590,0
DA:2591,0
DA:2592,0
DA:2593,0
DA:2597,0
DA:2602,0
DA:2603,0
DA:2604,0
DA:2605,0
DA:2606,0
DA:2607,0
DA:2608,0
DA:2609,0
DA:2612,0
DA:2613,0
DA:2614,0
DA:2618,0
DA:2621,0
DA:2624,0
DA:2627,0
DA:2628,0
DA:2629,0
DA:2632,0
DA:2635,0
DA:2636,0
DA:2637,0
DA:2639,0
DA:2640,0
DA:2644,0
DA:2645,0
DA:2650,0
DA:2651,0
DA:2652,0
DA:2653,0
DA:2654,0
DA:2655,0
DA:2657,0
DA:2660,0
DA:2662,0
DA:2667,0
DA:2669,0
DA:2673,0
DA:2674,0
DA:2678,0
DA:2679,0
DA:2682,0
DA:2683,0
DA:2686,0
DA:2692,0
DA:2694,0
DA:2696,0
DA:2699,0
DA:2700,0
DA:2701,0
DA:2702,0
DA:2706,0
DA:2707,0
DA:2708,0
DA:2709,0
DA:2710,0
DA:2711,0
DA:2714,0
DA:2716,0
DA:2719,0
DA:2722,0
DA:2726,0
DA:2727,0
DA:2728,0
DA:2729,0
DA:2730,0
DA:2733,0
DA:2735,0
DA:2736,0
DA:2737,0
DA:2741,0
DA:2742,0
DA:2743,0
DA:2747,0
DA:2750,0
DA:2754,0
DA:2761,0
DA:2762,0
DA:2763,0
DA:2765,0
DA:2770,0
DA:2775,0
DA:2776,0
DA:2777,0
DA:2779,0
DA:2782,0
DA:2788,0
DA:2789,0
DA:2792,0
DA:2793,0
DA:2799,0
DA:2800,0
DA:2802,0
DA:2806,0
DA:2809,0
DA:2812,0
DA:2816,0
DA:2817,0
DA:2819,0
DA:2820,0
DA:2823,0
DA:2826,0
DA:2832,0
DA:2833,0
DA:2834,0
DA:2839,0
DA:2840,0
DA:2842,0
DA:2846,0
DA:2847,0
DA:2851,0
DA:2854,0
DA:2858,0
DA:2860,0
DA:2861,0
DA:2865,0
DA:2866,0
DA:2868,0
DA:2873,0
DA:2874,0
DA:2875,0
DA:2878,0
DA:2879,0
DA:2884,0
DA:2885,0
DA:2886,0
DA:2888,0
DA:2889,0
DA:2890,0
DA:2893,0
DA:2894,0
DA:2899,0
DA:2900,0
DA:2901,0
DA:2902,0
DA:2903,0
DA:2904,0
DA:2908,0
DA:2909,0
DA:2913,0
DA:2914,0
DA:2915,0
DA:2916,0
DA:2922,0
DA:2923,0
DA:2924,0
DA:2926,0
DA:2927,0
DA:2928,0
DA:2929,0
DA:2931,0
DA:2934,0
DA:2935,0
DA:2936,0
DA:2940,0
DA:2941,0
DA:2942,0
DA:2943,0
DA:2950,0
DA:2951,0
DA:2952,0
DA:2953,0
DA:2955,0
DA:2956,0
DA:2958,0
DA:2963,0
DA:2964,0
DA:2965,0
DA:2966,0
DA:2967,0
DA:2968,0
DA:2969,0
DA:2972,0
DA:2973,0
DA:2974,0
DA:2977,0
DA:2978,0
DA:2980,0
DA:2981,0
DA:2982,0
DA:2983,0
DA:2984,0
DA:2985,0
DA:2988,0
DA:2989,0
DA:3007,0
DA:3013,0
DA:3014,0
DA:3016,0
DA:3017,0
DA:3020,0
DA:3021,0
DA:3023,0
DA:3029,0
DA:3032,0
DA:3034,0
DA:3035,0
DA:3036,0
DA:3037,0
DA:3038,0
DA:3039,0
DA:3042,0
DA:3045,0
DA:3046,0
DA:3047,0
DA:3048,0
DA:3049,0
DA:3052,0
DA:3057,0
DA:3058,0
DA:3059,0
DA:3064,0
DA:3065,0
DA:3066,0
DA:3067,0
DA:3068,0
DA:3070,0
DA:3072,0
DA:3073,0
DA:3080,0
DA:3081,0
DA:3085,0
DA:3088,0
DA:3089,0
DA:3090,0
DA:3092,0
DA:3093,0
DA:3094,0
DA:3096,0
DA:3097,0
DA:3098,0
DA:3100,0
DA:3101,0
DA:3102,0
DA:3103,0
DA:3110,0
DA:3111,0
DA:3114,0
DA:3159,0
DA:3204,0
DA:3206,0
DA:3209,0
DA:3212,0
DA:3215,0
DA:3218,0
DA:3221,0
DA:3224,0
DA:3227,0
DA:3264,0
DA:3285,0
DA:3293,0
DA:3305,0
DA:3306,0
DA:3375,0
DA:3379,0
DA:3381,0
DA:3383,0
DA:3388,0
DA:3393,0
DA:3398,0
DA:3403,0
DA:3406,0
DA:3409,0
DA:3412,0
DA:3415,0
DA:3419,0
DA:3421,0
DA:3424,0
DA:3546,0
DA:3548,0
DA:3549,0
DA:3550,0
DA:3551,0
DA:3556,0
DA:3558,0
DA:3559,0
DA:3564,0
DA:3566,0
DA:3567,0
DA:3568,0
DA:3570,0
DA:3575,0
DA:3577,0
DA:3578,0
DA:3579,0
DA:3584,0
DA:3587,0
DA:3588,0
DA:3589,0
DA:3593,0
DA:3594,0
DA:3595,0
DA:3599,0
DA:3600,0
DA:3602,0
DA:3606,0
DA:3607,0
DA:3613,0
DA:3615,0
DA:3616,0
DA:3617,0
DA:3618,0
DA:3621,0
DA:3622,0
DA:3625,0
DA:3633,0
DA:3634,0
DA:3635,0
DA:3637,0
DA:3640,0
DA:3645,0
DA:3650,0
DA:3652,0
DA:3653,0
DA:3654,0
DA:3655,0
DA:3658,0
DA:3659,0
DA:3662,0
DA:3670,0
DA:3671,0
DA:3672,0
DA:3674,0
DA:3677,0
DA:3682,0
DA:3687,0
DA:3689,0
DA:3690,0
DA:3691,0
DA:3692,0
DA:3694,0
DA:3695,0
DA:3698,0
DA:3706,0
DA:3707,0
DA:3708,0
DA:3710,0
DA:3713,0
DA:3718,0
DA:3723,0
DA:3725,0
DA:3726,0
DA:3727,0
DA:3728,0
DA:3730,0
DA:3731,0
DA:3732,0
DA:3735,0
DA:3742,0
DA:3743,0
DA:3744,0
DA:3753,0
DA:3755,0
DA:3756,0
DA:3758,0
DA:3760,0
DA:3763,0
DA:3766,0
DA:3772,0
DA:3773,0
DA:3774,0
DA:3775,0
DA:3776,0
DA:3778,0
DA:3782,0
DA:3787,0
DA:3789,0
DA:3790,0
DA:3791,0
DA:3792,0
DA:3794,0
DA:3795,0
DA:3796,0
DA:3801,0
DA:3802,0
DA:3803,0
DA:3804,0
DA:3807,0
DA:3811,0
DA:3818,0
DA:3819,0
DA:3820,0
DA:3829,0
DA:3832,0
DA:3833,0
DA:3835,0
DA:3837,0
DA:3843,0
DA:3846,0
DA:3852,0
DA:3853,0
DA:3854,0
DA:3856,0
DA:3857,0
DA:3859,0
DA:3863,0
DA:3868,0
DA:3870,0
DA:3871,0
DA:3872,0
DA:3873,0
DA:3875,0
DA:3876,0
DA:3879,0
DA:3887,0
DA:3888,0
DA:3889,0
DA:3891,0
DA:3894,0
DA:3899,0
DA:3904,0
DA:3906,0
DA:3907,0
DA:3908,0
DA:3909,0
DA:3911,0
DA:3912,0
DA:3915,0
DA:3923,0
DA:3924,0
DA:3926,0
DA:3928,0
DA:3929,0
DA:3936,0
DA:3943,0
DA:3945,0
DA:3946,0
DA:3947,0
DA:3948,0
DA:3949,0
DA:3952,0
DA:3953,0
DA:3954,0
DA:3955,0
DA:3956,0
DA:3959,0
DA:3960,0
DA:3961,0
DA:3962,0
DA:3963,0
DA:3970,0
DA:3971,0
DA:3972,0
DA:3977,0
DA:3981,0
DA:3986,0
DA:3988,0
DA:3989,0
DA:3990,0
DA:3991,0
DA:3993,0
DA:3994,0
DA:3998,0
DA:4004,0
DA:4008,0
DA:4009,0
DA:4010,0
DA:4012,0
DA:4013,0
DA:4017,0
DA:4019,0
DA:4022,0
DA:4023,0
DA:4030,0
DA:4031,0
DA:4032,0
DA:4033,0
DA:4034,0
DA:4035,0
DA:4037,0
DA:4038,0
DA:4040,0
DA:4041,0
DA:4047,0
DA:4050,0
DA:4051,0
DA:4055,0
DA:4056,0
DA:4059,0
DA:4062,0
DA:4065,0
DA:4068,0
DA:4072,0
DA:4073,0
DA:4074,0
DA:4075,0
DA:4076,0
DA:4079,0
DA:4080,0
DA:4084,0
DA:4087,0
DA:4088,0
DA:4091,0
DA:4094,0
DA:4097,0
DA:4100,0
DA:4101,0
DA:4102,0
DA:4108,0
DA:4109,0
DA:4113,0
DA:4118,0
DA:4120,0
DA:4121,0
DA:4122,0
DA:4123,0
DA:4125,0
DA:4126,0
DA:4129,0
DA:4138,0
DA:4139,0
DA:4141,0
DA:4142,0
DA:4143,0
DA:4145,0
DA:4148,0
DA:4150,0
DA:4151,0
DA:4154,0
DA:4155,0
DA:4158,0
DA:4159,0
DA:4163,0
DA:4166,0
DA:4167,0
DA:4172,0
DA:4173,0
DA:4174,0
DA:4180,0
DA:4181,0
DA:4182,0
DA:4187,0
DA:4191,0
DA:4197,0
DA:4198,0
DA:4199,0
DA:4201,0
DA:4202,0
DA:4210,0
DA:4211,0
DA:4212,0
DA:4213,0
DA:4214,0
DA:4215,0
DA:4216,0
DA:4218,0
DA:4220,0
DA:4222,0
DA:4223,0
DA:4230,0
DA:4231,0
DA:4232,0
DA:4237,0
DA:4241,0
DA:4242,0
DA:4243,0
DA:4246,0
DA:4247,0
DA:4249,0
DA:4250,0
DA:4253,0
DA:4257,0
DA:4260,0
DA:4261,0
DA:4262,0
DA:4263,0
DA:4264,0
DA:4265,0
DA:4267,0
DA:4268,0
DA:4271,0
DA:4272,0
DA:4273,0
DA:4275,0
DA:4276,0
DA:4279,0
DA:4281,0
DA:4282,0
DA:4285,0
DA:4286,0
DA:4287,0
DA:4288,0
DA:4292,0
DA:4294,0
DA:4296,0
DA:4302,0
DA:4303,0
DA:4304,0
DA:4308,0
DA:4311,0
DA:4312,0
DA:4314,0
DA:4315,0
DA:4317,0
DA:4320,0
DA:4324,0
DA:4325,0
DA:4327,0
DA:4330,0
DA:4331,0
DA:4332,0
DA:4334,0
DA:4336,0
DA:4338,0
DA:4339,0
DA:4341,0
DA:4343,0
DA:4351,0
DA:4353,0
DA:4354,0
DA:4355,0
DA:4356,0
DA:4358,0
DA:4359,0
DA:4360,0
DA:4363,0
DA:4371,0
DA:4379,0
DA:4381,0
DA:4385,0
DA:4386,0
DA:4393,0
DA:4394,0
DA:4395,0
DA:4396,0
DA:4397,0
DA:4399,0
DA:4403,0
DA:4407,0
DA:4408,0
DA:4409,0
DA:4410,0
DA:4411,0
DA:4413,0
DA:4414,0
DA:4415,0
DA:4418,0
DA:4426,0
DA:4436,0
DA:4437,0
DA:4444,0
DA:4445,0
DA:4446,0
DA:4447,0
DA:4448,0
DA:4450,0
DA:4454,0
DA:4458,0
DA:4459,0
DA:4460,0
DA:4461,0
DA:4462,0
DA:4464,0
DA:4465,0
DA:4468,0
DA:4476,0
DA:4493,0
DA:4494,0
DA:4497,0
DA:4499,0
DA:4504,0
DA:4506,0
DA:4511,0
DA:4512,0
DA:4521,0
DA:4522,0
DA:4523,0
DA:4524,0
DA:4525,0
DA:4527,0
DA:4531,0
DA:4535,0
DA:4537,0
DA:4538,0
DA:4539,0
DA:4540,0
DA:4542,0
DA:4543,0
DA:4546,0
DA:4554,0
DA:4559,0
DA:4561,0
DA:4562,0
DA:4563,0
DA:4564,0
DA:4566,0
DA:4567,0
DA:4570,0
DA:4578,0
DA:4583,0
DA:4585,0
DA:4586,0
DA:4587,0
DA:4588,0
DA:4590,0
DA:4591,0
DA:4594,0
DA:4602,0
DA:4603,0
DA:4604,0
DA:4606,0
DA:4607,0
DA:4608,0
DA:4609,0
DA:4612,0
DA:4614,0
DA:4616,0
DA:4618,0
DA:4619,0
DA:4621,0
DA:4625,0
DA:4630,0
DA:4632,0
DA:4633,0
DA:4634,0
DA:4635,0
DA:4637,0
DA:4638,0
DA:4641,0
DA:4649,0
DA:4650,0
DA:4651,0
DA:4653,0
DA:4654,0
DA:4655,0
DA:4656,0
DA:4659,0
DA:4661,0
DA:4663,0
DA:4665,0
DA:4666,0
DA:4668,0
DA:4672,0
DA:4677,0
DA:4679,0
DA:4680,0
DA:4681,0
DA:4682,0
DA:4684,0
DA:4685,0
DA:4688,0
DA:4696,0
DA:4697,0
DA:4698,0
DA:4700,0
DA:4701,0
DA:4702,0
DA:4703,0
DA:4706,0
DA:4708,0
DA:4710,0
DA:4712,0
DA:4713,0
DA:4715,0
DA:4719,0
DA:4724,0
DA:4726,0
DA:4727,0
DA:4728,0
DA:4729,0
DA:4731,0
DA:4732,0
DA:4735,0
DA:4742,0
DA:4743,0
DA:4744,0
DA:4745,0
DA:4746,0
DA:4747,0
DA:4748,0
DA:4749,0
DA:4751,0
DA:4752,0
DA:4753,0
DA:4754,0
DA:4756,0
DA:4762,0
DA:4763,0
DA:4764,0
DA:4767,0
DA:4768,0
DA:4769,0
DA:4775,0
DA:4776,0
DA:4779,0
DA:4780,0
DA:4781,0
DA:4782,0
DA:4783,0
DA:4787,0
DA:4788,0
DA:4789,0
DA:4791,0
DA:4792,0
DA:4794,0
DA:4798,0
DA:4799,0
DA:4802,0
DA:4803,0
DA:4805,0
DA:4809,0
DA:4813,0
DA:4814,0
DA:4815,0
DA:4816,0
DA:4817,0
DA:4819,0
DA:4823,0
DA:4824,0
DA:4825,0
DA:4829,0
DA:4830,0
DA:4831,0
DA:4832,0
DA:4833,0
DA:4837,0
DA:4839,0
DA:4842,0
DA:4843,0
DA:4845,0
DA:4846,0
DA:4847,0
DA:4849,0
DA:4850,0
DA:4853,0
DA:4857,0
DA:4858,0
DA:4861,0
DA:4864,0
DA:4865,0
DA:4868,0
DA:4870,0
DA:4872,0
DA:4873,0
DA:4874,0
DA:4875,0
DA:4877,0
DA:4878,0
DA:4879,0
DA:4882,0
DA:4886,0
DA:4887,0
DA:4888,0
DA:4890,0
DA:4896,0
DA:4901,0
DA:4903,0
DA:4904,0
DA:4905,0
DA:4906,0
DA:4908,0
DA:4909,0
DA:4912,0
DA:4920,0
DA:4921,0
DA:4922,0
DA:4924,0
DA:4925,0
DA:4930,0
DA:4931,0
DA:4932,0
DA:4934,0
DA:4935,0
DA:4939,0
DA:4940,0
DA:4942,0
DA:4945,0
DA:4947,0
DA:4951,0
DA:4956,0
DA:4958,0
DA:4959,0
DA:4960,0
DA:4961,0
DA:4963,0
DA:4964,0
DA:4967,0
DA:4974,0
DA:4975,0
DA:4976,0
DA:4977,0
DA:4978,0
DA:4979,0
DA:4984,0
DA:4985,0
DA:4986,0
DA:4987,0
DA:4989,0
DA:4991,0
DA:4992,0
DA:4995,0
DA:4996,0
DA:4997,0
DA:4998,0
DA:4999,0
DA:5002,0
DA:5003,0
DA:5006,0
DA:5007,0
DA:5008,0
DA:5009,0
DA:5011,0
DA:5012,0
DA:5013,0
DA:5014,0
DA:5016,0
DA:5019,0
DA:5024,0
DA:5029,0
DA:5031,0
DA:5032,0
DA:5036,0
DA:5037,0
DA:5038,0
DA:5039,0
DA:5040,0
DA:5042,0
DA:5043,0
DA:5048,0
DA:5049,0
DA:5050,0
DA:5052,0
DA:5053,0
DA:5055,0
DA:5057,0
DA:5060,0
DA:5064,0
DA:5070,0
DA:5075,0
DA:5077,0
DA:5078,0
DA:5079,0
DA:5080,0
DA:5082,0
DA:5083,0
DA:5084,0
DA:5085,0
DA:5086,0
DA:5089,0
DA:5092,0
DA:5101,0
DA:5102,0
DA:5103,0
DA:5105,0
DA:5106,0
DA:5107,0
DA:5108,0
DA:5110,0
DA:5111,0
DA:5114,0
DA:5119,0
DA:5120,0
DA:5121,0
DA:5122,0
DA:5123,0
DA:5124,0
DA:5126,0
DA:5129,0
DA:5130,0
DA:5131,0
DA:5132,0
DA:5135,0
DA:5136,0
DA:5137,0
DA:5138,0
DA:5139,0
DA:5140,0
DA:5144,0
DA:5146,0
DA:5147,0
DA:5148,0
DA:5149,0
DA:5150,0
DA:5153,0
DA:5155,0
DA:5158,0
DA:5159,0
DA:5162,0
DA:5165,0
DA:5166,0
DA:5169,0
DA:5170,0
DA:5171,0
DA:5176,0
DA:5178,0
DA:5181,0
DA:5184,0
DA:5188,0
DA:5194,0
DA:5195,0
DA:5196,0
DA:5199,0
DA:5200,0
DA:5201,0
DA:5205,0
DA:5208,0
DA:5209,0
DA:5211,0
DA:5212,0
DA:5213,0
DA:5214,0
DA:5215,0
DA:5217,0
DA:5218,0
DA:5220,0
DA:5224,0
DA:5229,0
DA:5231,0
DA:5232,0
DA:5233,0
DA:5234,0
DA:5236,0
DA:5237,0
DA:5240,0
DA:5247,0
DA:5248,0
DA:5249,0
DA:5250,0
DA:5253,0
DA:5254,0
DA:5255,0
DA:5258,0
DA:5259,0
DA:5262,0
DA:5263,0
DA:5264,0
DA:5267,0
DA:5273,0
DA:5274,0
DA:5279,0
DA:5283,0
DA:5284,0
DA:5285,0
DA:5286,0
DA:5287,0
DA:5288,0
DA:5290,0
DA:5291,0
DA:5292,0
DA:5293,0
DA:5294,0
DA:5295,0
DA:5298,0
DA:5299,0
DA:5306,0
DA:5311,0
DA:5312,0
DA:5313,0
DA:5318,0
DA:5319,0
DA:5320,0
DA:5324,0
DA:5325,0
DA:5326,0
DA:5327,0
DA:5328,0
DA:5329,0
DA:5332,0
DA:5334,0
DA:5337,0
DA:5339,0
DA:5341,0
DA:5345,0
DA:5352,0
DA:5354,0
DA:5355,0
DA:5362,0
DA:5363,0
DA:5364,0
DA:5365,0
DA:5366,0
DA:5367,0
DA:5369,0
DA:5372,0
DA:5373,0
DA:5374,0
DA:5379,0
DA:5383,0
DA:5384,0
DA:5385,0
DA:5386,0
DA:5388,0
DA:5389,0
DA:5392,0
DA:5393,0
DA:5399,0
DA:5401,0
DA:5402,0
DA:5403,0
DA:5404,0
DA:5406,0
DA:5407,0
DA:5408,0
DA:5411,0
DA:5418,0
DA:5419,0
DA:5420,0
DA:5421,0
DA:5422,0
DA:5423,0
DA:5424,0
DA:5425,0
DA:5431,0
DA:5432,0
DA:5433,0
DA:5434,0
DA:5435,0
DA:5436,0
DA:5439,0
DA:5440,0
DA:5441,0
DA:5442,0
DA:5446,0
DA:5447,0
DA:5448,0
DA:5450,0
DA:5451,0
DA:5452,0
DA:5453,0
DA:5456,0
DA:5457,0
DA:5458,0
DA:5461,0
DA:5462,0
DA:5463,0
DA:5464,0
DA:5467,0
DA:5468,0
DA:5469,0
DA:5472,0
DA:5475,0
DA:5479,0
DA:5482,0
DA:5483,0
DA:5487,0
DA:5493,0
DA:5498,0
DA:5501,0
DA:5502,0
DA:5506,0
DA:5509,0
DA:5511,0
DA:5512,0
DA:5513,0
DA:5514,0
DA:5517,0
DA:5518,0
DA:5519,0
DA:5522,0
DA:5523,0
DA:5524,0
DA:5525,0
DA:5528,0
DA:5529,0
DA:5532,0
DA:5533,0
DA:5535,0
DA:5536,0
DA:5537,0
DA:5538,0
DA:5540,0
DA:5543,0
DA:5546,0
DA:5547,0
DA:5548,0
DA:5549,0
DA:5552,0
DA:5553,0
DA:5554,0
DA:5557,0
DA:5558,0
DA:5559,0
DA:5563,0
DA:5564,0
DA:5566,0
DA:5567,0
DA:5568,0
DA:5569,0
DA:5570,0
DA:5571,0
DA:5572,0
DA:5575,0
DA:5583,0
DA:5584,0
DA:5586,0
DA:5587,0
DA:5589,0
DA:5592,0
DA:5593,0
DA:5595,0
DA:5597,0
DA:5599,0
DA:5600,0
DA:5601,0
DA:5602,0
DA:5606,0
DA:5607,0
DA:5610,0
DA:5611,0
DA:5612,0
DA:5615,0
DA:5617,0
DA:5618,0
DA:5619,0
DA:5621,0
DA:5622,0
DA:5624,0
DA:5626,0
DA:5627,0
DA:5630,0
DA:5631,0
DA:5633,0
DA:5634,0
DA:5637,0
DA:5638,0
DA:5639,0
DA:5640,0
DA:5642,0
DA:5644,0
DA:5646,0
DA:5647,0
DA:5651,0
DA:5652,0
DA:5654,0
DA:5657,0
DA:5660,0
DA:5661,0
DA:5664,0
DA:5665,0
DA:5666,0
DA:5667,0
DA:5668,0
DA:5672,0
DA:5673,0
DA:5674,0
DA:5675,0
DA:5676,0
DA:5678,0
DA:5680,0
DA:5685,0
DA:5686,0
DA:5688,0
DA:5691,0
DA:5697,0
DA:5703,0
DA:5708,0
DA:5711,0
DA:5712,0
DA:5713,0
DA:5717,0
DA:5718,0
DA:5722,0
DA:5723,0
DA:5726,0
DA:5729,0
DA:5730,0
DA:5731,0
DA:5732,0
DA:5733,0
DA:5737,0
DA:5738,0
DA:5745,0
DA:5746,0
DA:5754,0
DA:5755,0
DA:5758,0
DA:5759,0
DA:5760,0
DA:5761,0
DA:5762,0
DA:5763,0
DA:5764,0
DA:5767,0
DA:5770,0
DA:5774,0
DA:5775,0
DA:5776,0
DA:5777,0
DA:5781,0
DA:5782,0
DA:5783,0
DA:5784,0
DA:5785,0
DA:5787,0
DA:5788,0
DA:5789,0
DA:5791,0
DA:5793,0
DA:5794,0
DA:5795,0
DA:5801,0
DA:5803,0
DA:5806,0
DA:5810,0
DA:5814,0
DA:5815,0
DA:5818,0
DA:5819,0
DA:5820,0
DA:5821,0
DA:5823,0
DA:5827,0
DA:5828,0
DA:5829,0
DA:5830,0
DA:5833,0
DA:5836,0
DA:5837,0
DA:5838,0
DA:5841,0
DA:5846,0
DA:5854,0
DA:5855,0
DA:5856,0
DA:5861,0
DA:5862,0
DA:5863,0
DA:5864,0
DA:5867,0
DA:5868,0
DA:5869,0
DA:5873,0
DA:5875,0
DA:5878,0
DA:5879,0
DA:5881,0
DA:5882,0
DA:5890,0
DA:5894,0
DA:5896,0
DA:5898,0
DA:5900,0
DA:5902,0
DA:5903,0
DA:5904,0
DA:5905,0
DA:5909,0
DA:5910,0
DA:5911,0
DA:5912,0
DA:5916,0
DA:5918,0
DA:5919,0
DA:5920,0
DA:5921,0
DA:5924,0
DA:5931,0
DA:5932,0
DA:5933,0
DA:5936,0
DA:5937,0
DA:5938,0
DA:5942,0
DA:5943,0
DA:5946,0
DA:5947,0
DA:5948,0
DA:5949,0
DA:5951,0
DA:5955,0
DA:5956,0
DA:5957,0
DA:5959,0
DA:5960,0
DA:5962,0
DA:5966,0
DA:5971,0
DA:5972,0
DA:5973,0
DA:5976,0
DA:5977,0
DA:5978,0
DA:5982,0
DA:5984,0
DA:5985,0
DA:5988,0
DA:5990,0
DA:5992,0
DA:5993,0
DA:5995,0
DA:5998,0
DA:5999,0
DA:6001,0
DA:6002,0
DA:6003,0
DA:6009,0
DA:6010,0
DA:6011,0
DA:6014,0
DA:6015,0
DA:6017,0
DA:6018,0
DA:6021,0
DA:6025,0
DA:6026,0
DA:6027,0
DA:6028,0
DA:6029,0
DA:6035,0
DA:6040,0
DA:6041,0
DA:6046,0
DA:6051,0
DA:6053,0
DA:6054,0
DA:6057,0
DA:6058,0
DA:6061,0
DA:6062,0
DA:6063,0
DA:6065,0
DA:6066,0
DA:6069,0
DA:6070,0
DA:6071,0
DA:6075,0
DA:6076,0
DA:6077,0
DA:6078,0
DA:6079,0
DA:6081,0
DA:6082,0
DA:6085,0
DA:6086,0
DA:6087,0
DA:6090,0
DA:6091,0
DA:6092,0
DA:6093,0
DA:6094,0
DA:6095,0
DA:6097,0
DA:6098,0
DA:6100,0
DA:6101,0
DA:6107,0
DA:6108,0
DA:6112,0
DA:6117,0
DA:6119,0
DA:6120,0
DA:6121,0
DA:6125,0
DA:6127,0
DA:6129,0
DA:6131,0
DA:6132,0
DA:6134,0
DA:6138,0
DA:6139,0
DA:6140,0
DA:6141,0
DA:6144,0
DA:6147,0
DA:6148,0
DA:6150,0
DA:6155,0
DA:6156,0
DA:6157,0
DA:6159,0
DA:6160,0
DA:6161,0
DA:6162,0
DA:6165,0
DA:6170,0
DA:6171,0
DA:6172,0
DA:6174,0
DA:6177,0
DA:6180,0
DA:6182,0
DA:6188,0
DA:6190,0
DA:6191,0
DA:6192,0
DA:6193,0
DA:6195,0
DA:6196,0
DA:6199,0
DA:6206,0
DA:6207,0
DA:6211,0
DA:6216,0
DA:6217,0
DA:6218,0
DA:6223,0
DA:6226,0
DA:6227,0
DA:6230,0
DA:6231,0
DA:6232,0
DA:6235,0
DA:6237,0
DA:6240,0
DA:6241,0
DA:6243,0
DA:6248,0
DA:6254,0
DA:6256,0
DA:6257,0
DA:6258,0
DA:6259,0
DA:6261,0
DA:6262,0
DA:6265,0
DA:6272,0
DA:6273,0
DA:6277,0
DA:6282,0
DA:6287,0
DA:6288,0
DA:6289,0
DA:6290,0
DA:6292,0
DA:6293,0
DA:6294,0
DA:6295,0
DA:6296,0
DA:6298,0
DA:6304,0
DA:6311,0
DA:6313,0
DA:6314,0
DA:6317,0
DA:6318,0
DA:6321,0
DA:6322,0
DA:6324,0
DA:6326,0
DA:6327,0
DA:6330,0
DA:6331,0
DA:6332,0
DA:6333,0
DA:6337,0
DA:6338,0
DA:6345,0
DA:6348,0
DA:6351,0
DA:6354,0
DA:6358,0
DA:6360,0
DA:6361,0
DA:6362,0
DA:6365,0
DA:6366,0
DA:6369,0
DA:6373,0
DA:6376,0
DA:6379,0
DA:6382,0
DA:6383,0
DA:6388,0
DA:6389,0
DA:6393,0
DA:6398,0
DA:6400,0
DA:6402,0
DA:6403,0
DA:6404,0
DA:6405,0
DA:6408,0
DA:6409,0
DA:6410,0
DA:6411,0
DA:6412,0
DA:6415,0
DA:6416,0
DA:6417,0
DA:6424,0
DA:6426,0
DA:6428,0
DA:6429,0
DA:6430,0
DA:6432,0
DA:6438,0
DA:6440,0
DA:6442,0
DA:6443,0
DA:6445,0
DA:6448,0
DA:6449,0
DA:6455,0
DA:6457,0
DA:6459,0
DA:6460,0
DA:6461,0
DA:6462,0
DA:6466,0
DA:6467,0
DA:6468,0
DA:6470,0
DA:6472,0
DA:6475,0
DA:6479,0
DA:6480,0
DA:6489,0
DA:6492,0
DA:6494,0
DA:6497,0
DA:6498,0
DA:6505,0
DA:6507,0
DA:6513,0
DA:6515,0
DA:6517,0
DA:6520,0
DA:6523,0
DA:6526,0
DA:6537,0
DA:6539,0
DA:6540,0
DA:6541,0
DA:6544,0
DA:6545,0
DA:6547,0
DA:6548,0
DA:6550,0
DA:6552,0
DA:6553,0
DA:6555,0
DA:6558,0
DA:6559,0
DA:6560,0
DA:6561,0
DA:6563,0
DA:6564,0
DA:6566,0
DA:6567,0
DA:6568,0
DA:6570,0
DA:6576,0
DA:6577,0
DA:6578,0
DA:6582,0
DA:6583,0
DA:6584,0
DA:6590,0
DA:6592,0
DA:6594,0
DA:6597,0
DA:6599,0
DA:6600,0
DA:6601,0
DA:6602,0
DA:6605,0
DA:6606,0
DA:6607,0
DA:6608,0
DA:6610,0
DA:6611,0
DA:6617,0
DA:6620,0
DA:6621,0
DA:6623,0
DA:6624,0
DA:6627,0
DA:6632,0
DA:6633,0
DA:6634,0
DA:6635,0
DA:6637,0
DA:6638,0
DA:6640,0
DA:6641,0
DA:6642,0
DA:6644,0
DA:6649,0
DA:6650,0
DA:6651,0
DA:6656,0
DA:6658,0
DA:6659,0
DA:6660,0
DA:6661,0
DA:6662,0
DA:6663,0
DA:6664,0
DA:6665,0
DA:6668,0
DA:6671,0
DA:6674,0
DA:6675,0
DA:6677,0
DA:6678,0
DA:6680,0
DA:6684,0
DA:6685,0
DA:6686,0
DA:6687,0
DA:6692,0
DA:6695,0
DA:6699,0
DA:6700,0
DA:6702,0
DA:6703,0
DA:6707,0
DA:6710,0
DA:6713,0
DA:6716,0
DA:6717,0
DA:6718,0
DA:6722,0
DA:6723,0
DA:6724,0
DA:6728,0
DA:6731,0
DA:6733,0
DA:6734,0
DA:6735,0
DA:6739,0
DA:6742,0
DA:6745,0
DA:6748,0
DA:6751,0
DA:6753,0
DA:6754,0
DA:6758,0
DA:6762,0
DA:6763,0
DA:6770,0
DA:6772,0
DA:6774,0
DA:6779,0
DA:6781,0
DA:6783,0
DA:6784,0
DA:6785,0
DA:6786,0
DA:6787,0
DA:6788,0
DA:6791,0
DA:6793,0
DA:6794,0
DA:6796,0
DA:6798,0
DA:6801,0
DA:6805,0
DA:6806,0
DA:6807,0
DA:6811,0
DA:6813,0
DA:6814,0
DA:6820,0
DA:6821,0
DA:6823,0
DA:6824,0
DA:6825,0
DA:6827,0
DA:6828,0
DA:6833,0
DA:6835,0
DA:6836,0
DA:6837,0
DA:6838,0
DA:6839,0
DA:6842,0
DA:6843,0
DA:6847,0
DA:6848,0
DA:6849,0
DA:6853,0
DA:6854,0
DA:6857,0
DA:6865,0
DA:6866,0
DA:6867,0
DA:6872,0
DA:6874,0
DA:6876,0
DA:6880,0
DA:6881,0
DA:6882,0
DA:6883,0
DA:6884,0
DA:6885,0
DA:6888,0
DA:6891,0
DA:6892,0
DA:6893,0
DA:6897,0
DA:6898,0
DA:6899,0
DA:6901,0
DA:6904,0
DA:6906,0
DA:6907,0
DA:6908,0
DA:6909,0
DA:6910,0
DA:6911,0
DA:6913,0
DA:6914,0
DA:6917,0
DA:6918,0
DA:6922,0
DA:6925,0
DA:6929,0
DA:6930,0
DA:6932,0
DA:6935,0
DA:6938,0
DA:6939,0
DA:6943,0
DA:6944,0
DA:6945,0
DA:6946,0
DA:6947,0
DA:6950,0
DA:6953,0
DA:6954,0
DA:6959,0
DA:6960,0
DA:6961,0
DA:6962,0
DA:6963,0
DA:6964,0
DA:6965,0
DA:6966,0
DA:6967,0
DA:6968,0
DA:6969,0
DA:6971,0
DA:6972,0
DA:6973,0
DA:6977,0
DA:6981,0
DA:6985,0
DA:6986,0
DA:6988,0
DA:6989,0
DA:6996,0
DA:6998,0
DA:6999,0
DA:7002,0
DA:7003,0
DA:7004,0
DA:7007,0
DA:7008,0
DA:7011,0
DA:7012,0
DA:7013,0
DA:7016,0
DA:7017,0
DA:7023,0
DA:7027,0
DA:7031,0
DA:7033,0
DA:7035,0
DA:7039,0
DA:7040,0
DA:7041,0
DA:7042,0
DA:7043,0
DA:7044,0
DA:7047,0
DA:7050,0
DA:7051,0
DA:7052,0
DA:7056,0
DA:7057,0
DA:7061,0
DA:7062,0
DA:7063,0
DA:7064,0
DA:7065,0
DA:7067,0
DA:7071,0
DA:7073,0
DA:7076,0
DA:7077,0
DA:7078,0
DA:7079,0
DA:7080,0
DA:7081,0
DA:7082,0
DA:7083,0
DA:7084,0
DA:7086,0
DA:7089,0
DA:7090,0
DA:7093,0
DA:7094,0
DA:7096,0
DA:7097,0
DA:7100,0
DA:7103,0
DA:7106,0
DA:7110,0
DA:7111,0
DA:7112,0
DA:7114,0
DA:7117,0
DA:7118,0
DA:7119,0
DA:7120,0
DA:7121,0
DA:7125,0
DA:7126,0
DA:7127,0
DA:7131,0
DA:7132,0
DA:7133,0
DA:7135,0
DA:7136,0
DA:7138,0
DA:7143,0
DA:7146,0
DA:7149,0
DA:7152,0
DA:7156,0
DA:7157,0
DA:7159,0
DA:7163,0
DA:7166,0
DA:7167,0
DA:7168,0
DA:7171,0
DA:7172,0
DA:7174,0
DA:7178,0
DA:7179,0
DA:7181,0
DA:7184,0
DA:7187,0
DA:7190,0
DA:7194,0
DA:7198,0
DA:7200,0
DA:7201,0
DA:7202,0
DA:7203,0
DA:7204,0
DA:7205,0
DA:7206,0
DA:7211,0
DA:7212,0
DA:7217,0
DA:7218,0
DA:7220,0
DA:7222,0
DA:7223,0
DA:7224,0
DA:7226,0
DA:7230,0
DA:7231,0
DA:7233,0
DA:7234,0
DA:7239,0
DA:7240,0
DA:7243,0
DA:7245,0
DA:7247,0
DA:7248,0
DA:7249,0
DA:7256,0
DA:7260,0
DA:7263,0
DA:7267,0
DA:7268,0
DA:7269,0
DA:7274,0
DA:7275,0
DA:7277,0
DA:7279,0
DA:7280,0
DA:7283,0
DA:7284,0
DA:7286,0
DA:7288,0
DA:7289,0
DA:7290,0
DA:7292,0
DA:7295,0
DA:7296,0
DA:7298,0
DA:7300,0
DA:7301,0
DA:7304,0
DA:7305,0
DA:7314,0
DA:7319,0
DA:7322,0
DA:7323,0
DA:7326,0
DA:7333,0
DA:7335,0
DA:7337,0
DA:7338,0
DA:7339,0
DA:7340,0
DA:7341,0
DA:7342,0
DA:7345,0
DA:7346,0
DA:7350,0
DA:7351,0
DA:7355,0
DA:7356,0
DA:7358,0
DA:7359,0
DA:7361,0
DA:7362,0
DA:7365,0
DA:7366,0
DA:7367,0
DA:7369,0
DA:7371,0
DA:7374,0
DA:7376,0
DA:7377,0
DA:7378,0
DA:7381,0
DA:7382,0
DA:7391,0
DA:7399,0
DA:7401,0
DA:7402,0
DA:7403,0
DA:7404,0
DA:7405,0
DA:7407,0
DA:7411,0
DA:7412,0
DA:7413,0
DA:7414,0
DA:7415,0
DA:7416,0
DA:7420,0
DA:7421,0
DA:7425,0
DA:7428,0
DA:7432,0
DA:7433,0
DA:7442,0
DA:7444,0
DA:7445,0
DA:7446,0
DA:7448,0
DA:7449,0
DA:7453,0
DA:7454,0
DA:7459,0
DA:7460,0
DA:7461,0
DA:7463,0
DA:7464,0
DA:7469,0
DA:7470,0
DA:7471,0
DA:7475,0
DA:7476,0
DA:7481,0
DA:7482,0
DA:7483,0
DA:7487,0
DA:7488,0
DA:7495,0
DA:7497,0
DA:7499,0
DA:7500,0
DA:7502,0
DA:7503,0
DA:7504,0
DA:7505,0
DA:7506,0
DA:7507,0
DA:7512,0
DA:7513,0
DA:7514,0
DA:7516,0
DA:7517,0
DA:7518,0
DA:7520,0
DA:7524,0
DA:7527,0
DA:7528,0
DA:7531,0
DA:7537,0
DA:7539,0
DA:7540,0
DA:7542,0
DA:7548,0
DA:7549,0
DA:7551,0
DA:7552,0
DA:7553,0
DA:7557,0
DA:7558,0
DA:7561,0
DA:7563,0
DA:7564,0
DA:7565,0
DA:7569,0
DA:7570,0
DA:7573,0
DA:7574,0
DA:7577,0
DA:7579,0
DA:7580,0
DA:7586,0
DA:7588,0
DA:7589,0
DA:7592,0
DA:7593,0
DA:7594,0
DA:7595,0
DA:7596,0
DA:7597,0
DA:7599,0
DA:7600,0
DA:7602,0
DA:7605,0
DA:7606,0
DA:7608,0
DA:7609,0
DA:7611,0
DA:7612,0
DA:7613,0
DA:7614,0
DA:7618,0
DA:7619,0
DA:7620,0
DA:7621,0
DA:7622,0
DA:7624,0
DA:7625,0
DA:7626,0
DA:7627,0
DA:7630,0
DA:7634,0
DA:7635,0
DA:7638,0
DA:7640,0
DA:7641,0
DA:7643,0
DA:7644,0
DA:7648,0
DA:7649,0
DA:7650,0
DA:7652,0
DA:7653,0
DA:7656,0
DA:7659,0
DA:7661,0
DA:7662,0
DA:7664,0
DA:7665,0
DA:7666,0
DA:7671,0
DA:7672,0
DA:7674,0
DA:7675,0
DA:7677,0
DA:7679,0
DA:7685,0
DA:7687,0
DA:7689,0
DA:7695,0
DA:7696,0
DA:7700,0
DA:7701,0
DA:7704,0
DA:7717,0
DA:7722,0
DA:7726,0
DA:7727,0
DA:7737,0
DA:7738,0
DA:7739,0
DA:7740,0
DA:7742,0
DA:7743,0
DA:7747,0
DA:7748,0
DA:7753,0
DA:7755,0
DA:7758,0
DA:7759,0
DA:7761,0
DA:7762,0
DA:7767,0
DA:7768,0
DA:7769,0
DA:7770,0
DA:7771,0
DA:7772,0
DA:7773,0
DA:7775,0
DA:7780,0
DA:7781,0
DA:7786,0
DA:7787,0
DA:7788,0
DA:7789,0
DA:7790,0
DA:7791,0
DA:7792,0
DA:7794,0
DA:7799,0
DA:7800,0
DA:7817,0
DA:7818,0
DA:7820,0
DA:7824,0
DA:7825,0
DA:7842,0
DA:7843,0
DA:7845,0
DA:7849,0
DA:7850,0
DA:7867,0
DA:7868,0
DA:7870,0
DA:7874,0
DA:7875,0
DA:7881,0
DA:7882,0
DA:7885,0
DA:7886,0
DA:7888,0
DA:7889,0
DA:7892,0
DA:7893,0
DA:7895,0
DA:7896,0
DA:7898,0
DA:7902,0
DA:7905,0
DA:7906,0
DA:7909,0
DA:7911,0
DA:7912,0
DA:7916,0
DA:7917,0
DA:7920,0
DA:7923,0
DA:7937,0
DA:7938,0
DA:7941,0
DA:7942,0
DA:7943,0
DA:7949,0
DA:7950,0
DA:7951,0
DA:7957,0
DA:7958,0
DA:7959,0
DA:7962,0
DA:7963,0
DA:7966,0
DA:7967,0
DA:7970,0
DA:7971,0
DA:7974,0
DA:7977,0
DA:7978,0
DA:7980,0
DA:7981,0
DA:7984,0
DA:7985,0
DA:7991,0
DA:7995,0
DA:8001,0
DA:8003,0
DA:8005,0
DA:8006,0
DA:8008,0
DA:8009,0
DA:8010,0
DA:8011,0
DA:8012,0
DA:8013,0
DA:8017,0
DA:8025,0
DA:8026,0
DA:8027,0
DA:8029,0
DA:8030,0
DA:8031,0
DA:8033,0
DA:8036,0
DA:8040,0
DA:8043,0
DA:8044,0
DA:8047,0
DA:8053,0
DA:8055,0
DA:8056,0
DA:8058,0
DA:8062,0
DA:8067,0
DA:8068,0
DA:8070,0
DA:8071,0
DA:8073,0
DA:8074,0
DA:8077,0
DA:8082,0
DA:8083,0
DA:8084,0
DA:8086,0
DA:8087,0
DA:8088,0
DA:8089,0
DA:8090,0
DA:8092,0
DA:8093,0
DA:8096,0
DA:8100,0
DA:8101,0
DA:8103,0
DA:8104,0
DA:8106,0
DA:8108,0
DA:8114,0
DA:8116,0
DA:8117,0
DA:8118,0
DA:8122,0
DA:8123,0
DA:8126,0
DA:8127,0
DA:8130,0
DA:8131,0
DA:8134,0
DA:8135,0
DA:8143,0
DA:8144,0
DA:8145,0
DA:8146,0
DA:8147,0
DA:8152,0
DA:8153,0
DA:8154,0
DA:8158,0
DA:8165,0
DA:8166,0
DA:8169,0
DA:8172,0
DA:8174,0
DA:8179,0
DA:8180,0
DA:8183,0
DA:8184,0
DA:8185,0
DA:8186,0
DA:8189,0
DA:8192,0
DA:8193,0
DA:8194,0
DA:8195,0
DA:8199,0
DA:8207,0
DA:8208,0
DA:8211,0
DA:8212,0
DA:8215,0
DA:8217,0
DA:8220,0
DA:8221,0
DA:8224,0
DA:8226,0
DA:8231,0
DA:8232,0
DA:8235,0
DA:8236,0
DA:8239,0
DA:8240,0
DA:8244,0
DA:8246,0
DA:8247,0
DA:8249,0
DA:8250,0
DA:8251,0
DA:8252,0
DA:8254,0
DA:8255,0
DA:8259,0
DA:8260,0
DA:8263,0
DA:8265,0
DA:8270,0
DA:8274,0
DA:8275,0
DA:8277,0
DA:8279,0
DA:8282,0
DA:8284,0
DA:8285,0
DA:8289,0
DA:8290,0
DA:8292,0
DA:8297,0
DA:8299,0
DA:8300,0
DA:8301,0
DA:8302,0
DA:8304,0
DA:8306,0
DA:8307,0
DA:8308,0
DA:8311,0
DA:8312,0
DA:8313,0
DA:8315,0
DA:8316,0
DA:8317,0
DA:8318,0
DA:8319,0
DA:8321,0
DA:8323,0
DA:8325,0
DA:8326,0
DA:8329,0
DA:8332,0
DA:8335,0
DA:8336,0
DA:8337,0
DA:8338,0
DA:8339,0
DA:8342,0
DA:8344,0
DA:8350,0
DA:8353,0
DA:8358,0
DA:8359,0
DA:8363,0
DA:8369,0
DA:8372,0
DA:8377,0
DA:8378,0
DA:8386,0
DA:8389,0
DA:8392,0
DA:8395,0
DA:8396,0
DA:8400,0
DA:8403,0
DA:8414,0
DA:8415,0
DA:8416,0
DA:8419,0
DA:8421,0
DA:8423,0
DA:8427,0
DA:8429,0
DA:8433,0
DA:8434,0
DA:8435,0
DA:8438,0
DA:8440,0
DA:8442,0
DA:8446,0
DA:8448,0
DA:8452,0
DA:8454,0
DA:8455,0
DA:8459,0
DA:8461,0
DA:8463,0
DA:8464,0
DA:8466,0
DA:8468,0
DA:8472,0
DA:8476,0
DA:8481,0
DA:8484,0
DA:8487,0
DA:8490,0
DA:8491,0
DA:8495,0
DA:8498,0
DA:8499,0
DA:8500,0
DA:8501,0
DA:8502,0
DA:8504,0
DA:8508,0
DA:8520,0
DA:8531,0
DA:8532,0
DA:8538,0
DA:8544,0
DA:8546,0
DA:8548,0
DA:8549,0
DA:8550,0
DA:8551,0
DA:8552,0
DA:8553,0
DA:8554,0
DA:8555,0
DA:8558,0
DA:8559,0
DA:8560,0
DA:8564,0
DA:8565,0
DA:8568,0
DA:8569,0
DA:8570,0
DA:8571,0
DA:8573,0
DA:8574,0
DA:8579,0
DA:8580,0
DA:8584,0
LF:3718
LH:0
BRDA:2,0,0,0
BRDA:2,0,1,0
BRDA:3,1,0,0
BRDA:3,1,1,0
BRDA:6,2,0,0
BRDA:6,2,1,0
BRDA:15,3,0,0
BRDA:15,3,1,0
BRDA:15,4,0,0
BRDA:15,4,1,0
BRDA:31,5,0,0
BRDA:31,5,1,0
BRDA:31,6,0,0
BRDA:31,6,1,0
BRDA:31,6,2,0
BRDA:39,7,0,0
BRDA:39,7,1,0
BRDA:46,8,0,0
BRDA:46,8,1,0
BRDA:55,9,0,0
BRDA:55,9,1,0
BRDA:61,10,0,0
BRDA:61,10,1,0
BRDA:65,11,0,0
BRDA:65,11,1,0
BRDA:65,12,0,0
BRDA:65,12,1,0
BRDA:100,13,0,0
BRDA:100,13,1,0
BRDA:104,14,0,0
BRDA:104,14,1,0
BRDA:142,15,0,0
BRDA:142,15,1,0
BRDA:164,16,0,0
BRDA:164,16,1,0
BRDA:179,17,0,0
BRDA:179,17,1,0
BRDA:181,18,0,0
BRDA:181,18,1,0
BRDA:199,19,0,0
BRDA:199,19,1,0
BRDA:204,20,0,0
BRDA:204,20,1,0
BRDA:205,21,0,0
BRDA:205,21,1,0
BRDA:210,22,0,0
BRDA:210,22,1,0
BRDA:219,23,0,0
BRDA:219,23,1,0
BRDA:224,24,0,0
BRDA:224,24,1,0
BRDA:225,25,0,0
BRDA:225,25,1,0
BRDA:230,26,0,0
BRDA:230,26,1,0
BRDA:242,27,0,0
BRDA:242,27,1,0
BRDA:242,27,2,0
BRDA:243,28,0,0
BRDA:243,28,1,0
BRDA:243,29,0,0
BRDA:243,29,1,0
BRDA:259,30,0,0
BRDA:259,30,1,0
BRDA:269,31,0,0
BRDA:269,31,1,0
BRDA:270,32,0,0
BRDA:270,32,1,0
BRDA:272,33,0,0
BRDA:272,33,1,0
BRDA:274,34,0,0
BRDA:274,34,1,0
BRDA:282,35,0,0
BRDA:282,35,1,0
BRDA:283,36,0,0
BRDA:283,36,1,0
BRDA:284,37,0,0
BRDA:284,37,1,0
BRDA:291,38,0,0
BRDA:291,38,1,0
BRDA:292,39,0,0
BRDA:292,39,1,0
BRDA:295,40,0,0
BRDA:295,40,1,0
BRDA:303,41,0,0
BRDA:303,41,1,0
BRDA:304,42,0,0
BRDA:304,42,1,0
BRDA:306,43,0,0
BRDA:306,43,1,0
BRDA:306,44,0,0
BRDA:306,44,1,0
BRDA:307,45,0,0
BRDA:307,45,1,0
BRDA:308,46,0,0
BRDA:308,46,1,0
BRDA:318,47,0,0
BRDA:318,47,1,0
BRDA:324,48,0,0
BRDA:324,48,1,0
BRDA:328,49,0,0
BRDA:328,49,1,0
BRDA:328,50,0,0
BRDA:328,50,1,0
BRDA:334,51,0,0
BRDA:334,51,1,0
BRDA:334,52,0,0
BRDA:334,52,1,0
BRDA:334,52,2,0
BRDA:341,53,0,0
BRDA:341,53,1,0
BRDA:344,54,0,0
BRDA:344,54,1,0
BRDA:346,55,0,0
BRDA:346,55,1,0
BRDA:361,56,0,0
BRDA:361,56,1,0
BRDA:363,57,0,0
BRDA:363,57,1,0
BRDA:366,58,0,0
BRDA:366,58,1,0
BRDA:372,59,0,0
BRDA:372,59,1,0
BRDA:375,60,0,0
BRDA:375,60,1,0
BRDA:384,61,0,0
BRDA:384,61,1,0
BRDA:386,62,0,0
BRDA:386,62,1,0
BRDA:395,63,0,0
BRDA:395,63,1,0
BRDA:401,64,0,0
BRDA:401,64,1,0
BRDA:404,65,0,0
BRDA:404,65,1,0
BRDA:404,66,0,0
BRDA:404,66,1,0
BRDA:411,67,0,0
BRDA:411,67,1,0
BRDA:419,68,0,0
BRDA:419,68,1,0
BRDA:427,69,0,0
BRDA:427,69,1,0
BRDA:427,70,0,0
BRDA:427,70,1,0
BRDA:445,71,0,0
BRDA:445,71,1,0
BRDA:454,72,0,0
BRDA:454,72,1,0
BRDA:455,73,0,0
BRDA:455,73,1,0
BRDA:463,74,0,0
BRDA:463,74,1,0
BRDA:464,75,0,0
BRDA:464,75,1,0
BRDA:469,76,0,0
BRDA:469,76,1,0
BRDA:478,77,0,0
BRDA:478,77,1,0
BRDA:480,78,0,0
BRDA:480,78,1,0
BRDA:480,79,0,0
BRDA:480,79,1,0
BRDA:494,80,0,0
BRDA:494,80,1,0
BRDA:498,81,0,0
BRDA:498,81,1,0
BRDA:508,82,0,0
BRDA:508,82,1,0
BRDA:508,83,0,0
BRDA:508,83,1,0
BRDA:508,83,2,0
BRDA:520,84,0,0
BRDA:520,84,1,0
BRDA:521,85,0,0
BRDA:521,85,1,0
BRDA:533,86,0,0
BRDA:533,86,1,0
BRDA:562,87,0,0
BRDA:562,87,1,0
BRDA:583,88,0,0
BRDA:583,88,1,0
BRDA:586,89,0,0
BRDA:586,89,1,0
BRDA:592,90,0,0
BRDA:592,90,1,0
BRDA:606,91,0,0
BRDA:606,91,1,0
BRDA:618,92,0,0
BRDA:618,92,1,0
BRDA:631,93,0,0
BRDA:631,93,1,0
BRDA:633,94,0,0
BRDA:633,94,1,0
BRDA:651,95,0,0
BRDA:651,95,1,0
BRDA:651,96,0,0
BRDA:651,96,1,0
BRDA:673,97,0,0
BRDA:673,97,1,0
BRDA:727,98,0,0
BRDA:727,98,1,0
BRDA:739,99,0,0
BRDA:739,99,1,0
BRDA:749,100,0,0
BRDA:749,100,1,0
BRDA:749,101,0,0
BRDA:749,101,1,0
BRDA:753,102,0,0
BRDA:753,102,1,0
BRDA:755,103,0,0
BRDA:755,103,1,0
BRDA:755,103,2,0
BRDA:755,103,3,0
BRDA:760,104,0,0
BRDA:760,104,1,0
BRDA:767,105,0,0
BRDA:767,105,1,0
BRDA:767,105,2,0
BRDA:768,106,0,0
BRDA:768,106,1,0
BRDA:771,107,0,0
BRDA:771,107,1,0
BRDA:776,108,0,0
BRDA:776,108,1,0
BRDA:795,109,0,0
BRDA:795,109,1,0
BRDA:801,110,0,0
BRDA:801,110,1,0
BRDA:814,111,0,0
BRDA:814,111,1,0
BRDA:818,112,0,0
BRDA:818,112,1,0
BRDA:819,113,0,0
BRDA:819,113,1,0
BRDA:822,114,0,0
BRDA:822,114,1,0
BRDA:836,115,0,0
BRDA:836,115,1,0
BRDA:836,116,0,0
BRDA:836,116,1,0
BRDA:855,117,0,0
BRDA:855,117,1,0
BRDA:857,118,0,0
BRDA:857,118,1,0
BRDA:862,119,0,0
BRDA:862,119,1,0
BRDA:873,120,0,0
BRDA:873,120,1,0
BRDA:884,121,0,0
BRDA:884,121,1,0
BRDA:901,122,0,0
BRDA:901,122,1,0
BRDA:922,123,0,0
BRDA:922,123,1,0
BRDA:922,124,0,0
BRDA:922,124,1,0
BRDA:956,125,0,0
BRDA:956,125,1,0
BRDA:956,126,0,0
BRDA:956,126,1,0
BRDA:986,127,0,0
[...]
FN:29,(anonymous_2)
FN:34,(anonymous_3)
FNF:4
FNH:0
FNDA:0,_interopRequireDefault
FNDA:0,Component
FNDA:0,(anonymous_2)
FNDA:0,(anonymous_3)
DA:1,0
DA:2,0
DA:3,0
DA:4,0
DA:10,0
DA:29,0
DA:34,0
DA:40,0
LF:8
LH:0
BRDA:4,0,0,0
BRDA:4,0,1,0
BRDA:4,1,0,0
BRDA:4,1,1,0
BRDA:29,2,0,0
BRDA:29,2,1,0
BRDA:30,3,0,0
BRDA:30,3,1,0
BRDA:34,4,0,0
BRDA:34,4,1,0
BRDA:35,5,0,0
BRDA:35,5,1,0
BRF:12
BRH:0
end_of_record
TN:
SF:/Users/yhtml5/projects/gits/YHTML5-Seed/apps/react-dashboard/app/Containers/Packages/Components/ModalColumns.jsx
FN:4,_interopRequireDefault
FN:6,Component
FN:7,(anonymous_2)
FN:22,(anonymous_3)
FNF:4
FNH:0
FNDA:0,_interopRequireDefault
FNDA:0,Component
FNDA:0,(anonymous_2)
FNDA:0,(anonymous_3)
DA:1,0
DA:2,0
DA:3,0
DA:4,0
DA:7,0
DA:8,0
DA:9,0
DA:12,0
DA:23,0
DA:31,0
LF:10
LH:0
BRDA:4,0,0,0
BRDA:4,0,1,0
BRDA:4,1,0,0
BRDA:4,1,1,0
BRF:4
BRH:0
end_of_record
TN:
SF:/Users/yhtml5/projects/gits/YHTML5-Seed/apps/react-dashboard/app/Containers/Packages/Components/ModalIntro.jsx
FN:5,_interopRequireDefault
FN:7,Component
FNF:2
FNH:0
FNDA:0,_interopRequireDefault
FNDA:0,Component
DA:1,0
DA:2,0
DA:3,0
DA:4,0
DA:5,0
DA:8,0
DA:20,0
LF:7
LH:0
BRDA:5,0,0,0
BRDA:5,0,1,0
BRDA:5,1,0,0
BRDA:5,1,1,0
BRF:4
BRH:0
end_of_record
TN:
SF:/Users/yhtml5/projects/gits/YHTML5-Seed/apps/react-dashboard/app/Containers/Packages/Components/Table.jsx
FN:4,_interopRequireDefault
FN:6,NewTable
FN:26,(anonymous_2)
FN:31,(anonymous_3)
FN:33,(anonymous_4)
FN:34,(anonymous_5)
FN:36,(anonymous_6)
FN:43,(anonymous_7)
FN:55,(anonymous_8)
FNF:9
FNH:0
FNDA:0,_interopRequireDefault
FNDA:0,NewTable
FNDA:0,(anonymous_2)
FNDA:0,(anonymous_3)
FNDA:0,(anonymous_4)
FNDA:0,(anonymous_5)
FNDA:0,(anonymous_6)
FNDA:0,(anonymous_7)
FNDA:0,(anonymous_8)
DA:1,0
DA:2,0
DA:3,0
DA:4,0
DA:7,0
DA:26,0
DA:32,0
DA:33,0
DA:34,0
DA:36,0
DA:43,0
DA:52,0
DA:55,0
DA:63,0
LF:14
LH:0
BRDA:4,0,0,0
BRDA:4,0,1,0
BRDA:4,1,0,0
BRDA:4,1,1,0
BRDA:26,2,0,0
BRDA:26,2,1,0
BRDA:26,3,0,0
BRDA:26,3,1,0
BRDA:35,4,0,0
BRDA:35,4,1,0
BRDA:36,5,0,0
BRDA:36,5,1,0
BRDA:40,6,0,0
BRDA:40,6,1,0
BRDA:42,7,0,0
BRDA:42,7,1,0
BRDA:43,8,0,0
BRDA:43,8,1,0
BRDA:47,9,0,0
BRDA:47,9,1,0
BRF:20
BRH:0
end_of_record
TN:
SF:/Users/yhtml5/projects/gits/YHTML5-Seed/apps/react-dashboard/app/Containers/Packages/Components/TableHeader.jsx
FN:2,_interopRequireDefault
FN:4,TableHeader
FNF:2
FNH:0
FNDA:0,_interopRequireDefault
FNDA:0,TableHeader
DA:1,0
DA:2,0
DA:5,0
DA:12,0
LF:4
LH:0
BRDA:2,0,0,0
BRDA:2,0,1,0
BRDA:2,1,0,0
BRDA:2,1,1,0
BRF:4
BRH:0
end_of_record
TN:
SF:/Users/yhtml5/projects/gits/YHTML5-Seed/apps/react-dashboard/app/Containers/Question/InformationAdd.jsx
FN:9,_interopRequireDefault
FN:11,InformationAdd
FN:48,(anonymous_2)
FN:62,(anonymous_3)
FNF:4
FNH:0
FNDA:0,_interopRequireDefault
FNDA:0,InformationAdd
FNDA:0,(anonymous_2)
FNDA:0,(anonymous_3)
DA:1,0
DA:2,0
DA:3,0
DA:4,0
DA:5,0
DA:6,0
DA:7,0
DA:8,0
DA:9,0
DA:13,0
DA:21,0
DA:38,0
DA:39,0
DA:42,0
DA:45,0
DA:48,0
DA:52,0
DA:60,0
DA:63,0
LF:19
LH:0
BRDA:9,0,0,0
BRDA:9,0,1,0
BRDA:9,1,0,0
BRDA:9,1,1,0
BRF:4
BRH:0
end_of_record
TN:
SF:/Users/yhtml5/projects/gits/YHTML5-Seed/apps/react-dashboard/app/Containers/Question/InformationEdit.jsx
FN:9,_interopRequireDefault
FN:16,InformationEdit
FN:54,(anonymous_2)
FN:69,(anonymous_3)
FNF:4
FNH:0
FNDA:0,_interopRequireDefault
FNDA:0,InformationEdit
FNDA:0,(anonymous_2)
FNDA:0,(anonymous_3)
DA:1,0
DA:2,0
DA:3,0
DA:4,0
DA:5,0
DA:6,0
DA:7,0
DA:8,0
DA:9,0
DA:18,0
DA:26,0
DA:44,0
DA:45,0
DA:48,0
DA:51,0
DA:54,0
DA:59,0
DA:67,0
DA:70,0
LF:19
LH:0
BRDA:9,0,0,0
BRDA:9,0,1,0
BRDA:9,1,0,0
BRDA:9,1,1,0
BRF:4
BRH:0
end_of_record
TN:
SF:/Users/yhtml5/projects/gits/YHTML5-Seed/apps/react-dashboard/app/Containers/Question/action.js
FNF:0
FNH:0
DA:1,0
DA:3,0
LF:2
LH:0
BRF:0
BRH:0
end_of_record
TN:
SF:/Users/yhtml5/projects/gits/YHTML5-Seed/apps/react-dashboard/app/Containers/Question/ajax.js
FN:7,_interopRequireDefault
FN:17,ajaxAdList
FN:19,(anonymous_2)
FN:32,(anonymous_3)
FN:43,positionType
FN:44,(anonymous_5)
FN:50,(anonymous_6)
FN:60,getUploadToken
FN:61,(anonymous_8)
FN:72,(anonymous_9)
FN:77,(anonymous_10)
FN:85,(anonymous_11)
FN:96,ajaxDeleteNav
FN:97,(anonymous_13)
FN:104,ajaxEditStatus
FN:105,(anonymous_15)
FN:112,ajaxAddNav
FN:117,(anonymous_17)
FN:125,ajaxReply
FN:129,(anonymous_19)
FN:137,ajaxNavEditInfo
FN:139,(anonymous_21)
FN:146,(anonymous_22)
FN:177,ajaxEditNav
FN:179,(anonymous_24)
FNF:25
FNH:0
FNDA:0,_interopRequireDefault
FNDA:0,ajaxAdList
FNDA:0,(anonymous_2)
FNDA:0,(anonymous_3)
FNDA:0,positionType
FNDA:0,(anonymous_5)
FNDA:0,(anonymous_6)
FNDA:0,getUploadToken
FNDA:0,(anonymous_8)
FNDA:0,(anonymous_9)
FNDA:0,(anonymous_10)
FNDA:0,(anonymous_11)
FNDA:0,ajaxDeleteNav
FNDA:0,(anonymous_13)
FNDA:0,ajaxEditStatus
FNDA:0,(anonymous_15)
FNDA:0,ajaxAddNav
FNDA:0,(anonymous_17)
FNDA:0,ajaxReply
FNDA:0,(anonymous_19)
FNDA:0,ajaxNavEditInfo
FNDA:0,(anonymous_21)
FNDA:0,(anonymous_22)
FNDA:0,ajaxEditNav
FNDA:0,(anonymous_24)
DA:1,0
DA:2,0
DA:3,0
DA:4,0
DA:5,0
DA:6,0
DA:7,0
DA:8,0
DA:18,0
DA:19,0
DA:20,0
DA:33,0
DA:34,0
DA:44,0
DA:45,0
DA:51,0
DA:52,0
DA:61,0
DA:62,0
DA:74,0
DA:79,0
DA:80,0
DA:83,0
DA:84,0
DA:85,0
DA:86,0
DA:89,0
DA:97,0
DA:98,0
DA:105,0
DA:106,0
DA:113,0
DA:114,0
DA:117,0
DA:118,0
DA:126,0
DA:127,0
DA:129,0
DA:130,0
DA:138,0
DA:139,0
DA:140,0
DA:147,0
DA:148,0
DA:154,0
DA:158,0
DA:159,0
DA:171,0
DA:178,0
DA:179,0
DA:180,0
DA:186,0
DA:188,0
LF:53
LH:0
BRDA:7,0,0,0
BRDA:7,0,1,0
BRDA:7,1,0,0
BRDA:7,1,1,0
BRDA:36,2,0,0
BRDA:36,2,1,0
BRDA:79,3,0,0
BRDA:79,3,1,0
BRDA:83,4,0,0
BRDA:83,4,1,0
BRDA:89,5,0,0
BRDA:89,5,1,0
BRDA:113,6,0,0
BRDA:113,6,1,0
BRDA:126,7,0,0
BRDA:126,7,1,0
BRDA:147,8,0,0
BRDA:147,8,1,0
BRDA:162,9,0,0
BRDA:162,9,1,0
BRF:20
BRH:0
end_of_record
TN:
SF:/Users/yhtml5/projects/gits/YHTML5-Seed/apps/react-dashboard/app/Containers/Question/index.jsx
FN:13,_interopRequireDefault
FN:30,Question
FN:52,(anonymous_2)
FN:55,(anonymous_3)
FN:74,(anonymous_4)
FN:77,(anonymous_5)
FN:91,(anonymous_6)
FN:108,(anonymous_7)
FN:131,(anonymous_8)
FNF:9
FNH:0
FNDA:0,_interopRequireDefault
FNDA:0,Question
FNDA:0,(anonymous_2)
FNDA:0,(anonymous_3)
FNDA:0,(anonymous_4)
FNDA:0,(anonymous_5)
FNDA:0,(anonymous_6)
FNDA:0,(anonymous_7)
FNDA:0,(anonymous_8)
DA:1,0
DA:2,0
DA:3,0
DA:4,0
DA:5,0
DA:6,0
DA:7,0
DA:8,0
DA:9,0
DA:10,0
DA:11,0
DA:13,0
DA:31,0
DA:32,0
DA:35,0
DA:43,0
DA:52,0
DA:55,0
DA:58,0
DA:59,0
DA:63,0
DA:66,0
DA:70,0
DA:74,0
DA:77,0
DA:80,0
DA:83,0
DA:84,0
DA:88,0
DA:91,0
DA:98,0
DA:102,0
DA:108,0
DA:109,0
DA:112,0
DA:117,0
DA:129,0
DA:132,0
LF:38
LH:0
BRDA:13,0,0,0
BRDA:13,0,1,0
BRDA:13,1,0,0
BRDA:13,1,1,0
BRDA:31,2,0,0
BRDA:31,2,1,0
BRF:6
BRH:0
end_of_record
TN:
SF:/Users/yhtml5/projects/gits/YHTML5-Seed/apps/react-dashboard/app/Containers/Question/reduce.js
FN:4,_interopRequireDefault
FN:4,reduce
FNF:2
FNH:0
FNDA:0,_interopRequireDefault
FNDA:0,reduce
DA:1,0
DA:4,0
DA:5,0
DA:7,0
DA:9,0
LF:5
LH:0
BRDA:4,0,0,0
BRDA:4,0,1,0
BRDA:4,1,0,0
BRDA:4,1,1,0
BRDA:4,2,0,0
BRDA:4,3,0,0
BRDA:5,4,0,0
BRDA:5,4,1,0
BRF:8
BRH:0
end_of_record
TN:
SF:/Users/yhtml5/projects/gits/YHTML5-Seed/apps/react-dashboard/app/Containers/Question/state.js
FNF:0
FNH:0
DA:1,0
DA:39,0
LF:2
LH:0
BRF:0
BRH:0
end_of_record
TN:
SF:/Users/yhtml5/projects/gits/YHTML5-Seed/apps/react-dashboard/app/Containers/Question/task.js
FN:9,updateState
FN:20,(anonymous_1)
FN:21,(anonymous_2)
FN:75,(anonymous_3)
FN:76,(anonymous_4)
FN:98,(anonymous_5)
FN:99,(anonymous_6)
FN:106,(anonymous_7)
FN:107,(anonymous_8)
FN:123,(anonymous_9)
FN:124,(anonymous_10)
FN:141,(anonymous_11)
FN:142,(anonymous_12)
FN:154,(anonymous_13)
FN:155,(anonymous_14)
FN:168,(anonymous_15)
FN:169,(anonymous_16)
FN:182,(anonymous_17)
FN:184,(anonymous_18)
FN:187,(anonymous_19)
FN:188,(anonymous_20)
FN:194,(anonymous_21)
FN:197,(anonymous_22)
FN:198,(anonymous_23)
FN:202,(anonymous_24)
FN:204,(anonymous_25)
FN:219,(anonymous_26)
FN:225,(anonymous_27)
FN:226,(anonymous_28)
FN:229,(anonymous_29)
FN:231,(anonymous_30)
FN:248,(anonymous_31)
FN:255,(anonymous_32)
FN:256,(anonymous_33)
FN:260,(anonymous_34)
FN:261,(anonymous_35)
FN:263,(anonymous_36)
FN:264,(anonymous_37)
FN:268,(anonymous_38)
FN:271,(anonymous_39)
FNF:40
FNH:0
FNDA:0,updateState
FNDA:0,(anonymous_1)
FNDA:0,(anonymous_2)
FNDA:0,(anonymous_3)
FNDA:0,(anonymous_4)
FNDA:0,(anonymous_5)
FNDA:0,(anonymous_6)
FNDA:0,(anonymous_7)
FNDA:0,(anonymous_8)
FNDA:0,(anonymous_9)
FNDA:0,(anonymous_10)
FNDA:0,(anonymous_11)
FNDA:0,(anonymous_12)
FNDA:0,(anonymous_13)
FNDA:0,(anonymous_14)
FNDA:0,(anonymous_15)
FNDA:0,(anonymous_16)
FNDA:0,(anonymous_17)
FNDA:0,(anonymous_18)
FNDA:0,(anonymous_19)
FNDA:0,(anonymous_20)
FNDA:0,(anonymous_21)
FNDA:0,(anonymous_22)
FNDA:0,(anonymous_23)
FNDA:0,(anonymous_24)
FNDA:0,(anonymous_25)
FNDA:0,(anonymous_26)
FNDA:0,(anonymous_27)
FNDA:0,(anonymous_28)
FNDA:0,(anonymous_29)
FNDA:0,(anonymous_30)
FNDA:0,(anonymous_31)
FNDA:0,(anonymous_32)
FNDA:0,(anonymous_33)
FNDA:0,(anonymous_34)
FNDA:0,(anonymous_35)
FNDA:0,(anonymous_36)
FNDA:0,(anonymous_37)
FNDA:0,(anonymous_38)
FNDA:0,(anonymous_39)
DA:1,0
DA:3,0
DA:4,0
DA:5,0
DA:6,0
DA:7,0
DA:10,0
DA:11,0
DA:16,0
DA:20,0
DA:21,0
DA:22,0
DA:23,0
DA:25,0
DA:66,0
DA:68,0
DA:69,0
DA:70,0
DA:71,0
DA:72,0
DA:75,0
DA:76,0
DA:77,0
DA:78,0
DA:80,0
DA:98,0
DA:99,0
DA:100,0
DA:101,0
DA:103,0
DA:106,0
DA:107,0
DA:108,0
DA:109,0
DA:111,0
DA:113,0
DA:115,0
DA:116,0
DA:117,0
DA:119,0
DA:123,0
DA:124,0
DA:125,0
DA:126,0
DA:128,0
DA:135,0
DA:137,0
DA:138,0
DA:141,0
DA:142,0
DA:143,0
DA:144,0
DA:146,0
DA:147,0
DA:149,0
DA:151,0
DA:154,0
DA:155,0
DA:156,0
DA:157,0
DA:159,0
DA:160,0
DA:162,0
DA:163,0
DA:165,0
DA:168,0
DA:169,0
DA:170,0
DA:171,0
DA:173,0
DA:174,0
DA:176,0
DA:177,0
DA:179,0
DA:182,0
DA:184,0
DA:187,0
DA:188,0
DA:190,0
DA:194,0
DA:197,0
DA:198,0
DA:199,0
DA:201,0
DA:203,0
DA:204,0
DA:205,0
DA:219,0
DA:220,0
DA:225,0
DA:226,0
DA:227,0
DA:228,0
DA:230,0
DA:231,0
DA:232,0
DA:234,0
DA:248,0
DA:249,0
DA:255,0
DA:256,0
DA:257,0
DA:260,0
DA:261,0
DA:263,0
DA:264,0
DA:265,0
DA:267,0
DA:269,0
DA:271,0
DA:273,0
DA:275,0
DA:276,0
DA:281,0
DA:284,0
DA:285,0
DA:286,0
LF:117
LH:0
BRDA:10,0,0,0
BRDA:10,0,1,0
BRDA:22,1,0,0
BRDA:22,1,1,0
BRDA:77,2,0,0
BRDA:77,2,1,0
BRDA:100,3,0,0
BRDA:100,3,1,0
BRDA:108,4,0,0
BRDA:108,4,1,0
BRDA:116,5,0,0
BRDA:116,5,1,0
BRDA:125,6,0,0
BRDA:125,6,1,0
BRDA:143,7,0,0
BRDA:143,7,1,0
BRDA:156,8,0,0
BRDA:156,8,1,0
BRDA:170,9,0,0
BRDA:170,9,1,0
BRF:20
BRH:0
end_of_record
TN:
SF:/Users/yhtml5/projects/gits/YHTML5-Seed/apps/react-dashboard/app/Containers/Question/Components/Formadd.jsx
FN:4,_interopRequireDefault
FN:8,(anonymous_1)
FN:25,(anonymous_2)
FN:28,(anonymous_3)
FN:34,(anonymous_4)
FN:35,(anonymous_5)
FN:69,(anonymous_6)
FN:77,(anonymous_7)
FN:84,(anonymous_8)
FN:104,(anonymous_9)
FN:107,(anonymous_10)
FN:115,(anonymous_11)
FN:126,(anonymous_12)
FN:132,(anonymous_13)
FN:140,(anonymous_14)
FN:144,(anonymous_15)
FN:165,(anonymous_16)
FN:177,(anonymous_17)
FNF:18
FNH:0
FNDA:0,_interopRequireDefault
FNDA:0,(anonymous_1)
FNDA:0,(anonymous_2)
FNDA:0,(anonymous_3)
FNDA:0,(anonymous_4)
FNDA:0,(anonymous_5)
FNDA:0,(anonymous_6)
FNDA:0,(anonymous_7)
FNDA:0,(anonymous_8)
FNDA:0,(anonymous_9)
FNDA:0,(anonymous_10)
FNDA:0,(anonymous_11)
FNDA:0,(anonymous_12)
FNDA:0,(anonymous_13)
FNDA:0,(anonymous_14)
FNDA:0,(anonymous_15)
FNDA:0,(anonymous_16)
FNDA:0,(anonymous_17)
DA:1,0
DA:2,0
DA:3,0
DA:4,0
DA:5,0
DA:6,0
DA:9,0
DA:12,0
DA:19,0
DA:22,0
DA:26,0
DA:29,0
DA:30,0
DA:35,0
DA:36,0
DA:37,0
DA:39,0
DA:40,0
DA:41,0
DA:42,0
DA:43,0
DA:44,0
DA:47,0
DA:50,0
DA:52,0
DA:53,0
DA:54,0
DA:55,0
DA:70,0
DA:71,0
DA:72,0
DA:78,0
DA:85,0
DA:86,0
DA:87,0
DA:88,0
DA:89,0
DA:90,0
DA:92,0
DA:93,0
DA:94,0
DA:95,0
DA:97,0
DA:98,0
DA:99,0
DA:105,0
DA:108,0
DA:109,0
DA:111,0
DA:116,0
DA:117,0
DA:119,0
DA:121,0
DA:122,0
DA:127,0
DA:129,0
DA:133,0
DA:134,0
DA:141,0
DA:145,0
DA:150,0
DA:155,0
DA:165,0
DA:177,0
DA:258,0
LF:65
LH:0
BRDA:4,0,0,0
BRDA:4,0,1,0
BRDA:4,1,0,0
BRDA:4,1,1,0
BRDA:19,2,0,0
BRDA:19,2,1,0
BRDA:29,3,0,0
BRDA:29,3,1,0
BRDA:36,4,0,0
BRDA:36,4,1,0
BRDA:40,5,0,0
BRDA:40,5,1,0
BRDA:41,6,0,0
BRDA:41,6,1,0
BRDA:43,7,0,0
BRDA:43,7,1,0
BRDA:79,8,0,0
BRDA:79,8,1,0
BRDA:88,9,0,0
BRDA:88,9,1,0
BRDA:88,10,0,0
BRDA:88,10,1,0
BRDA:88,10,2,0
BRDA:93,11,0,0
BRDA:93,11,1,0
BRDA:108,12,0,0
BRDA:108,12,1,0
BRDA:111,13,0,0
BRDA:111,13,1,0
BRDA:116,14,0,0
BRDA:116,14,1,0
BRDA:121,15,0,0
BRDA:121,15,1,0
BRDA:204,16,0,0
BRDA:204,16,1,0
BRF:35
BRH:0
end_of_record
TN:
SF:/Users/yhtml5/projects/gits/YHTML5-Seed/apps/react-dashboard/app/Containers/Question/Components/Modal.jsx
FN:4,_interopRequireDefault
FN:7,(anonymous_1)
FN:13,(anonymous_2)
FN:14,(anonymous_3)
FN:36,(anonymous_4)
FN:40,(anonymous_5)
FN:43,(anonymous_6)
FNF:7
FNH:0
FNDA:0,_interopRequireDefault
FNDA:0,(anonymous_1)
FNDA:0,(anonymous_2)
FNDA:0,(anonymous_3)
FNDA:0,(anonymous_4)
FNDA:0,(anonymous_5)
FNDA:0,(anonymous_6)
DA:1,0
DA:2,0
DA:3,0
DA:4,0
DA:5,0
DA:8,0
DA:14,0
DA:15,0
DA:16,0
DA:18,0
DA:19,0
DA:21,0
DA:22,0
DA:23,0
DA:24,0
DA:26,0
DA:27,0
DA:29,0
DA:37,0
DA:38,0
DA:41,0
DA:44,0
DA:48,0
DA:73,0
LF:24
LH:0
BRDA:4,0,0,0
BRDA:4,0,1,0
BRDA:4,1,0,0
BRDA:4,1,1,0
BRDA:15,2,0,0
BRDA:15,2,1,0
BRDA:24,3,0,0
BRDA:24,3,1,0
BRDA:58,4,0,0
BRDA:58,4,1,0
BRF:10
BRH:0
end_of_record
TN:
SF:/Users/yhtml5/projects/gits/YHTML5-Seed/apps/react-dashboard/app/Containers/Question/Components/Search.jsx
FN:3,_interopRequireDefault
FN:6,Search
FN:16,(anonymous_2)
FN:27,(anonymous_3)
FN:28,(anonymous_4)
FN:36,(anonymous_5)
FN:45,(anonymous_6)
FN:62,(anonymous_7)
FN:73,(anonymous_8)
FNF:9
FNH:0
FNDA:0,_interopRequireDefault
FNDA:0,Search
FNDA:0,(anonymous_2)
FNDA:0,(anonymous_3)
FNDA:0,(anonymous_4)
FNDA:0,(anonymous_5)
FNDA:0,(anonymous_6)
FNDA:0,(anonymous_7)
FNDA:0,(anonymous_8)
DA:1,0
DA:2,0
DA:3,0
DA:4,0
DA:11,0
DA:16,0
DA:27,0
DA:28,0
DA:29,0
DA:30,0
DA:31,0
DA:32,0
DA:36,0
DA:37,0
DA:38,0
DA:45,0
DA:46,0
DA:47,0
DA:49,0
DA:63,0
DA:74,0
DA:109,0
DA:115,0
LF:23
LH:0
BRDA:3,0,0,0
BRDA:3,0,1,0
BRDA:3,1,0,0
BRDA:3,1,1,0
BRDA:30,2,0,0
BRDA:30,2,1,0
BRF:6
BRH:0
end_of_record
TN:
SF:/Users/yhtml5/projects/gits/YHTML5-Seed/apps/react-dashboard/app/Containers/Question/Components/Table.jsx
FN:3,_interopRequireDefault
FN:5,NewTable
FN:21,(anonymous_2)
FN:28,(anonymous_3)
FN:34,(anonymous_4)
FN:45,(anonymous_5)
FN:51,(anonymous_6)
FN:54,(anonymous_7)
FN:60,(anonymous_8)
FN:62,(anonymous_9)
FN:68,(anonymous_10)
FN:75,(anonymous_11)
FNF:12
FNH:0
FNDA:0,_interopRequireDefault
FNDA:0,NewTable
FNDA:0,(anonymous_2)
FNDA:0,(anonymous_3)
FNDA:0,(anonymous_4)
FNDA:0,(anonymous_5)
FNDA:0,(anonymous_6)
FNDA:0,(anonymous_7)
FNDA:0,(anonymous_8)
FNDA:0,(anonymous_9)
FNDA:0,(anonymous_10)
FNDA:0,(anonymous_11)
DA:1,0
DA:2,0
DA:3,0
DA:6,0
DA:22,0
DA:29,0
DA:35,0
DA:46,0
DA:52,0
DA:54,0
DA:60,0
DA:62,0
DA:68,0
DA:72,0
DA:75,0
DA:83,0
LF:16
LH:0
BRDA:3,0,0,0
BRDA:3,0,1,0
BRDA:3,1,0,0
BRDA:3,1,1,0
BRDA:22,2,0,0
BRDA:22,2,1,0
BRDA:29,3,0,0
BRDA:29,3,1,0
BRDA:46,4,0,0
BRDA:46,4,1,0
BRDA:53,5,0,0
BRDA:53,5,1,0
BRDA:54,6,0,0
BRDA:54,6,1,0
BRDA:58,7,0,0
BRDA:58,7,1,0
BRDA:68,8,0,0
BRDA:68,8,1,0
BRF:18
BRH:0
end_of_record
TN:
SF:/Users/yhtml5/projects/gits/YHTML5-Seed/apps/react-dashboard/app/Containers/Question/Components/TableHeader.jsx
FN:2,_interopRequireDefault
FN:4,TableHeader
FNF:2
FNH:0
FNDA:0,_interopRequireDefault
FNDA:0,TableHeader
DA:1,0
DA:2,0
DA:5,0
DA:12,0
LF:4
LH:0
BRDA:2,0,0,0
BRDA:2,0,1,0
BRDA:2,1,0,0
BRDA:2,1,1,0
BRF:4
BRH:0
end_of_record
TN:
SF:/Users/yhtml5/projects/gits/YHTML5-Seed/apps/react-dashboard/app/redux/actions.js
FN:1,namespace
FNF:1
FNH:0
FNDA:0,namespace
DA:1,0
DA:2,0
DA:5,0
LF:3
LH:0
BRF:0
BRH:0
end_of_record
TN:
SF:/Users/yhtml5/projects/gits/YHTML5-Seed/apps/react-dashboard/app/redux/reducers.js
FN:10,_interopRequireDefault
FNF:1
FNH:0
FNDA:0,_interopRequireDefault
DA:1,0
DA:2,0
DA:3,0
DA:4,0
DA:5,0
DA:6,0
DA:7,0
DA:8,0
DA:9,0
DA:10,0
LF:10
LH:0
BRDA:10,0,0,0
BRDA:10,0,1,0
BRDA:10,1,0,0
BRDA:10,1,1,0
BRF:4
BRH:0
end_of_record
TN:
SF:/Users/yhtml5/projects/gits/YHTML5-Seed/apps/react-dashboard/app/redux/store.js
FN:6,_interopRequireDefault
FNF:1
FNH:0
FNDA:0,_interopRequireDefault
DA:1,0
DA:2,0
DA:3,0
DA:4,0
DA:5,0
DA:6,0
DA:9,0
DA:16,0
DA:21,0
DA:24,0
LF:10
LH:0
BRDA:6,0,0,0
BRDA:6,0,1,0
BRDA:6,1,0,0
BRDA:6,1,1,0
BRF:4
BRH:0
end_of_record
TN:
SF:/Users/yhtml5/projects/gits/YHTML5-Seed/apps/react-dashboard/app/util/ajax.js
FN:6,_interopRequireDefault
FN:9,ajax
FN:29,(anonymous_2)
FN:35,(anonymous_3)
FN:41,(anonymous_4)
FNF:5
FNH:0
FNDA:0,_interopRequireDefault
FNDA:0,ajax
FNDA:0,(anonymous_2)
FNDA:0,(anonymous_3)
FNDA:0,(anonymous_4)
DA:1,0
DA:2,0
DA:3,0
DA:4,0
DA:5,0
DA:6,0
DA:7,0
DA:11,0
DA:12,0
DA:13,0
DA:14,0
DA:15,0
DA:16,0
DA:18,0
DA:22,0
DA:23,0
DA:31,0
DA:32,0
DA:33,0
DA:37,0
DA:38,0
DA:39,0
DA:40,0
DA:41,0
DA:42,0
DA:45,0
DA:46,0
DA:48,0
DA:51,0
LF:29
LH:0
BRDA:6,0,0,0
BRDA:6,0,1,0
BRDA:6,1,0,0
BRDA:6,1,1,0
BRDA:11,2,0,0
BRDA:11,2,1,0
BRDA:13,3,0,0
BRDA:13,3,1,0
BRDA:13,4,0,0
BRDA:13,4,1,0
BRDA:15,5,0,0
BRDA:15,5,1,0
BRDA:15,6,0,0
BRDA:15,6,1,0
BRDA:15,6,2,0
BRDA:37,7,0,0
BRDA:37,7,1,0
BRDA:39,8,0,0
BRDA:39,8,1,0
BRDA:45,9,0,0
BRDA:45,9,1,0
BRF:21
BRH:0
end_of_record
TN:
SF:/Users/yhtml5/projects/gits/YHTML5-Seed/apps/react-dashboard/app/util/cookie.js
FN:13,setCookie
FN:20,(anonymous_1)
FN:25,(anonymous_2)
FN:31,(anonymous_3)
FNF:4
FNH:0
FNDA:0,setCookie
FNDA:0,(anonymous_1)
FNDA:0,(anonymous_2)
FNDA:0,(anonymous_3)
DA:1,0
DA:14,0
DA:15,0
DA:16,0
DA:17,0
DA:20,0
DA:21,0
DA:25,0
DA:26,0
DA:27,0
DA:29,0
DA:30,0
DA:31,0
DA:34,0
DA:36,0
LF:15
LH:0
BRDA:21,0,0,0
BRDA:21,0,1,0
BRDA:26,1,0,0
BRDA:26,1,1,0
BRDA:30,2,0,0
BRDA:30,2,1,0
BRF:6
BRH:0
end_of_record
TN:
SF:/Users/yhtml5/projects/gits/YHTML5-Seed/apps/react-dashboard/app/util/index.js
FN:3,(anonymous_0)
FN:3,(anonymous_1)
FNF:2
FNH:0
FNDA:0,(anonymous_0)
FNDA:0,(anonymous_1)
DA:1,0
DA:3,0
DA:4,0
DA:5,0
LF:4
LH:0
BRF:0
BRH:0
end_of_record
TN:
SF:/Users/yhtml5/projects/gits/YHTML5-Seed/apps/react-dashboard/app/util/localStorage.js
FN:1,hasLocalStorage
FNF:1
FNH:0
FNDA:0,hasLocalStorage
DA:2,0
DA:3,0
DA:5,0
LF:3
LH:0
BRDA:3,0,0,0
BRDA:3,0,1,0
BRF:2
BRH:0
end_of_record
TN:
SF:/Users/yhtml5/projects/gits/YHTML5-Seed/apps/react-dashboard/app/util/polyfill.js
FNF:0
FNH:0
LF:0
LH:0
BRF:0
BRH:0
end_of_record
TN:
SF:/Users/yhtml5/projects/gits/YHTML5-Seed/apps/react-dashboard/app/util/prototype.js
FNF:0
FNH:0
LF:0
LH:0
BRF:0
BRH:0
end_of_record
TN:
SF:/Users/yhtml5/projects/gits/YHTML5-Seed/apps/react-dashboard/app/util/security.js
FN:1,(anonymous_0)
FN:2,(anonymous_1)
FN:5,(anonymous_2)
FN:6,(anonymous_3)
FNF:4
FNH:0
FNDA:0,(anonymous_0)
FNDA:0,(anonymous_1)
FNDA:0,(anonymous_2)
FNDA:0,(anonymous_3)
DA:1,0
DA:2,0
DA:3,0
DA:5,0
DA:6,0
DA:8,0
LF:6
LH:0
BRF:0
BRH:0
end_of_record
TN:
SF:/Users/yhtml5/projects/gits/YHTML5-Seed/apps/react-dashboard/app/util/util.js
FN:9,(anonymous_0)
FN:9,(anonymous_1)
FN:11,notRepeating
FN:20,downLoad
FN:37,checkToken
FNF:5
FNH:0
FNDA:0,(anonymous_0)
FNDA:0,(anonymous_1)
FNDA:0,notRepeating
FNDA:0,downLoad
FNDA:0,checkToken
DA:1,0
DA:2,0
DA:3,0
DA:4,0
DA:5,0
DA:7,0
DA:9,0
DA:12,0
DA:13,0
DA:14,0
DA:15,0
DA:16,0
DA:21,0
DA:22,0
DA:23,0
DA:24,0
DA:25,0
DA:26,0
DA:28,0
DA:29,0
DA:30,0
DA:31,0
DA:33,0
DA:38,0
DA:40,0
DA:42,0
DA:44,0
LF:27
LH:0
BRDA:12,0,0,0
BRDA:12,0,1,0
BRDA:21,1,0,0
BRDA:21,1,1,0
BRDA:38,2,0,0
BRDA:38,2,1,0
BRDA:38,3,0,0
BRDA:38,3,1,0
BRF:8
BRH:0
end_of_record
TN:
SF:/Users/yhtml5/projects/gits/YHTML5-Seed/apps/react-dashboard/app/util/validator.js
FN:19,(anonymous_0)
FN:20,(anonymous_1)
FN:21,(anonymous_2)
FN:22,(anonymous_3)
FN:23,(anonymous_4)
FN:24,(anonymous_5)
FN:25,(anonymous_6)
FN:26,(anonymous_7)
FN:27,(anonymous_8)
FN:28,(anonymous_9)
FN:29,(anonymous_10)
FNF:11
FNH:2
FNDA:16,(anonymous_0)
FNDA:2,(anonymous_1)
FNDA:0,(anonymous_2)
FNDA:0,(anonymous_3)
FNDA:0,(anonymous_4)
FNDA:0,(anonymous_5)
FNDA:0,(anonymous_6)
FNDA:0,(anonymous_7)
FNDA:0,(anonymous_8)
FNDA:0,(anonymous_9)
FNDA:0,(anonymous_10)
DA:19,16
DA:20,2
DA:21,2
DA:22,2
DA:23,2
DA:24,2
DA:25,2
DA:26,2
DA:27,2
DA:28,2
DA:29,2
LF:11
LH:11
BRDA:22,0,0,0
BRDA:22,0,1,0
BRDA:23,1,0,0
BRDA:23,1,1,0
BRDA:26,2,0,0
BRDA:26,2,1,0
BRDA:27,3,0,0
BRDA:27,3,1,0
BRDA:29,4,0,0
BRDA:29,4,1,0
BRF:10
BRH:0
end_of_record
