<?xml version="1.0" encoding="UTF-8"?>
<coverage generated="1505559458074" clover="3.2.0">
  <project timestamp="1505559458074" name="All files">
    <metrics statements="24" coveredstatements="3" conditionals="25" coveredconditionals="0" methods="16" coveredmethods="1" elements="65" coveredelements="4" complexity="0" loc="24" ncloc="24" packages="1" files="4" classes="4">
      <file name="App.js" path="/Users/yhtml5/projects/gits/YHTML5-CLI/packages/yhtml5-test/demo/src/App.js">
        <metrics statements="1" coveredstatements="1" conditionals="0" coveredconditionals="0" methods="1" coveredmethods="1"/>
        <line num="7" count="3" type="stmt"/>
      </file>
      <file name="index.js" path="/Users/yhtml5/projects/gits/YHTML5-CLI/packages/yhtml5-test/demo/src/index.js">
        <metrics statements="7" coveredstatements="0" conditionals="4" coveredconditionals="0" methods="1" coveredmethods="0"/>
        <line num="1" count="0" type="stmt"/>
        <line num="2" count="0" type="stmt"/>
        <line num="3" count="0" type="stmt"/>
        <line num="4" count="0" type="stmt"/>
        <line num="5" count="0" type="cond" truecount="0" falsecount="4"/>
        <line num="7" count="0" type="stmt"/>
        <line num="8" count="0" type="stmt"/>
      </file>
      <file name="registerServiceWorker.js" path="/Users/yhtml5/projects/gits/YHTML5-CLI/packages/yhtml5-test/demo/src/registerServiceWorker.js">
        <metrics statements="14" coveredstatements="0" conditionals="21" coveredconditionals="0" methods="14" coveredmethods="0"/>
        <line num="1" count="0" type="stmt"/>
        <line num="21" count="0" type="stmt"/>
        <line num="109" count="0" type="cond" truecount="0" falsecount="3"/>
        <line num="111" count="0" type="cond" truecount="0" falsecount="4"/>
        <line num="112" count="0" type="cond" truecount="0" falsecount="2"/>
        <line num="115" count="0" type="cond" truecount="0" falsecount="2"/>
        <line num="116" count="0" type="stmt"/>
        <line num="117" count="0" type="cond" truecount="0" falsecount="4"/>
        <line num="121" count="0" type="stmt"/>
        <line num="124" count="0" type="stmt"/>
        <line num="125" count="0" type="stmt"/>
        <line num="126" count="0" type="cond" truecount="0" falsecount="4"/>
        <line num="127" count="0" type="stmt"/>
        <line num="128" count="0" type="cond" truecount="0" falsecount="2"/>
      </file>
      <file name="setupTests.js" path="/Users/yhtml5/projects/gits/YHTML5-CLI/packages/yhtml5-test/demo/src/setupTests.js">
        <metrics statements="2" coveredstatements="2" conditionals="0" coveredconditionals="0" methods="0" coveredmethods="0"/>
        <line num="1" count="1" type="stmt"/>
        <line num="6" count="1" type="stmt"/>
      </file>
    </metrics>
  </project>
</coverage>
