<?xml version="1.0" encoding="UTF-8"?>
<coverage generated="1507532373384" clover="3.2.0">
  <project timestamp="1507532373384" name="All files">
    <metrics statements="12" coveredstatements="0" conditionals="8" coveredconditionals="0" methods="3" coveredmethods="0" elements="23" coveredelements="0" complexity="0" loc="12" ncloc="12" packages="2" files="3" classes="3">
      <package name="src">
        <metrics statements="7" coveredstatements="0" conditionals="4" coveredconditionals="0" methods="1" coveredmethods="0"/>
        <file name="index.js" path="/Users/yhtml5/projects/gits/YHTML5-CLI/packages/yhtml5-test/demo/src/index.js">
          <metrics statements="5" coveredstatements="0" conditionals="4" coveredconditionals="0" methods="1" coveredmethods="0"/>
          <line num="1" count="0" type="stmt"/>
          <line num="2" count="0" type="stmt"/>
          <line num="3" count="0" type="stmt"/>
          <line num="4" count="0" type="cond" truecount="0" falsecount="4"/>
          <line num="6" count="0" type="stmt"/>
        </file>
        <file name="setupTests.js" path="/Users/yhtml5/projects/gits/YHTML5-CLI/packages/yhtml5-test/demo/src/setupTests.js">
          <metrics statements="2" coveredstatements="0" conditionals="0" coveredconditionals="0" methods="0" coveredmethods="0"/>
          <line num="1" count="0" type="stmt"/>
          <line num="6" count="0" type="stmt"/>
        </file>
      </package>
      <package name="src.Components">
        <metrics statements="5" coveredstatements="0" conditionals="4" coveredconditionals="0" methods="2" coveredmethods="0"/>
        <file name="App.js" path="/Users/yhtml5/projects/gits/YHTML5-CLI/packages/yhtml5-test/demo/src/Components/App.js">
          <metrics statements="5" coveredstatements="0" conditionals="4" coveredconditionals="0" methods="2" coveredmethods="0"/>
          <line num="1" count="0" type="stmt"/>
          <line num="2" count="0" type="stmt"/>
          <line num="3" count="0" type="cond" truecount="0" falsecount="4"/>
          <line num="7" count="0" type="stmt"/>
          <line num="18" count="0" type="stmt"/>
        </file>
      </package>
    </metrics>
  </project>
</coverage>
