{"/Users/yhtml5/projects/gitlab/2dfire-scripts/packages/2dfire-test/demo/src/index.js": {"path":"/Users/yhtml5/projects/gitlab/2dfire-scripts/packages/2dfire-test/demo/src/index.js","statementMap":{"0":{"start":{"line":1,"column":32},"end":{"line":1,"column":117}},"1":{"start":{"line":1,"column":131},"end":{"line":1,"column":147}},"2":{"start":{"line":1,"column":162},"end":{"line":1,"column":192}},"3":{"start":{"line":2,"column":16},"end":{"line":2,"column":36}},"4":{"start":{"line":2,"column":54},"end":{"line":2,"column":87}},"5":{"start":{"line":3,"column":0},"end":{"line":3,"column":23}},"6":{"start":{"line":4,"column":13},"end":{"line":4,"column":46}},"7":{"start":{"line":4,"column":61},"end":{"line":4,"column":91}},"8":{"start":{"line":4,"column":130},"end":{"line":4,"column":184}},"9":{"start":{"line":6,"column":0},"end":{"line":6,"column":183}}},"fnMap":{"0":{"name":"_interopRequireDefault","decl":{"start":{"line":4,"column":101},"end":{"line":4,"column":123}},"loc":{"start":{"line":4,"column":129},"end":{"line":4,"column":185}},"line":4}},"branchMap":{"0":{"loc":{"start":{"line":4,"column":137},"end":{"line":4,"column":183}},"type":"cond-expr","locations":[{"start":{"line":4,"column":161},"end":{"line":4,"column":164}},{"start":{"line":4,"column":167},"end":{"line":4,"column":183}}],"line":4},"1":{"loc":{"start":{"line":4,"column":137},"end":{"line":4,"column":158}},"type":"binary-expr","locations":[{"start":{"line":4,"column":137},"end":{"line":4,"column":140}},{"start":{"line":4,"column":144},"end":{"line":4,"column":158}}],"line":4}},"s":{"0":0,"1":0,"2":0,"3":0,"4":0,"5":0,"6":0,"7":0,"8":0,"9":0},"f":{"0":0},"b":{"0":[0,0],"1":[0,0]}}
,"/Users/yhtml5/projects/gitlab/2dfire-scripts/packages/2dfire-test/demo/src/setupTests.js": {"path":"/Users/yhtml5/projects/gitlab/2dfire-scripts/packages/2dfire-test/demo/src/setupTests.js","statementMap":{},"fnMap":{},"branchMap":{},"s":{},"f":{},"b":{},"_coverageSchema":"332fd63041d2c1bcb487cc26dd0d5f7d97098a6c","hash":"2ca19a44bf99a4bd5afcae06e577e1b02fd256ac"}
,"/Users/yhtml5/projects/gitlab/2dfire-scripts/packages/2dfire-test/demo/src/Container/App/index.jsx": {"path":"/Users/yhtml5/projects/gitlab/2dfire-scripts/packages/2dfire-test/demo/src/Container/App/index.jsx","statementMap":{"0":{"start":{"line":11,"column":22},"end":{"line":11,"column":32}},"1":{"start":{"line":13,"column":4},"end":{"line":24,"column":6}}},"fnMap":{"0":{"name":"(anonymous_0)","decl":{"start":{"line":10,"column":2},"end":{"line":10,"column":3}},"loc":{"start":{"line":10,"column":11},"end":{"line":25,"column":3}},"line":10}},"branchMap":{},"s":{"0":4,"1":4},"f":{"0":4},"b":{},"_coverageSchema":"332fd63041d2c1bcb487cc26dd0d5f7d97098a6c","hash":"aff16787dcf4dd3aceb30e5994b3623e1a5fe275"}
,"/Users/yhtml5/projects/gitlab/2dfire-scripts/packages/2dfire-test/demo/src/Container/Todo/TodoApp.jsx": {"path":"/Users/yhtml5/projects/gitlab/2dfire-scripts/packages/2dfire-test/demo/src/Container/Todo/TodoApp.jsx","statementMap":{"0":{"start":{"line":1,"column":13},"end":{"line":1,"column":75}},"1":{"start":{"line":1,"column":94},"end":{"line":1,"column":197}},"2":{"start":{"line":1,"column":211},"end":{"line":1,"column":227}},"3":{"start":{"line":1,"column":242},"end":{"line":1,"column":272}},"4":{"start":{"line":1,"column":311},"end":{"line":1,"column":365}},"5":{"start":{"line":5,"column":4},"end":{"line":5,"column":17}},"6":{"start":{"line":6,"column":4},"end":{"line":6,"column":41}},"7":{"start":{"line":7,"column":4},"end":{"line":7,"column":53}},"8":{"start":{"line":8,"column":4},"end":{"line":8,"column":53}},"9":{"start":{"line":12,"column":4},"end":{"line":22,"column":44}},"10":{"start":{"line":30,"column":4},"end":{"line":30,"column":44}},"11":{"start":{"line":34,"column":4},"end":{"line":34,"column":23}},"12":{"start":{"line":35,"column":4},"end":{"line":37,"column":5}},"13":{"start":{"line":36,"column":6},"end":{"line":36,"column":13}},"14":{"start":{"line":38,"column":20},"end":{"line":40,"column":22}},"15":{"start":{"line":42,"column":4},"end":{"line":44,"column":19}},"16":{"start":{"line":42,"column":32},"end":{"line":44,"column":16}},"17":{"start":{"line":51,"column":4},"end":{"line":54,"column":144}},"18":{"start":{"line":54,"column":8},"end":{"line":54,"column":140}},"19":{"start":{"line":58,"column":4},"end":{"line":61,"column":8}}},"fnMap":{"0":{"name":"_interopRequireDefault","decl":{"start":{"line":1,"column":282},"end":{"line":1,"column":304}},"loc":{"start":{"line":1,"column":310},"end":{"line":1,"column":366}},"line":1},"1":{"name":"(anonymous_1)","decl":{"start":{"line":4,"column":2},"end":{"line":4,"column":3}},"loc":{"start":{"line":4,"column":21},"end":{"line":9,"column":3}},"line":4},"2":{"name":"(anonymous_2)","decl":{"start":{"line":11,"column":2},"end":{"line":11,"column":3}},"loc":{"start":{"line":11,"column":11},"end":{"line":27,"column":3}},"line":11},"3":{"name":"(anonymous_3)","decl":{"start":{"line":29,"column":2},"end":{"line":29,"column":3}},"loc":{"start":{"line":29,"column":18},"end":{"line":31,"column":3}},"line":29},"4":{"name":"(anonymous_4)","decl":{"start":{"line":33,"column":2},"end":{"line":33,"column":3}},"loc":{"start":{"line":33,"column":18},"end":{"line":46,"column":3}},"line":33},"5":{"name":"(anonymous_5)","decl":{"start":{"line":42,"column":18},"end":{"line":42,"column":19}},"loc":{"start":{"line":42,"column":32},"end":{"line":44,"column":16}},"line":42},"6":{"name":"(anonymous_6)","decl":{"start":{"line":50,"column":2},"end":{"line":50,"column":3}},"loc":{"start":{"line":50,"column":11},"end":{"line":58,"column":3}},"line":50},"7":{"name":"(anonymous_7)","decl":{"start":{"line":53,"column":29},"end":{"line":53,"column":30}},"loc":{"start":{"line":54,"column":8},"end":{"line":54,"column":140}},"line":54}},"branchMap":{"0":{"loc":{"start":{"line":1,"column":318},"end":{"line":1,"column":364}},"type":"cond-expr","locations":[{"start":{"line":1,"column":342},"end":{"line":1,"column":345}},{"start":{"line":1,"column":348},"end":{"line":1,"column":364}}],"line":1},"1":{"loc":{"start":{"line":1,"column":318},"end":{"line":1,"column":339}},"type":"binary-expr","locations":[{"start":{"line":1,"column":318},"end":{"line":1,"column":321}},{"start":{"line":1,"column":325},"end":{"line":1,"column":339}}],"line":1},"2":{"loc":{"start":{"line":35,"column":4},"end":{"line":37,"column":5}},"type":"if","locations":[{"start":{"line":35,"column":4},"end":{"line":37,"column":5}},{"start":{"line":35,"column":4},"end":{"line":37,"column":5}}],"line":35}},"s":{"0":0,"1":0,"2":0,"3":0,"4":0,"5":0,"6":0,"7":0,"8":0,"9":0,"10":0,"11":0,"12":0,"13":0,"14":0,"15":0,"16":0,"17":0,"18":0,"19":0},"f":{"0":0,"1":0,"2":0,"3":0,"4":0,"5":0,"6":0,"7":0},"b":{"0":[0,0],"1":[0,0],"2":[0,0]}}
,"/Users/yhtml5/projects/gitlab/2dfire-scripts/packages/2dfire-test/demo/src/Container/Todo/index.jsx": {"path":"/Users/yhtml5/projects/gitlab/2dfire-scripts/packages/2dfire-test/demo/src/Container/Todo/index.jsx","statementMap":{"0":{"start":{"line":1,"column":13},"end":{"line":1,"column":75}},"1":{"start":{"line":1,"column":94},"end":{"line":1,"column":195}},"2":{"start":{"line":1,"column":209},"end":{"line":1,"column":225}},"3":{"start":{"line":1,"column":240},"end":{"line":1,"column":270}},"4":{"start":{"line":2,"column":13},"end":{"line":2,"column":36}},"5":{"start":{"line":2,"column":51},"end":{"line":2,"column":81}},"6":{"start":{"line":3,"column":15},"end":{"line":3,"column":35}},"7":{"start":{"line":3,"column":52},"end":{"line":3,"column":84}},"8":{"start":{"line":3,"column":123},"end":{"line":3,"column":177}},"9":{"start":{"line":7,"column":19},"end":{"line":8,"column":31}},"10":{"start":{"line":12,"column":2},"end":{"line":14,"column":129}},"11":{"start":{"line":17,"column":1},"end":{"line":19,"column":11}}},"fnMap":{"0":{"name":"_interopRequireDefault","decl":{"start":{"line":3,"column":94},"end":{"line":3,"column":116}},"loc":{"start":{"line":3,"column":122},"end":{"line":3,"column":178}},"line":3},"1":{"name":"TodoModule","decl":{"start":{"line":5,"column":9},"end":{"line":5,"column":19}},"loc":{"start":{"line":5,"column":22},"end":{"line":17,"column":1}},"line":5}},"branchMap":{"0":{"loc":{"start":{"line":3,"column":130},"end":{"line":3,"column":176}},"type":"cond-expr","locations":[{"start":{"line":3,"column":154},"end":{"line":3,"column":157}},{"start":{"line":3,"column":160},"end":{"line":3,"column":176}}],"line":3},"1":{"loc":{"start":{"line":3,"column":130},"end":{"line":3,"column":151}},"type":"binary-expr","locations":[{"start":{"line":3,"column":130},"end":{"line":3,"column":133}},{"start":{"line":3,"column":137},"end":{"line":3,"column":151}}],"line":3}},"s":{"0":0,"1":0,"2":0,"3":0,"4":0,"5":0,"6":0,"7":0,"8":0,"9":0,"10":0,"11":0},"f":{"0":0,"1":0},"b":{"0":[0,0],"1":[0,0]}}
,"/Users/yhtml5/projects/gitlab/2dfire-scripts/packages/2dfire-test/demo/src/utils/circular.js": {"path":"/Users/yhtml5/projects/gitlab/2dfire-scripts/packages/2dfire-test/demo/src/utils/circular.js","statementMap":{"0":{"start":{"line":2,"column":12},"end":{"line":2,"column":14}},"1":{"start":{"line":3,"column":12},"end":{"line":3,"column":14}},"2":{"start":{"line":5,"column":2},"end":{"line":5,"column":9}},"3":{"start":{"line":6,"column":2},"end":{"line":6,"column":9}}},"fnMap":{"0":{"name":"circular","decl":{"start":{"line":1,"column":9},"end":{"line":1,"column":17}},"loc":{"start":{"line":1,"column":20},"end":{"line":7,"column":1}},"line":1}},"branchMap":{},"s":{"0":0,"1":0,"2":0,"3":0},"f":{"0":0},"b":{},"_coverageSchema":"332fd63041d2c1bcb487cc26dd0d5f7d97098a6c","hash":"063744c5076d92dcea6d58d513531c464d51965f"}
,"/Users/yhtml5/projects/gitlab/2dfire-scripts/packages/2dfire-test/demo/src/utils/formatNumber.js": {"path":"/Users/yhtml5/projects/gitlab/2dfire-scripts/packages/2dfire-test/demo/src/utils/formatNumber.js","statementMap":{"0":{"start":{"line":15,"column":100},"end":{"line":15,"column":112}},"1":{"start":{"line":16,"column":2},"end":{"line":19,"column":3}},"2":{"start":{"line":17,"column":6},"end":{"line":17,"column":86}},"3":{"start":{"line":18,"column":6},"end":{"line":18,"column":12}},"4":{"start":{"line":20,"column":2},"end":{"line":23,"column":3}},"5":{"start":{"line":21,"column":6},"end":{"line":21,"column":125}},"6":{"start":{"line":22,"column":6},"end":{"line":22,"column":12}},"7":{"start":{"line":24,"column":2},"end":{"line":32,"column":3}},"8":{"start":{"line":25,"column":6},"end":{"line":29,"column":7}},"9":{"start":{"line":26,"column":10},"end":{"line":26,"column":30}},"10":{"start":{"line":28,"column":10},"end":{"line":28,"column":68}},"11":{"start":{"line":30,"column":9},"end":{"line":32,"column":3}},"12":{"start":{"line":31,"column":6},"end":{"line":31,"column":102}},"13":{"start":{"line":34,"column":2},"end":{"line":65,"column":3}},"14":{"start":{"line":35,"column":6},"end":{"line":37,"column":7}},"15":{"start":{"line":36,"column":10},"end":{"line":36,"column":42}},"16":{"start":{"line":40,"column":6},"end":{"line":40,"column":56}},"17":{"start":{"line":42,"column":14},"end":{"line":42,"column":46}},"18":{"start":{"line":43,"column":17},"end":{"line":43,"column":62}},"19":{"start":{"line":44,"column":14},"end":{"line":44,"column":16}},"20":{"start":{"line":45,"column":23},"end":{"line":49,"column":11}},"21":{"start":{"line":46,"column":24},"end":{"line":46,"column":42}},"22":{"start":{"line":47,"column":14},"end":{"line":47,"column":28}},"23":{"start":{"line":48,"column":14},"end":{"line":48,"column":114}},"24":{"start":{"line":50,"column":6},"end":{"line":50,"column":71}},"25":{"start":{"line":52,"column":6},"end":{"line":57,"column":7}},"26":{"start":{"line":53,"column":21},"end":{"line":53,"column":37}},"27":{"start":{"line":54,"column":10},"end":{"line":56,"column":11}},"28":{"start":{"line":55,"column":14},"end":{"line":55,"column":66}},"29":{"start":{"line":59,"column":6},"end":{"line":62,"column":7}},"30":{"start":{"line":60,"column":10},"end":{"line":60,"column":28}},"31":{"start":{"line":61,"column":10},"end":{"line":61,"column":62}},"32":{"start":{"line":64,"column":6},"end":{"line":64,"column":30}}},"fnMap":{"0":{"name":"formatNumber","decl":{"start":{"line":14,"column":9},"end":{"line":14,"column":21}},"loc":{"start":{"line":14,"column":30},"end":{"line":66,"column":1}},"line":14},"1":{"name":"(anonymous_1)","decl":{"start":{"line":34,"column":9},"end":{"line":34,"column":10}},"loc":{"start":{"line":34,"column":21},"end":{"line":65,"column":3}},"line":34},"2":{"name":"(anonymous_2)","decl":{"start":{"line":45,"column":23},"end":{"line":45,"column":24}},"loc":{"start":{"line":45,"column":42},"end":{"line":49,"column":11}},"line":45}},"branchMap":{"0":{"loc":{"start":{"line":15,"column":10},"end":{"line":15,"column":22}},"type":"default-arg","locations":[{"start":{"line":15,"column":21},"end":{"line":15,"column":22}}],"line":15},"1":{"loc":{"start":{"line":15,"column":30},"end":{"line":15,"column":44}},"type":"default-arg","locations":[{"start":{"line":15,"column":41},"end":{"line":15,"column":44}}],"line":15},"2":{"loc":{"start":{"line":15,"column":60},"end":{"line":15,"column":78}},"type":"default-arg","locations":[{"start":{"line":15,"column":71},"end":{"line":15,"column":78}}],"line":15},"3":{"loc":{"start":{"line":15,"column":100},"end":{"line":15,"column":112}},"type":"binary-expr","locations":[{"start":{"line":15,"column":100},"end":{"line":15,"column":106}},{"start":{"line":15,"column":110},"end":{"line":15,"column":112}}],"line":15},"4":{"loc":{"start":{"line":16,"column":2},"end":{"line":19,"column":3}},"type":"if","locations":[{"start":{"line":16,"column":2},"end":{"line":19,"column":3}},{"start":{"line":16,"column":2},"end":{"line":19,"column":3}}],"line":16},"5":{"loc":{"start":{"line":20,"column":2},"end":{"line":23,"column":3}},"type":"if","locations":[{"start":{"line":20,"column":2},"end":{"line":23,"column":3}},{"start":{"line":20,"column":2},"end":{"line":23,"column":3}}],"line":20},"6":{"loc":{"start":{"line":20,"column":8},"end":{"line":20,"column":75}},"type":"binary-expr","locations":[{"start":{"line":20,"column":8},"end":{"line":20,"column":27}},{"start":{"line":20,"column":31},"end":{"line":20,"column":51}},{"start":{"line":20,"column":55},"end":{"line":20,"column":75}}],"line":20},"7":{"loc":{"start":{"line":24,"column":2},"end":{"line":32,"column":3}},"type":"if","locations":[{"start":{"line":24,"column":2},"end":{"line":32,"column":3}},{"start":{"line":24,"column":2},"end":{"line":32,"column":3}}],"line":24},"8":{"loc":{"start":{"line":30,"column":9},"end":{"line":32,"column":3}},"type":"if","locations":[{"start":{"line":30,"column":9},"end":{"line":32,"column":3}},{"start":{"line":30,"column":9},"end":{"line":32,"column":3}}],"line":30},"9":{"loc":{"start":{"line":35,"column":6},"end":{"line":37,"column":7}},"type":"if","locations":[{"start":{"line":35,"column":6},"end":{"line":37,"column":7}},{"start":{"line":35,"column":6},"end":{"line":37,"column":7}}],"line":35},"10":{"loc":{"start":{"line":42,"column":14},"end":{"line":42,"column":46}},"type":"cond-expr","locations":[{"start":{"line":42,"column":35},"end":{"line":42,"column":36}},{"start":{"line":42,"column":39},"end":{"line":42,"column":46}}],"line":42},"11":{"loc":{"start":{"line":43,"column":17},"end":{"line":43,"column":62}},"type":"cond-expr","locations":[{"start":{"line":43,"column":40},"end":{"line":43,"column":41}},{"start":{"line":43,"column":44},"end":{"line":43,"column":62}}],"line":43},"12":{"loc":{"start":{"line":50,"column":11},"end":{"line":50,"column":58}},"type":"cond-expr","locations":[{"start":{"line":50,"column":18},"end":{"line":50,"column":37}},{"start":{"line":50,"column":40},"end":{"line":50,"column":58}}],"line":50},"13":{"loc":{"start":{"line":52,"column":6},"end":{"line":57,"column":7}},"type":"if","locations":[{"start":{"line":52,"column":6},"end":{"line":57,"column":7}},{"start":{"line":52,"column":6},"end":{"line":57,"column":7}}],"line":52},"14":{"loc":{"start":{"line":59,"column":6},"end":{"line":62,"column":7}},"type":"if","locations":[{"start":{"line":59,"column":6},"end":{"line":62,"column":7}},{"start":{"line":59,"column":6},"end":{"line":62,"column":7}}],"line":59},"15":{"loc":{"start":{"line":59,"column":11},"end":{"line":59,"column":21}},"type":"binary-expr","locations":[{"start":{"line":59,"column":11},"end":{"line":59,"column":15}},{"start":{"line":59,"column":19},"end":{"line":59,"column":21}}],"line":59},"16":{"loc":{"start":{"line":60,"column":17},"end":{"line":60,"column":27}},"type":"binary-expr","locations":[{"start":{"line":60,"column":17},"end":{"line":60,"column":21}},{"start":{"line":60,"column":25},"end":{"line":60,"column":27}}],"line":60}},"s":{"0":6,"1":6,"2":1,"3":0,"4":5,"5":0,"6":0,"7":5,"8":1,"9":1,"10":0,"11":4,"12":1,"13":4,"14":4,"15":1,"16":4,"17":4,"18":4,"19":4,"20":4,"21":3,"22":3,"23":3,"24":4,"25":4,"26":1,"27":1,"28":1,"29":4,"30":0,"31":0,"32":4},"f":{"0":6,"1":4,"2":3},"b":{"0":[2],"1":[3],"2":[3],"3":[6,1],"4":[1,5],"5":[0,5],"6":[5,3,3],"7":[1,4],"8":[1,3],"9":[1,3],"10":[0,4],"11":[0,4],"12":[3,1],"13":[1,3],"14":[0,4],"15":[4,1],"16":[0,0]},"_coverageSchema":"332fd63041d2c1bcb487cc26dd0d5f7d97098a6c","hash":"666e1d4762aedadfbd4d3920beaeda941bae74b3"}
,"/Users/yhtml5/projects/gitlab/2dfire-scripts/packages/2dfire-test/demo/src/utils/index.js": {"path":"/Users/yhtml5/projects/gitlab/2dfire-scripts/packages/2dfire-test/demo/src/utils/index.js","statementMap":{},"fnMap":{},"branchMap":{},"s":{},"f":{},"b":{},"_coverageSchema":"332fd63041d2c1bcb487cc26dd0d5f7d97098a6c","hash":"29255658e0fa096e4d34d72fdddf2346d6f740d2"}
,"/Users/yhtml5/projects/gitlab/2dfire-scripts/packages/2dfire-test/demo/src/utils/validator.js": {"path":"/Users/yhtml5/projects/gitlab/2dfire-scripts/packages/2dfire-test/demo/src/utils/validator.js","statementMap":{"0":{"start":{"line":1,"column":24},"end":{"line":1,"column":75}},"1":{"start":{"line":1,"column":35},"end":{"line":1,"column":75}}},"fnMap":{"0":{"name":"(anonymous_0)","decl":{"start":{"line":1,"column":24},"end":{"line":1,"column":25}},"loc":{"start":{"line":1,"column":35},"end":{"line":1,"column":75}},"line":1}},"branchMap":{"0":{"loc":{"start":{"line":1,"column":35},"end":{"line":1,"column":75}},"type":"binary-expr","locations":[{"start":{"line":1,"column":35},"end":{"line":1,"column":55}},{"start":{"line":1,"column":59},"end":{"line":1,"column":75}}],"line":1}},"s":{"0":1,"1":9},"f":{"0":9},"b":{"0":[9,3]},"_coverageSchema":"332fd63041d2c1bcb487cc26dd0d5f7d97098a6c","hash":"b7473b2769ac5aab4003cfa34dfc0532633f5574"}
}
