{"/Users/yhtml5/projects/gits/YHTML5-CLI/packages/yhtml5-test/demo/src/index.js": {"path":"/Users/yhtml5/projects/gits/YHTML5-CLI/packages/yhtml5-test/demo/src/index.js","statementMap":{"0":{"start":{"line":1,"column":32},"end":{"line":1,"column":111}},"1":{"start":{"line":1,"column":125},"end":{"line":1,"column":141}},"2":{"start":{"line":1,"column":156},"end":{"line":1,"column":186}},"3":{"start":{"line":2,"column":16},"end":{"line":2,"column":36}},"4":{"start":{"line":2,"column":54},"end":{"line":2,"column":87}},"5":{"start":{"line":3,"column":0},"end":{"line":3,"column":23}},"6":{"start":{"line":4,"column":11},"end":{"line":4,"column":38}},"7":{"start":{"line":4,"column":51},"end":{"line":4,"column":79}},"8":{"start":{"line":4,"column":118},"end":{"line":4,"column":172}},"9":{"start":{"line":6,"column":0},"end":{"line":6,"column":181}}},"fnMap":{"0":{"name":"_interopRequireDefault","decl":{"start":{"line":4,"column":89},"end":{"line":4,"column":111}},"loc":{"start":{"line":4,"column":117},"end":{"line":4,"column":173}},"line":4}},"branchMap":{"0":{"loc":{"start":{"line":4,"column":125},"end":{"line":4,"column":171}},"type":"cond-expr","locations":[{"start":{"line":4,"column":149},"end":{"line":4,"column":152}},{"start":{"line":4,"column":155},"end":{"line":4,"column":171}}],"line":4},"1":{"loc":{"start":{"line":4,"column":125},"end":{"line":4,"column":146}},"type":"binary-expr","locations":[{"start":{"line":4,"column":125},"end":{"line":4,"column":128}},{"start":{"line":4,"column":132},"end":{"line":4,"column":146}}],"line":4}},"s":{"0":0,"1":0,"2":0,"3":0,"4":0,"5":0,"6":0,"7":0,"8":0,"9":0},"f":{"0":0},"b":{"0":[0,0],"1":[0,0]}}
,"/Users/yhtml5/projects/gits/YHTML5-CLI/packages/yhtml5-test/demo/src/setupTests.js": {"path":"/Users/yhtml5/projects/gits/YHTML5-CLI/packages/yhtml5-test/demo/src/setupTests.js","statementMap":{"0":{"start":{"line":1,"column":38},"end":{"line":4,"column":20}},"1":{"start":{"line":6,"column":0},"end":{"line":6,"column":39}}},"fnMap":{},"branchMap":{},"s":{"0":0,"1":0},"f":{},"b":{}}
,"/Users/yhtml5/projects/gits/YHTML5-CLI/packages/yhtml5-test/demo/src/Components/App.js": {"path":"/Users/yhtml5/projects/gits/YHTML5-CLI/packages/yhtml5-test/demo/src/Components/App.js","statementMap":{"0":{"start":{"line":1,"column":13},"end":{"line":1,"column":75}},"1":{"start":{"line":1,"column":94},"end":{"line":1,"column":182}},"2":{"start":{"line":1,"column":196},"end":{"line":1,"column":212}},"3":{"start":{"line":1,"column":227},"end":{"line":1,"column":257}},"4":{"start":{"line":2,"column":12},"end":{"line":2,"column":33}},"5":{"start":{"line":2,"column":47},"end":{"line":2,"column":76}},"6":{"start":{"line":3,"column":0},"end":{"line":3,"column":21}},"7":{"start":{"line":3,"column":59},"end":{"line":3,"column":113}},"8":{"start":{"line":7,"column":4},"end":{"line":14,"column":161}},"9":{"start":{"line":18,"column":4},"end":{"line":21,"column":4}}},"fnMap":{"0":{"name":"_interopRequireDefault","decl":{"start":{"line":3,"column":30},"end":{"line":3,"column":52}},"loc":{"start":{"line":3,"column":58},"end":{"line":3,"column":114}},"line":3},"1":{"name":"(anonymous_1)","decl":{"start":{"line":6,"column":2},"end":{"line":6,"column":3}},"loc":{"start":{"line":6,"column":11},"end":{"line":18,"column":3}},"line":6}},"branchMap":{"0":{"loc":{"start":{"line":3,"column":66},"end":{"line":3,"column":112}},"type":"cond-expr","locations":[{"start":{"line":3,"column":90},"end":{"line":3,"column":93}},{"start":{"line":3,"column":96},"end":{"line":3,"column":112}}],"line":3},"1":{"loc":{"start":{"line":3,"column":66},"end":{"line":3,"column":87}},"type":"binary-expr","locations":[{"start":{"line":3,"column":66},"end":{"line":3,"column":69}},{"start":{"line":3,"column":73},"end":{"line":3,"column":87}}],"line":3}},"s":{"0":0,"1":0,"2":0,"3":0,"4":0,"5":0,"6":0,"7":0,"8":0,"9":0},"f":{"0":0,"1":0},"b":{"0":[0,0],"1":[0,0]}}
}
