TN:
SF:/Users/yhtml5/projects/gitlab/2dfire-scripts/packages/2dfire-test/demo/src/index.js
FN:4,_interopRequireDefault
FNF:1
FNH:0
FNDA:0,_interopRequireDefault
DA:1,0
DA:2,0
DA:3,0
DA:4,0
DA:6,0
LF:5
LH:0
BRDA:4,0,0,0
BRDA:4,0,1,0
BRDA:4,1,0,0
BRDA:4,1,1,0
BRF:4
BRH:0
end_of_record
TN:
SF:/Users/yhtml5/projects/gitlab/2dfire-scripts/packages/2dfire-test/demo/src/setupTests.js
FNF:0
FNH:0
LF:0
LH:0
BRF:0
BRH:0
end_of_record
TN:
SF:/Users/yhtml5/projects/gitlab/2dfire-scripts/packages/2dfire-test/demo/src/Container/App/index.jsx
FN:10,(anonymous_0)
FNF:1
FNH:1
FNDA:4,(anonymous_0)
DA:11,4
DA:13,4
LF:2
LH:2
BRF:0
BRH:0
end_of_record
TN:
SF:/Users/yhtml5/projects/gitlab/2dfire-scripts/packages/2dfire-test/demo/src/Container/Todo/TodoApp.jsx
FN:1,_interopRequireDefault
FN:4,(anonymous_1)
FN:11,(anonymous_2)
FN:29,(anonymous_3)
FN:33,(anonymous_4)
FN:42,(anonymous_5)
FN:50,(anonymous_6)
FN:53,(anonymous_7)
FNF:8
FNH:0
FNDA:0,_interopRequireDefault
FNDA:0,(anonymous_1)
FNDA:0,(anonymous_2)
FNDA:0,(anonymous_3)
FNDA:0,(anonymous_4)
FNDA:0,(anonymous_5)
FNDA:0,(anonymous_6)
FNDA:0,(anonymous_7)
DA:1,0
DA:5,0
DA:6,0
DA:7,0
DA:8,0
DA:12,0
DA:30,0
DA:34,0
DA:35,0
DA:36,0
DA:38,0
DA:42,0
DA:51,0
DA:54,0
DA:58,0
LF:15
LH:0
BRDA:1,0,0,0
BRDA:1,0,1,0
BRDA:1,1,0,0
BRDA:1,1,1,0
BRDA:35,2,0,0
BRDA:35,2,1,0
BRF:6
BRH:0
end_of_record
TN:
SF:/Users/yhtml5/projects/gitlab/2dfire-scripts/packages/2dfire-test/demo/src/Container/Todo/index.jsx
FN:3,_interopRequireDefault
FN:5,TodoModule
FNF:2
FNH:0
FNDA:0,_interopRequireDefault
FNDA:0,TodoModule
DA:1,0
DA:2,0
DA:3,0
DA:7,0
DA:12,0
DA:17,0
LF:6
LH:0
BRDA:3,0,0,0
BRDA:3,0,1,0
BRDA:3,1,0,0
BRDA:3,1,1,0
BRF:4
BRH:0
end_of_record
TN:
SF:/Users/yhtml5/projects/gitlab/2dfire-scripts/packages/2dfire-test/demo/src/utils/circular.js
FN:1,circular
FNF:1
FNH:0
FNDA:0,circular
DA:2,0
DA:3,0
DA:5,0
DA:6,0
LF:4
LH:0
BRF:0
BRH:0
end_of_record
TN:
SF:/Users/yhtml5/projects/gitlab/2dfire-scripts/packages/2dfire-test/demo/src/utils/formatNumber.js
FN:14,formatNumber
FN:34,(anonymous_1)
FN:45,(anonymous_2)
FNF:3
FNH:3
FNDA:6,formatNumber
FNDA:4,(anonymous_1)
FNDA:3,(anonymous_2)
DA:15,6
DA:16,6
DA:17,1
DA:18,0
DA:20,5
DA:21,0
DA:22,0
DA:24,5
DA:25,1
DA:26,1
DA:28,0
DA:30,4
DA:31,1
DA:34,4
DA:35,4
DA:36,1
DA:40,4
DA:42,4
DA:43,4
DA:44,4
DA:45,4
DA:46,3
DA:47,3
DA:48,3
DA:50,4
DA:52,4
DA:53,1
DA:54,1
DA:55,1
DA:59,4
DA:60,0
DA:61,0
DA:64,4
LF:33
LH:27
BRDA:15,0,0,2
BRDA:15,1,0,3
BRDA:15,2,0,3
BRDA:15,3,0,6
BRDA:15,3,1,1
BRDA:16,4,0,1
BRDA:16,4,1,5
BRDA:20,5,0,0
BRDA:20,5,1,5
BRDA:20,6,0,5
BRDA:20,6,1,3
BRDA:20,6,2,3
BRDA:24,7,0,1
BRDA:24,7,1,4
BRDA:30,8,0,1
BRDA:30,8,1,3
BRDA:35,9,0,1
BRDA:35,9,1,3
BRDA:42,10,0,0
BRDA:42,10,1,4
BRDA:43,11,0,0
BRDA:43,11,1,4
BRDA:50,12,0,3
BRDA:50,12,1,1
BRDA:52,13,0,1
BRDA:52,13,1,3
BRDA:59,14,0,0
BRDA:59,14,1,4
BRDA:59,15,0,4
BRDA:59,15,1,1
BRDA:60,16,0,0
BRDA:60,16,1,0
BRF:32
BRH:26
end_of_record
TN:
SF:/Users/yhtml5/projects/gitlab/2dfire-scripts/packages/2dfire-test/demo/src/utils/index.js
FNF:0
FNH:0
LF:0
LH:0
BRF:0
BRH:0
end_of_record
TN:
SF:/Users/yhtml5/projects/gitlab/2dfire-scripts/packages/2dfire-test/demo/src/utils/validator.js
FN:1,(anonymous_0)
FNF:1
FNH:1
FNDA:9,(anonymous_0)
DA:1,9
LF:1
LH:1
BRDA:1,0,0,9
BRDA:1,0,1,3
BRF:2
BRH:2
end_of_record
